Creating the RouteManager...
Route manager created.
OK. Solving...
done!
CPXPARAM_TimeLimit                               1000
CPXPARAM_Read_APIEncoding                        "UTF8"
Tried aggregator 1 time.
MIP Presolve eliminated 871 rows and 11 columns.
MIP Presolve modified 706 coefficients.
Reduced MIP has 1360 rows, 9883 columns, and 31647 nonzeros.
Reduced MIP has 903 binaries, 0 generals, 0 SOSs, and 0 indicators.
Presolve time = 0.02 sec. (15.98 ticks)
Found incumbent of value 15271.741005 after 0.05 sec. (29.66 ticks)
Tried aggregator 1 time.
Reduced MIP has 1360 rows, 9883 columns, and 31647 nonzeros.
Reduced MIP has 903 binaries, 0 generals, 0 SOSs, and 0 indicators.
Presolve time = 0.03 sec. (15.77 ticks)
Probing time = 0.12 sec. (6.75 ticks)
Clique table members: 330.
MIP emphasis: balance optimality and feasibility.
MIP search method: dynamic search.
Parallel mode: deterministic, using up to 4 threads.
Root relaxation solution time = 0.10 sec. (81.24 ticks)

        Nodes                                         Cuts/
   Node  Left     Objective  IInf  Best Integer    Best Bound    ItCnt     Gap

*     0+    0                        15271.7410        0.0000           100.00%
*     0+    0                         2056.9052        0.0000           100.00%
      0     0      981.4328    23     2056.9052      981.4328     2362   52.29%
*     0+    0                         1602.6711      981.4328            38.76%
      0     0     1252.9201    10     1602.6711     Cuts: 128     3482   21.82%
      0     0     1274.9738     9     1602.6711      Cuts: 51     3795   20.45%
      0     0     1275.4879    10     1602.6711      Cuts: 44     4026   20.41%
      0     0     1278.6516    11     1602.6711      Cuts: 58     4257   20.22%
      0     0     1290.0072    10     1602.6711      Cuts: 57     4664   19.51%
      0     0     1300.7544    15     1602.6711      Cuts: 56     4787   18.84%
      0     0     1300.7544    15     1602.6711      Cuts: 70     4934   18.84%
      0     0     1300.8462    14     1602.6711      Cuts: 66     5046   18.83%
      0     2     1300.8462    14     1602.6711     1300.8462     5046   18.83%
Elapsed time = 2.97 sec. (1627.47 ticks, tree = 0.01 MB, solutions = 3)
     46    13     1435.8314     3     1602.6711     1314.2823     8573   17.99%
    150    53        cutoff           1602.6711     1314.2823    14519   17.99%
    270    42        cutoff           1602.6711     1365.8511    21047   14.78%

GUB cover cuts applied:  1
Cover cuts applied:  1
Implied bound cuts applied:  110
Flow cuts applied:  5
Mixed integer rounding cuts applied:  20
Zero-half cuts applied:  4
Gomory fractional cuts applied:  2

Root node processing (before b&c):
  Real time             =    2.94 sec. (1604.05 ticks)
Parallel b&c, 4 threads:
  Real time             =    1.13 sec. (815.68 ticks)
  Sync time (average)   =    0.22 sec.
  Wait time (average)   =    0.00 sec.
                          ------------
Total (root+branch&cut) =    4.07 sec. (2419.73 ticks)

===========  RESULTS  ===========

Status of this.LIRPSolver :   Optimal
Objective function :   1602.6710853044967
Time to solve the instance: 4077 milliseconds
================================

