Creating the RouteManager...
Computing all SD routes
All SD routes are computed.
Computing all SD routes
All SD routes are computed.
Computing all DC routes starting from depot 0(first stop at client 0)
All DC routes from 0 are computed.
Computing all DC routes starting from depot 0(first stop at client 1)
All DC routes from 0 are computed.
Computing all DC routes starting from depot 0(first stop at client 2)
All DC routes from 0 are computed.
Computing all DC routes starting from depot 0(first stop at client 3)
All DC routes from 0 are computed.
Computing all DC routes starting from depot 0(first stop at client 4)
All DC routes from 0 are computed.
Computing all DC routes starting from depot 0(first stop at client 5)
All DC routes from 0 are computed.
Computing all DC routes starting from depot 0(first stop at client 6)
All DC routes from 0 are computed.
Computing all DC routes starting from depot 0(first stop at client 7)
All DC routes from 0 are computed.
Computing all DC routes starting from depot 0(first stop at client 8)
All DC routes from 0 are computed.
Computing all DC routes starting from depot 0(first stop at client 9)
All DC routes from 0 are computed.
Computing all DC routes starting from depot 0(first stop at client 10)
All DC routes from 0 are computed.
Computing all DC routes starting from depot 0(first stop at client 11)
All DC routes from 0 are computed.
Computing all DC routes starting from depot 0(first stop at client 12)
All DC routes from 0 are computed.
Computing all DC routes starting from depot 0(first stop at client 13)
All DC routes from 0 are computed.
Computing all DC routes starting from depot 0(first stop at client 14)
All DC routes from 0 are computed.
Computing all DC routes starting from depot 0(first stop at client 15)
All DC routes from 0 are computed.
Computing all DC routes starting from depot 0(first stop at client 16)
All DC routes from 0 are computed.
Computing all DC routes starting from depot 0(first stop at client 17)
All DC routes from 0 are computed.
Computing all DC routes starting from depot 0(first stop at client 18)
All DC routes from 0 are computed.
Computing all DC routes starting from depot 1(first stop at client 0)
All DC routes from 1 are computed.
Computing all DC routes starting from depot 1(first stop at client 1)
All DC routes from 1 are computed.
Computing all DC routes starting from depot 1(first stop at client 2)
All DC routes from 1 are computed.
Computing all DC routes starting from depot 1(first stop at client 3)
All DC routes from 1 are computed.
Computing all DC routes starting from depot 1(first stop at client 4)
All DC routes from 1 are computed.
Computing all DC routes starting from depot 1(first stop at client 5)
All DC routes from 1 are computed.
Computing all DC routes starting from depot 1(first stop at client 6)
All DC routes from 1 are computed.
Computing all DC routes starting from depot 1(first stop at client 7)
All DC routes from 1 are computed.
Computing all DC routes starting from depot 1(first stop at client 8)
All DC routes from 1 are computed.
Computing all DC routes starting from depot 1(first stop at client 9)
All DC routes from 1 are computed.
Computing all DC routes starting from depot 1(first stop at client 10)
All DC routes from 1 are computed.
Computing all DC routes starting from depot 1(first stop at client 11)
All DC routes from 1 are computed.
Computing all DC routes starting from depot 1(first stop at client 12)
All DC routes from 1 are computed.
Computing all DC routes starting from depot 1(first stop at client 13)
All DC routes from 1 are computed.
Computing all DC routes starting from depot 1(first stop at client 14)
All DC routes from 1 are computed.
Computing all DC routes starting from depot 1(first stop at client 15)
All DC routes from 1 are computed.
Computing all DC routes starting from depot 1(first stop at client 16)
All DC routes from 1 are computed.
Computing all DC routes starting from depot 1(first stop at client 17)
All DC routes from 1 are computed.
Computing all DC routes starting from depot 1(first stop at client 18)
All DC routes from 1 are computed.
Computing all DC routes starting from depot 2(first stop at client 0)
All DC routes from 2 are computed.
Computing all DC routes starting from depot 2(first stop at client 1)
All DC routes from 2 are computed.
Computing all DC routes starting from depot 2(first stop at client 2)
All DC routes from 2 are computed.
Computing all DC routes starting from depot 2(first stop at client 3)
All DC routes from 2 are computed.
Computing all DC routes starting from depot 2(first stop at client 4)
All DC routes from 2 are computed.
Computing all DC routes starting from depot 2(first stop at client 5)
All DC routes from 2 are computed.
Computing all DC routes starting from depot 2(first stop at client 6)
All DC routes from 2 are computed.
Computing all DC routes starting from depot 2(first stop at client 7)
All DC routes from 2 are computed.
Computing all DC routes starting from depot 2(first stop at client 8)
All DC routes from 2 are computed.
Computing all DC routes starting from depot 2(first stop at client 9)
All DC routes from 2 are computed.
Computing all DC routes starting from depot 2(first stop at client 10)
All DC routes from 2 are computed.
Computing all DC routes starting from depot 2(first stop at client 11)
All DC routes from 2 are computed.
Computing all DC routes starting from depot 2(first stop at client 12)
All DC routes from 2 are computed.
Computing all DC routes starting from depot 2(first stop at client 13)
All DC routes from 2 are computed.
Computing all DC routes starting from depot 2(first stop at client 14)
All DC routes from 2 are computed.
Computing all DC routes starting from depot 2(first stop at client 15)
All DC routes from 2 are computed.
Computing all DC routes starting from depot 2(first stop at client 16)
All DC routes from 2 are computed.
Computing all DC routes starting from depot 2(first stop at client 17)
All DC routes from 2 are computed.
Computing all DC routes starting from depot 2(first stop at client 18)
All DC routes from 2 are computed.
Route manager created.
OK. Solving...
Exception in thread "main" java.lang.OutOfMemoryError: Java heap space
	at ilog.cplex.IndexManager.makeSpace(IndexManager.java:120)
	at ilog.cplex.IndexManager.addIndex(IndexManager.java:37)
	at ilog.cplex.CplexI.useVars(CplexI.java:1333)
	at ilog.cplex.CpxRange.init(CpxRange.java:1323)
	at ilog.cplex.CpxRange.<init>(CpxRange.java:1356)
	at ilog.cplex.IloCplexModeler.addRange(IloCplexModeler.java:4351)
	at ilog.cplex.IloCplexModeler.addLe(IloCplexModeler.java:4740)
	at solverLIRP.Solver.<init>(Solver.java:169)
	at userInterfaceLIRP.ResolutionMain.main(ResolutionMain.java:95)
