Creating the RouteManager...
Route manager created.
OK. Solving...
========================================
== Solving with 	1 subsets of routes ==
========================================
done!
CPXPARAM_TimeLimit                               1000
CPXPARAM_Read_APIEncoding                        "UTF8"
Tried aggregator 2 times.
MIP Presolve eliminated 20731 rows and 63 columns.
MIP Presolve modified 8372 coefficients.
Aggregator did 1 substitutions.
Reduced MIP has 20859 rows, 429240 columns, and 1320847 nonzeros.
Reduced MIP has 20441 binaries, 0 generals, 0 SOSs, and 0 indicators.
Presolve time = 1.20 sec. (1191.14 ticks)
Tried aggregator 1 time.
MIP Presolve eliminated 10 rows and 2 columns.
Reduced MIP has 20849 rows, 429238 columns, and 1320626 nonzeros.
Reduced MIP has 20439 binaries, 0 generals, 0 SOSs, and 0 indicators.
Presolve time = 0.87 sec. (576.46 ticks)
Probing time = 0.63 sec. (215.10 ticks)
Clique table members: 200.
MIP emphasis: balance optimality and feasibility.
MIP search method: dynamic search.
Parallel mode: deterministic, using up to 4 threads.
Root relaxation solution time = 10.46 sec. (5332.48 ticks)

        Nodes                                         Cuts/
   Node  Left     Objective  IInf  Best Integer    Best Bound    ItCnt     Gap

      0     0     1461.1002    12                   1461.1002       30         
*     0+    0                         3373.7108     1461.1002            56.69%
      0     0     1545.3545     6     3373.7108     Cuts: 167      358   54.19%
*     0+    0                         2189.6753     1545.3545            29.43%
      0     0     1639.3546     7     2189.6753      Cuts: 47      461   25.13%
      0     0     1721.4852    11     2189.6753      Cuts: 63      801   21.38%
*     0+    0                         1835.4079     1721.4852             6.21%
*     0+    0                         1751.7908     1721.4852             1.73%
      0     0     1725.5036    12     1751.7908      Cuts: 84      957    1.50%
      0     0     1727.1495    12     1751.7908     Cuts: 134     1325    1.41%
      0     0     1729.6913    13     1751.7908      Cuts: 65     1467    1.26%
      0     0     1732.4898    16     1751.7908     Cuts: 139     1719    1.10%
      0     0     1733.3293    15     1751.7908      Cuts: 74     1834    1.05%
      0     0     1733.6906    14     1751.7908      Cuts: 30     1875    1.03%
      0     0     1733.8979    13     1751.7908      Cuts: 26     1925    1.02%
      0     0     1734.0278    14     1751.7908      Cuts: 34     1967    1.01%
      0     0     1734.1001    13     1751.7908      Cuts: 23     2004    1.01%
*     0+    0                         1751.6105     1734.1001             1.00%
      0     2     1734.1001    13     1751.6105     1734.1001     2004    1.00%
Elapsed time = 84.94 sec. (56987.91 ticks, tree = 0.01 MB, solutions = 5)
      2     2        cutoff           1751.6105     1734.1237     2102    1.00%
      3     4     1737.7701    12     1751.6105     1734.1457     2204    1.00%
      5     4     1740.1324    14     1751.6105     1734.1457     2409    1.00%
      6     2        cutoff           1751.6105     1734.1457     2464    1.00%
      7     3     1739.1480     4     1751.6105     1734.1457     2147    1.00%
     10     2        cutoff           1751.6105     1739.1481     2782    0.71%
     11     3        cutoff           1751.6105     1739.1481     2820    0.71%
     12     4     1744.8399     6     1751.6105     1739.1481     2911    0.71%
     13     1        cutoff           1751.6105     1744.8594     3181    0.39%

Cover cuts applied:  2
Implied bound cuts applied:  63
Flow cuts applied:  69
Mixed integer rounding cuts applied:  98
Gomory fractional cuts applied:  2

Root node processing (before b&c):
  Real time             =   83.64 sec. (55926.60 ticks)
Parallel b&c, 4 threads:
  Real time             =   10.35 sec. (8383.42 ticks)
  Sync time (average)   =    4.67 sec.
  Wait time (average)   =    0.18 sec.
                          ------------
Total (root+branch&cut) =   93.99 sec. (64310.01 ticks)

===========  RESULTS  ===========

Status of this.LIRPSolver :   Optimal
Objective function :   1751.6104647416028
ERROR, Constraint 6, period 3
ERROR, Constraint 7, period 3
Time to solve the instance: 94878 milliseconds
================================

