Creating the RouteManager...
OK. Solving...
done!
CPXPARAM_TimeLimit                               1000
CPXPARAM_Read_APIEncoding                        "UTF8"
Tried aggregator 1 time.
MIP Presolve eliminated 25111 rows and 21 columns.
MIP Presolve modified 540 coefficients.
Reduced MIP has 26380 rows, 532853 columns, and 1729987 nonzeros.
Reduced MIP has 25383 binaries, 0 generals, 0 SOSs, and 0 indicators.
Presolve time = 1.38 sec. (1410.39 ticks)
Tried aggregator 1 time.
Reduced MIP has 26380 rows, 532853 columns, and 1729987 nonzeros.
Reduced MIP has 25383 binaries, 0 generals, 0 SOSs, and 0 indicators.
Presolve time = 1.19 sec. (760.11 ticks)
Probing time = 0.70 sec. (274.43 ticks)
Clique table members: 770.
MIP emphasis: balance optimality and feasibility.
MIP search method: dynamic search.
Parallel mode: deterministic, using up to 4 threads.
Root relaxation solution time = 20.97 sec. (11260.66 ticks)

        Nodes                                         Cuts/
   Node  Left     Objective  IInf  Best Integer    Best Bound    ItCnt     Gap

*     0+    0                         5600.1808        0.0000           100.00%
      0     0     3245.3642    36     5600.1808     3245.3642       36   42.05%
