Creating the RouteManager...
OK. Solving...
done!
CPXPARAM_TimeLimit                               1000
CPXPARAM_Read_APIEncoding                        "UTF8"
Tried aggregator 2 times.
MIP Presolve eliminated 271 rows and 6 columns.
MIP Presolve modified 340 coefficients.
Aggregator did 3 substitutions.
Reduced MIP has 527 rows, 1675 columns, and 5391 nonzeros.
Reduced MIP has 273 binaries, 0 generals, 0 SOSs, and 0 indicators.
Presolve time = 0.01 sec. (3.68 ticks)
Found incumbent of value 5967.523198 after 0.02 sec. (6.16 ticks)
Probing fixed 1 vars, tightened 0 bounds.
Probing time = 0.00 sec. (2.40 ticks)
Tried aggregator 1 time.
MIP Presolve eliminated 40 rows and 2 columns.
Reduced MIP has 487 rows, 1673 columns, and 5310 nonzeros.
Reduced MIP has 271 binaries, 0 generals, 0 SOSs, and 0 indicators.
Presolve time = 0.01 sec. (2.68 ticks)
Probing time = 0.00 sec. (2.28 ticks)
Clique table members: 140.
MIP emphasis: balance optimality and feasibility.
MIP search method: dynamic search.
Parallel mode: deterministic, using up to 4 threads.
Root relaxation solution time = 0.02 sec. (4.96 ticks)

        Nodes                                         Cuts/
   Node  Left     Objective  IInf  Best Integer    Best Bound    ItCnt     Gap

*     0+    0                         5967.5232      358.7211            93.99%
*     0+    0                         1101.4973      358.7211            67.43%
*     0     0      integral     0      781.4980      781.4980      421    0.00%
Elapsed time = 0.05 sec. (20.35 ticks, tree = 0.00 MB, solutions = 3)

Root node processing (before b&c):
  Real time             =    0.06 sec. (20.45 ticks)
Parallel b&c, 4 threads:
  Real time             =    0.00 sec. (0.00 ticks)
  Sync time (average)   =    0.00 sec.
  Wait time (average)   =    0.00 sec.
                          ------------
Total (root+branch&cut) =    0.06 sec. (20.45 ticks)

===========  RESULTS  ===========

Status of this.LIRPSolver :   Optimal
Objective function :   781.4980357743912
Time to solve the instance: 62 milliseconds
================================

