Creating the RouteManager...
Route manager created.
OK. Solving...
done!
CPXPARAM_TimeLimit                               1000
CPXPARAM_Read_APIEncoding                        "UTF8"
Tried aggregator 2 times.
MIP Presolve eliminated 241 rows and 6 columns.
MIP Presolve modified 300 coefficients.
Aggregator did 3 substitutions.
Reduced MIP has 557 rows, 1675 columns, and 5401 nonzeros.
Reduced MIP has 273 binaries, 0 generals, 0 SOSs, and 0 indicators.
Presolve time = 0.01 sec. (3.75 ticks)
Found incumbent of value 4540.425242 after 0.01 sec. (6.26 ticks)
Probing fixed 1 vars, tightened 0 bounds.
Probing time = 0.00 sec. (2.15 ticks)
Tried aggregator 1 time.
MIP Presolve eliminated 60 rows and 2 columns.
Reduced MIP has 497 rows, 1673 columns, and 5000 nonzeros.
Reduced MIP has 271 binaries, 0 generals, 0 SOSs, and 0 indicators.
Presolve time = 0.01 sec. (2.82 ticks)
Probing time = 0.00 sec. (1.90 ticks)
Clique table members: 150.
MIP emphasis: balance optimality and feasibility.
MIP search method: dynamic search.
Parallel mode: deterministic, using up to 4 threads.
Root relaxation solution time = 0.00 sec. (2.70 ticks)

        Nodes                                         Cuts/
   Node  Left     Objective  IInf  Best Integer    Best Bound    ItCnt     Gap

*     0+    0                         4540.4252      219.7035            95.16%
*     0+    0                          925.7572      219.7035            76.27%
*     0     0      integral     0      654.8755      654.8755       66    0.00%
Elapsed time = 0.04 sec. (17.62 ticks, tree = 0.00 MB, solutions = 3)

Root node processing (before b&c):
  Real time             =    0.04 sec. (17.72 ticks)
Parallel b&c, 4 threads:
  Real time             =    0.00 sec. (0.00 ticks)
  Sync time (average)   =    0.00 sec.
  Wait time (average)   =    0.00 sec.
                          ------------
Total (root+branch&cut) =    0.04 sec. (17.72 ticks)

===========  RESULTS  ===========

Status of this.LIRPSolver :   Optimal
Objective function :   654.8754759300302
Time to solve the instance: 38 milliseconds
================================

