Creating the RouteManager...
Route manager created.
OK. Solving...
========================================
== Solving with 	1 subsets of routes ==
========================================
done!
CPXPARAM_TimeLimit                               1000
CPXPARAM_Read_APIEncoding                        "UTF8"
Tried aggregator 1 time.
MIP Presolve eliminated 26271 rows and 11 columns.
MIP Presolve modified 21380 coefficients.
Reduced MIP has 26940 rows, 290093 columns, and 1064337 nonzeros.
Reduced MIP has 26383 binaries, 0 generals, 0 SOSs, and 0 indicators.
Presolve time = 1.30 sec. (2237.79 ticks)
Found incumbent of value 19150.044985 after 2.05 sec. (2666.75 ticks)
Tried aggregator 1 time.
Reduced MIP has 26940 rows, 290093 columns, and 1064337 nonzeros.
Reduced MIP has 26383 binaries, 0 generals, 0 SOSs, and 0 indicators.
Presolve time = 0.63 sec. (468.16 ticks)
Probing time = 0.32 sec. (156.23 ticks)
Clique table members: 430.
MIP emphasis: balance optimality and feasibility.
MIP search method: dynamic search.
Parallel mode: deterministic, using up to 4 threads.
Root relaxation solution time = 8.56 sec. (6524.52 ticks)

        Nodes                                         Cuts/
   Node  Left     Objective  IInf  Best Integer    Best Bound    ItCnt     Gap

*     0+    0                        19150.0450        0.0000           100.00%
*     0+    0                         1800.8009        0.0000           100.00%
      0     0      755.9307    25     1800.8009      755.9307       45   58.02%
*     0+    0                         1289.5616      755.9307            41.38%
      0     0     1068.5121    13     1289.5616     Cuts: 132    41301   17.14%
*     0+    0                         1281.5052     1068.5121            16.62%
      0     0     1073.9310    12     1281.5052      Cuts: 56    62787   16.20%
      0     0     1073.9310    12     1281.5052      Cuts: 50    77047   16.20%
      0     0     1074.5886    11     1281.5052      Cuts: 36    94155   16.15%
      0     0     1074.5886    11     1281.5052      Cuts: 26   104735   16.15%
Heuristic still looking.
Heuristic still looking.
Heuristic still looking.
      0     2     1074.5886    11     1281.5052     1074.5886   104735   16.15%
Elapsed time = 600.29 sec. (497180.74 ticks, tree = 0.01 MB, solutions = 4)
      1     3     1090.1875    11     1281.5052     1074.5886   104760   16.15%
      2     4     1131.7585     1     1281.5052     1074.5886   105838   16.15%
      5     7     1155.5244     1     1281.5052     1074.5886   105860   16.15%
      7     3        cutoff           1281.5052     1074.5886   105877   16.15%
      8     7        cutoff           1281.5052     1074.5886   105919   16.15%
      9     4        cutoff           1281.5052     1074.5886   105930   16.15%
     10     8     1160.3667     2     1281.5052     1074.5886   105921   16.15%
     11     7        cutoff           1281.5052     1074.5886   106495   16.15%
     12     8     1167.6934     1     1281.5052     1074.5886   106504   16.15%
     14     8        cutoff           1281.5052     1074.5886   107080   16.15%
Elapsed time = 614.08 sec. (504972.18 ticks, tree = 0.01 MB, solutions = 4)
     16     6        cutoff           1281.5052     1074.5886   107213   16.15%
     17     6        cutoff           1281.5052     1074.5886   109018   16.15%
     20     4        cutoff           1281.5052     1074.5886   109141   16.15%
     24     4        cutoff           1281.5052     1074.5886   112338   16.15%
     25     4     1095.9597    13     1281.5052     1074.5886   106022   16.15%
     26     4     1172.8321     3     1281.5052     1074.5886   113968   16.15%
     27     5     1174.2122     1     1281.5052     1074.5886   117857   16.15%
     28     3        cutoff           1281.5052     1074.5886   118529   16.15%
     29     6     1181.0469     4     1281.5052     1074.5886   119152   16.15%
     31     6     1183.2358     4     1281.5052     1074.5886   125848   16.15%
Elapsed time = 724.58 sec. (583692.27 ticks, tree = 0.01 MB, solutions = 4)
     36    10     1187.9243     4     1281.5052     1074.5886   126169   16.15%
     42    16     1190.6006     5     1281.5052     1074.5886   126465   16.15%
     48    21     1193.6756     4     1281.5052     1074.5886   126755   16.15%
     52     6     1185.6418     1     1281.5052     1074.5886   130778   16.15%
     55    28     1194.3517     4     1281.5052     1081.1002   141933   15.64%
     60    33     1195.0655     5     1281.5052     1081.1002   142044   15.64%
     68    30     1211.1275     1     1281.5052     1081.1002   147721   15.64%
     71    38     1197.1320     4     1281.5052     1081.1002   144301   15.64%
     74    41     1200.4964     3     1281.5052     1081.1002   144829   15.64%
     78    45     1200.9958     3     1281.5052     1081.1002   144950   15.64%
Elapsed time = 759.13 sec. (596059.86 ticks, tree = 67.75 MB, solutions = 4)
     83    50     1202.5353     5     1281.5052     1081.1002   150200   15.64%
     86    53     1203.5581     5     1281.5052     1081.1002   150864   15.64%
     87    54     1204.7426     5     1281.5052     1081.1002   151186   15.64%
     88    30     1188.8921     1     1281.5052     1081.1002   158602   15.64%
     90    56     1204.9384     5     1281.5052     1081.1002   151348   15.64%
    101    62     1205.8923     5     1281.5052     1081.1002   151596   15.64%
    103    64     1206.9533     5     1281.5052     1081.1002   151665   15.64%
    104    56        cutoff           1281.5052     1081.1002   167674   15.64%
    111    74     1207.9567     5     1281.5052     1081.1002   163773   15.64%
    116    79     1208.1936     5     1281.5052     1081.1002   163968   15.64%
Elapsed time = 784.99 sec. (607031.80 ticks, tree = 97.88 MB, solutions = 4)
    121    84     1209.4385     5     1281.5052     1081.1002   164146   15.64%
    125    88     1209.8992     5     1281.5052     1081.1002   164288   15.64%
    127    73     1201.5433     1     1281.5052     1081.1002   174464   15.64%
    135    95     1210.3140     5     1281.5052     1081.1002   175270   15.64%
    139    99     1210.5443     5     1281.5052     1081.1002   175436   15.64%
    143   103     1211.1860     5     1281.5052     1081.1002   175715   15.64%
    145   105     1211.4373     5     1281.5052     1081.1002   175787   15.64%
    151   110     1211.9663     5     1281.5052     1081.1002   175981   15.64%
    154    76     1191.3372     1     1281.5052     1081.1002   183719   15.64%
    161   118     1212.6966     5     1281.5052     1081.1002   176313   15.64%
Elapsed time = 815.13 sec. (619187.94 ticks, tree = 148.90 MB, solutions = 4)
    168   127     1213.5724     5     1281.5052     1081.1002   185816   15.64%
    174   132     1214.4669     5     1281.5052     1081.1002   185999   15.64%
    179   136     1215.1290     5     1281.5052     1081.1002   186158   15.64%
    180    98        cutoff           1281.5052     1081.1002   186759   15.64%
    185   140     1215.4482     5     1281.5052     1081.1002   186298   15.64%
    191   145     1215.9640     5     1281.5052     1081.1002   186477   15.64%
    196   149     1216.0943     5     1281.5052     1081.1002   186628   15.64%
    200   153     1216.2236     5     1281.5052     1081.1002   186810   15.64%
    205   157     1216.2635     5     1281.5052     1081.1002   189812   15.64%
    206   158     1216.3247     5     1281.5052     1081.1002   189850   15.64%
Elapsed time = 848.97 sec. (632360.59 ticks, tree = 270.94 MB, solutions = 4)
    210   162     1216.6409     5     1281.5052     1081.1002   190016   15.64%
    215   166     1217.1219     5     1281.5052     1081.1002   190207   15.64%
    219   123     1191.6945     1     1281.5052     1081.1002   196203   15.64%
    223   173     1217.6853     5     1281.5052     1081.1002   191202   15.64%
    227   177     1218.1447     5     1281.5052     1081.1002   191383   15.64%
    237   179     1218.2750     5     1281.5052     1081.1002   199262   15.64%
    241   183     1218.4078     5     1281.5052     1081.1002   199416   15.64%
    243   155        cutoff           1281.5052     1081.1002   200307   15.64%
    245   186     1218.6857     5     1281.5052     1081.1002   199549   15.64%
    250   191     1218.8216     5     1281.5052     1081.1002   199720   15.64%
Elapsed time = 878.00 sec. (644368.27 ticks, tree = 319.40 MB, solutions = 4)
    253   157     1207.0677     1     1281.5052     1081.1002   204137   15.64%
    261   182        cutoff           1281.5052     1081.1002   206578   15.64%
    265   201     1219.2628     5     1281.5052     1081.1002   206720   15.64%
    269   205     1219.5381     5     1281.5052     1081.1002   206865   15.64%
    271     8     1103.3658    12     1281.5052     1081.1002   157087   15.64%
    273   207     1219.5805     5     1281.5052     1081.1002   209064   15.64%
    277   183     1210.5089     1     1281.5052     1081.1002   209017   15.64%
    278   206     1211.4893     1     1281.5052     1081.1002   245370   15.64%
    283   207        cutoff           1281.5052     1081.1002   246045   15.64%
    284   211     1219.8238     5     1281.5052     1081.1002   210100   15.64%
Elapsed time = 915.22 sec. (658982.98 ticks, tree = 318.13 MB, solutions = 4)
    285   217     1220.0620     5     1281.5052     1081.1002   248826   15.64%
    289   221     1220.2663     5     1281.5052     1081.1002   249187   15.64%
    294   225     1220.8032     5     1281.5052     1081.1002   249352   15.64%
    295   205        cutoff           1281.5052     1081.1002   249142   15.64%
    306   235     1221.8334     5     1281.5052     1081.1002   249611   15.64%
    309   216        cutoff           1281.5052     1081.1002   254043   15.64%
    315   204        cutoff           1281.5052     1081.1002   250667   15.64%
    316   215        cutoff           1281.5052     1081.1002   260023   15.64%
    318   244     1222.6644     5     1281.5052     1081.1002   261804   15.64%
    319   203     1109.9187    12     1281.5052     1081.1002   251960   15.64%
Elapsed time = 953.31 sec. (676967.08 ticks, tree = 334.04 MB, solutions = 4)
    321   245     1222.7038     5     1281.5052     1081.1002   262331   15.64%
    331   255     1223.9004     5     1281.5052     1081.1002   262482   15.64%
    335   259     1224.2419     5     1281.5052     1081.1002   263079   15.64%
    339   262     1224.9020     5     1281.5052     1081.1002   263347   15.64%
    347   265     1225.0013     5     1281.5052     1081.1002   263549   15.64%
    355   271     1225.4727     5     1281.5052     1081.1002   263894   15.64%
    356   219     1206.0287     1     1281.5052     1081.1002   265197   15.64%
    363   272     1225.5279     5     1281.5052     1081.1002   264813   15.64%
    364   247        cutoff           1281.5052     1081.1002   277879   15.64%

Cover cuts applied:  3
Implied bound cuts applied:  99
Flow cuts applied:  13
Mixed integer rounding cuts applied:  6
Gomory fractional cuts applied:  2

Root node processing (before b&c):
  Real time             =  584.20 sec. (478089.94 ticks)
Parallel b&c, 4 threads:
  Real time             =  416.44 sec. (219379.09 ticks)
  Sync time (average)   =   80.57 sec.
  Wait time (average)   =    0.13 sec.
                          ------------
Total (root+branch&cut) = 1000.63 sec. (697469.03 ticks)

===========  RESULTS  ===========

Status of this.LIRPSolver :   Feasible
Objective function :   1281.505222366809
Time to solve the instance: 1001274 milliseconds
================================

