Creating the RouteManager...
Route manager created.
OK. Solving...
done!
CPXPARAM_TimeLimit                               1000
CPXPARAM_Read_APIEncoding                        "UTF8"
Tried aggregator 1 time.
MIP Presolve eliminated 401 rows and 6 columns.
MIP Presolve modified 260 coefficients.
Reduced MIP has 720 rows, 2558 columns, and 8337 nonzeros.
Reduced MIP has 423 binaries, 0 generals, 0 SOSs, and 0 indicators.
Presolve time = 0.01 sec. (4.58 ticks)
Probing time = 0.01 sec. (3.39 ticks)
Tried aggregator 1 time.
Reduced MIP has 720 rows, 2558 columns, and 8337 nonzeros.
Reduced MIP has 423 binaries, 0 generals, 0 SOSs, and 0 indicators.
Presolve time = 0.01 sec. (4.49 ticks)
Probing time = 0.01 sec. (3.39 ticks)
Clique table members: 220.
MIP emphasis: balance optimality and feasibility.
MIP search method: dynamic search.
Parallel mode: deterministic, using up to 4 threads.
Root relaxation solution time = 0.02 sec. (9.50 ticks)

        Nodes                                         Cuts/
   Node  Left     Objective  IInf  Best Integer    Best Bound    ItCnt     Gap

*     0+    0                         8921.1892        0.0000           100.00%
      0     0     1200.7341    21     8921.1892     1200.7341      915   86.54%
      0     0     1424.8886    24     8921.1892      Cuts: 94     1176   84.03%
*     0+    0                         1639.2646     1424.8886            13.08%
      0     0     1450.7071    25     1639.2646      Cuts: 82     1347   11.50%
      0     0     1476.6430    23     1639.2646      Cuts: 89     1478    9.92%
      0     0     1480.4978    24     1639.2646     Cuts: 113     1593    9.69%
      0     0     1481.7068    25     1639.2646     Cuts: 105     1672    9.61%
      0     0     1491.6114    24     1639.2646      Cuts: 89     1738    9.01%
      0     0     1495.3036    19     1639.2646      Cuts: 99     1793    8.78%
      0     0     1495.6544    22     1639.2646      Cuts: 59     1834    8.76%
      0     0     1503.7723    23     1639.2646      Cuts: 44     1879    8.27%
      0     0     1506.5532    22     1639.2646      Cuts: 74     1911    8.10%
      0     0     1507.1859    23     1639.2646      Cuts: 40     1927    8.06%
      0     0     1507.6124    23     1639.2646      Cuts: 59     1949    8.03%
      0     0     1509.4069    22     1639.2646      Cuts: 33     1973    7.92%
      0     0     1510.1184    22     1639.2646      Cuts: 35     2000    7.88%
      0     0     1511.9193    22     1639.2646      Cuts: 31     2022    7.77%
      0     0     1515.7928    22     1639.2646      Cuts: 26     2053    7.53%
      0     0     1518.9512    21     1639.2646      Cuts: 45     2089    7.34%
      0     0     1518.9965    21     1639.2646      Cuts: 19     2100    7.34%
      0     0     1519.6564    23     1639.2646      Cuts: 24     2110    7.30%
      0     0     1522.9477    22     1639.2646      Cuts: 26     2139    7.10%
      0     0     1525.2853    20     1639.2646      Cuts: 13     2156    6.95%
      0     0     1525.4193    21     1639.2646      Cuts: 19     2173    6.94%
      0     2     1525.4193    21     1639.2646     1525.4193     2173    6.94%
Elapsed time = 1.03 sec. (558.79 ticks, tree = 0.01 MB, solutions = 2)

GUB cover cuts applied:  1
Cover cuts applied:  1
Implied bound cuts applied:  69
Flow cuts applied:  20
Mixed integer rounding cuts applied:  50
Zero-half cuts applied:  1
Gomory fractional cuts applied:  1

Root node processing (before b&c):
  Real time             =    1.02 sec. (557.93 ticks)
Parallel b&c, 4 threads:
  Real time             =    0.24 sec. (191.10 ticks)
  Sync time (average)   =    0.06 sec.
  Wait time (average)   =    0.00 sec.
                          ------------
Total (root+branch&cut) =    1.26 sec. (749.03 ticks)

===========  RESULTS  ===========

Status of this.LIRPSolver :   Optimal
Objective function :   1639.2645590155391
Time to solve the instance: 1265 milliseconds
================================

