Creating the RouteManager...
Route manager created.
OK. Solving...
Best solution so far : -1.0
========================================
== Solving with 	4 subsets of routes ==
========================================
CPXPARAM_TimeLimit                               360
CPXPARAM_Read_APIEncoding                        "UTF8"
Tried aggregator 1 time.
MIP Presolve eliminated 1221 rows and 11 columns.
MIP Presolve modified 528 coefficients.
Reduced MIP has 1870 rows, 14433 columns, and 47107 nonzeros.
Reduced MIP has 1323 binaries, 0 generals, 0 SOSs, and 0 indicators.
Presolve time = 0.03 sec. (24.93 ticks)
Tried aggregator 1 time.
Reduced MIP has 1870 rows, 14433 columns, and 47107 nonzeros.
Reduced MIP has 1323 binaries, 0 generals, 0 SOSs, and 0 indicators.
Presolve time = 0.03 sec. (23.65 ticks)
Probing time = 0.02 sec. (9.30 ticks)
Clique table members: 420.
MIP emphasis: balance optimality and feasibility.
MIP search method: dynamic search.
Parallel mode: deterministic, using up to 4 threads.
Root relaxation solution time = 0.09 sec. (119.85 ticks)

        Nodes                                         Cuts/
   Node  Left     Objective  IInf  Best Integer    Best Bound    ItCnt     Gap

*     0+    0                         7501.4636        0.0000           100.00%
      0     0     2665.5760    28     7501.4636     2665.5760     3116   64.47%
*     0+    0                         3118.0502     2665.5760            14.51%
      0     0     2848.7551    29     3118.0502     Cuts: 144     4718    8.64%
      0     0     2863.9353    26     3118.0502      Cuts: 72     5173    8.15%
      0     0     2865.4026    28     3118.0502      Cuts: 68     5506    8.10%
      0     0     2866.0489    26     3118.0502      Cuts: 51     5835    8.08%
      0     0     2866.0489    26     3118.0502      Cuts: 24     6106    8.08%
      0     0     2866.3558    24     3118.0502      Cuts: 21     6389    8.07%
      0     0     2866.3558    24     3118.0502      Cuts: 12     6395    8.07%
      0     2     2866.3558    24     3118.0502     2866.3558     6395    8.07%
Elapsed time = 2.51 sec. (1675.31 ticks, tree = 0.01 MB, solutions = 2)
     13     5     2944.6767    10     3118.0502     2871.1799     7278    7.92%
     69    44     3069.0215    10     3118.0502     2871.1799    11403    7.92%
    190    85        cutoff           3118.0502     2897.1460    17849    7.08%
    344   141     2967.2723     6     3118.0502     2897.1460    21419    7.08%
    532   198     3098.7882     3     3118.0502     2897.1460    24783    7.08%
    690   256     3084.6912     4     3118.0502     2897.1460    28017    7.08%
    877   304     3085.5183     5     3118.0502     2912.8336    30770    6.58%
    991   373     3072.4583     5     3118.0502     2912.8336    33655    6.58%
   1090   439        cutoff           3118.0502     2912.8336    38190    6.58%
   1390   577        cutoff           3118.0502     2953.7730    55248    5.27%
Elapsed time = 7.20 sec. (4825.37 ticks, tree = 10.12 MB, solutions = 2)
   1811   594     3100.1114     3     3118.0502     2986.0797    72205    4.23%

GUB cover cuts applied:  1
Cover cuts applied:  5
Implied bound cuts applied:  63
Flow cuts applied:  91
Mixed integer rounding cuts applied:  38
Zero-half cuts applied:  2
Gomory fractional cuts applied:  8

Root node processing (before b&c):
  Real time             =    2.45 sec. (1639.13 ticks)
Parallel b&c, 4 threads:
  Real time             =    7.94 sec. (4923.89 ticks)
  Sync time (average)   =    0.77 sec.
  Wait time (average)   =    0.00 sec.
                          ------------
Total (root+branch&cut) =   10.39 sec. (6563.02 ticks)

===========  RESULTS  ===========

Status of this.LIRPSolver :   Optimal
Objective function :   3118.0502278190315
CPXPARAM_TimeLimit                               360
CPXPARAM_Read_APIEncoding                        "UTF8"
Tried aggregator 1 time.
MIP Presolve eliminated 1211 rows and 11 columns.
MIP Presolve modified 526 coefficients.
Reduced MIP has 1860 rows, 14323 columns, and 46717 nonzeros.
Reduced MIP has 1313 binaries, 0 generals, 0 SOSs, and 0 indicators.
Presolve time = 0.04 sec. (24.73 ticks)
Tried aggregator 1 time.
Reduced MIP has 1860 rows, 14323 columns, and 46717 nonzeros.
Reduced MIP has 1313 binaries, 0 generals, 0 SOSs, and 0 indicators.
Presolve time = 0.03 sec. (23.47 ticks)
Probing time = 0.03 sec. (9.17 ticks)
Clique table members: 420.
MIP emphasis: balance optimality and feasibility.
MIP search method: dynamic search.
Parallel mode: deterministic, using up to 4 threads.
Root relaxation solution time = 0.11 sec. (121.45 ticks)

        Nodes                                         Cuts/
   Node  Left     Objective  IInf  Best Integer    Best Bound    ItCnt     Gap

*     0+    0                         7501.4636        0.0000           100.00%
      0     0     2665.5760    28     7501.4636     2665.5760     3275   64.47%
*     0+    0                         3118.0502     2665.5760            14.51%
      0     0     2848.6100    29     3118.0502     Cuts: 142     4933    8.64%
      0     0     2863.9690    27     3118.0502      Cuts: 68     5820    8.15%
      0     0     2865.9922    26     3118.0502      Cuts: 74     6355    8.08%
      0     0     2866.0502    26     3118.0502      Cuts: 41     6564    8.08%
      0     0     2866.0731    26     3118.0502      Cuts: 29     6693    8.08%
      0     2     2866.0731    26     3118.0502     2866.0731     6693    8.08%
Elapsed time = 2.67 sec. (1600.77 ticks, tree = 0.01 MB, solutions = 2)
     30    14     2906.6642    12     3118.0502     2866.8085     8292    8.06%
     90    56     3106.3578     5     3118.0502     2900.2132    12873    6.99%
    173    88     3044.9316     3     3118.0502     2900.2132    15546    6.99%
    285   135     3110.9728     2     3118.0502     2900.2132    19467    6.99%
    443   168     3112.9452     4     3118.0502     2900.2132    21784    6.99%
    530   218     3054.0190     6     3118.0502     2954.0948    27095    5.26%
    630   283     3076.6010     9     3118.0502     2976.5936    31806    4.54%
    732   341     3038.8218     6     3118.0502     2976.6657    33460    4.53%
    846   406        cutoff           3118.0502     2997.2813    38220    3.87%
   1407   545     3087.6079    10     3118.0502     3015.8777    49638    3.28%
Elapsed time = 7.46 sec. (4746.21 ticks, tree = 6.87 MB, solutions = 2)
   2035   761     3107.9753    10     3118.0502     3033.0139    60656    2.73%
   2746   881     3084.0525     3     3118.0502     3061.0276    73533    1.83%
   3506   970     3094.9932     4     3118.0502     3078.7351    86283    1.26%
   4357   402    infeasible           3118.0502     3101.5763   102058    0.53%

GUB cover cuts applied:  1
Cover cuts applied:  5
Implied bound cuts applied:  91
Flow cuts applied:  111
Mixed integer rounding cuts applied:  25
Zero-half cuts applied:  2
Lift and project cuts applied:  1
Gomory fractional cuts applied:  9

Root node processing (before b&c):
  Real time             =    2.63 sec. (1566.68 ticks)
Parallel b&c, 4 threads:
  Real time             =   12.72 sec. (7339.48 ticks)
  Sync time (average)   =    1.64 sec.
  Wait time (average)   =    0.00 sec.
                          ------------
Total (root+branch&cut) =   15.35 sec. (8906.15 ticks)

===========  RESULTS  ===========

Status of this.LIRPSolver :   Optimal
Objective function :   3118.050227819032
ERROR, Constraint 6, period 1
CPXPARAM_TimeLimit                               360
CPXPARAM_Read_APIEncoding                        "UTF8"
Tried aggregator 1 time.
MIP Presolve eliminated 1221 rows and 11 columns.
MIP Presolve modified 528 coefficients.
Reduced MIP has 1870 rows, 14433 columns, and 47127 nonzeros.
Reduced MIP has 1323 binaries, 0 generals, 0 SOSs, and 0 indicators.
Presolve time = 0.03 sec. (25.01 ticks)
Tried aggregator 1 time.
Reduced MIP has 1870 rows, 14433 columns, and 47127 nonzeros.
Reduced MIP has 1323 binaries, 0 generals, 0 SOSs, and 0 indicators.
Presolve time = 0.04 sec. (23.64 ticks)
Probing time = 0.15 sec. (9.33 ticks)
Clique table members: 420.
MIP emphasis: balance optimality and feasibility.
MIP search method: dynamic search.
Parallel mode: deterministic, using up to 4 threads.
Root relaxation solution time = 0.13 sec. (111.71 ticks)

        Nodes                                         Cuts/
   Node  Left     Objective  IInf  Best Integer    Best Bound    ItCnt     Gap

*     0+    0                         7973.9211        0.0000           100.00%
      0     0     2665.5760    28     7973.9211     2665.5760     3214   66.57%
*     0+    0                         3118.0502     2665.5760            14.51%
      0     0     2848.7079    29     3118.0502     Cuts: 142     4882    8.64%
      0     0     2863.9353    26     3118.0502      Cuts: 75     5506    8.15%
      0     0     2864.6336    28     3118.0502      Cuts: 59     6191    8.13%
      0     0     2866.0438    26     3118.0502      Cuts: 57     6536    8.08%
      0     0     2880.9928    29     3118.0502      Cuts: 33     6853    7.60%
      0     0     2885.2851    33     3118.0502      Cuts: 45     7222    7.47%
      0     0     2887.3580    32     3118.0502      Cuts: 56     7472    7.40%
      0     0     2888.4445    33     3118.0502      Cuts: 39     7787    7.36%
      0     0     2889.0762    33     3118.0502      Cuts: 45     8087    7.34%
