Creating the RouteManager...
Route manager created.
OK. Solving...
done!
CPXPARAM_TimeLimit                               1000
CPXPARAM_Read_APIEncoding                        "UTF8"
Tried aggregator 1 time.
MIP Presolve eliminated 461 rows and 11 columns.
MIP Presolve modified 524 coefficients.
Reduced MIP has 970 rows, 5483 columns, and 16997 nonzeros.
Reduced MIP has 503 binaries, 0 generals, 0 SOSs, and 0 indicators.
Presolve time = 0.01 sec. (8.04 ticks)
Found incumbent of value 13244.401328 after 0.02 sec. (15.33 ticks)
Probing time = 0.01 sec. (2.17 ticks)
Tried aggregator 1 time.
Reduced MIP has 970 rows, 5483 columns, and 16997 nonzeros.
Reduced MIP has 503 binaries, 0 generals, 0 SOSs, and 0 indicators.
Presolve time = 0.01 sec. (8.04 ticks)
Probing time = 0.06 sec. (2.75 ticks)
Clique table members: 340.
MIP emphasis: balance optimality and feasibility.
MIP search method: dynamic search.
Parallel mode: deterministic, using up to 4 threads.
Root relaxation solution time = 0.03 sec. (32.15 ticks)

        Nodes                                         Cuts/
   Node  Left     Objective  IInf  Best Integer    Best Bound    ItCnt     Gap

*     0+    0                        13244.4013        0.0000           100.00%
*     0+    0                         4071.7032        0.0000           100.00%
      0     0      687.3081    23     4071.7032      687.3081     1408   83.12%
*     0+    0                         1015.0933      687.3081            32.29%
      0     0        cutoff           1015.0933                   1914    0.00%
Elapsed time = 0.28 sec. (143.20 ticks, tree = 0.01 MB, solutions = 3)

GUB cover cuts applied:  1
Cover cuts applied:  1
Implied bound cuts applied:  27
Flow cuts applied:  29
Mixed integer rounding cuts applied:  10
Gomory fractional cuts applied:  2

Root node processing (before b&c):
  Real time             =    0.28 sec. (143.54 ticks)
Parallel b&c, 4 threads:
  Real time             =    0.00 sec. (0.00 ticks)
  Sync time (average)   =    0.00 sec.
  Wait time (average)   =    0.00 sec.
                          ------------
Total (root+branch&cut) =    0.28 sec. (143.54 ticks)

===========  RESULTS  ===========

Status of this.LIRPSolver :   Optimal
Objective function :   1015.0933077456117
Time to solve the instance: 283 milliseconds
================================

