Creating the RouteManager...
Route manager created.
OK. Solving...
========================================
== Solving with 	1 subsetsof routes ==
========================================
done!
CPXPARAM_TimeLimit                               1000
CPXPARAM_Read_APIEncoding                        "UTF8"
Tried aggregator 1 time.
MIP Presolve eliminated 1111 rows and 42 columns.
MIP Presolve modified 244 coefficients.
Reduced MIP has 1440 rows, 11612 columns, and 37168 nonzeros.
Reduced MIP has 1062 binaries, 0 generals, 0 SOSs, and 0 indicators.
Presolve time = 0.02 sec. (19.11 ticks)
Found incumbent of value 19569.118368 after 0.04 sec. (34.52 ticks)
Tried aggregator 1 time.
Reduced MIP has 1440 rows, 11612 columns, and 37168 nonzeros.
Reduced MIP has 1062 binaries, 0 generals, 0 SOSs, and 0 indicators.
Presolve time = 0.02 sec. (18.28 ticks)
Probing time = 0.02 sec. (7.85 ticks)
Clique table members: 260.
MIP emphasis: balance optimality and feasibility.
MIP search method: dynamic search.
Parallel mode: deterministic, using up to 4 threads.
Root relaxation solution time = 0.07 sec. (69.41 ticks)

        Nodes                                         Cuts/
   Node  Left     Objective  IInf  Best Integer    Best Bound    ItCnt     Gap

*     0+    0                        19569.1184        0.0000           100.00%
*     0+    0                        12013.2133        0.0000           100.00%
*     0+    0                         6683.0910        0.0000           100.00%
      0     0     2192.1148    22     6683.0910     2192.1148     2415   67.20%
*     0+    0                         2879.8638     2192.1148            23.88%
*     0+    0                         2760.7926     2192.1148            20.60%
      0     0     2396.8484    17     2760.7926     Cuts: 147     3610   13.18%
      0     0     2667.0077    18     2760.7926      Cuts: 13     3661    3.40%
      0     0     2721.1736    22     2760.7926       Cuts: 9     4107    1.44%

Repeating presolve.
Tried aggregator 2 times.
MIP Presolve eliminated 801 rows and 7562 columns.
MIP Presolve added 2 rows and 0 columns.
MIP Presolve modified 25 coefficients.
Aggregator did 3 substitutions.
Reduced MIP has 638 rows, 4047 columns, and 12658 nonzeros.
Reduced MIP has 368 binaries, 0 generals, 0 SOSs, and 0 indicators.
Presolve time = 0.01 sec. (12.23 ticks)
Probing fixed 2 vars, tightened 0 bounds.
Probing time = 0.00 sec. (2.43 ticks)
Tried aggregator 1 time.
MIP Presolve eliminated 35 rows and 2 columns.
MIP Presolve modified 6 coefficients.
Reduced MIP has 603 rows, 4045 columns, and 12573 nonzeros.
Reduced MIP has 366 binaries, 0 generals, 0 SOSs, and 0 indicators.
Presolve time = 0.01 sec. (6.37 ticks)
Represolve time = 0.03 sec. (29.56 ticks)
Probing time = 0.00 sec. (2.30 ticks)
Clique table members: 119.
MIP emphasis: balance optimality and feasibility.
MIP search method: dynamic search.
Parallel mode: deterministic, using up to 4 threads.
Root relaxation solution time = 0.03 sec. (30.44 ticks)

        Nodes                                         Cuts/
   Node  Left     Objective  IInf  Best Integer    Best Bound    ItCnt     Gap

*     0+    0                         2760.7926     2721.1736             1.44%
      0     0     2721.1736    22     2760.7926     2721.1736     5193    1.44%
      0     0     2760.4722     5     2760.7926     Cuts: 103     5543    0.01%
      0     0     2760.4722     4     2760.7926       Cuts: 4     5545    0.01%

Repeating presolve.
Tried aggregator 2 times.
MIP Presolve eliminated 360 rows and 3105 columns.
MIP Presolve modified 69 coefficients.
Aggregator did 1 substitutions.
Reduced MIP has 242 rows, 939 columns, and 2764 nonzeros.
Reduced MIP has 83 binaries, 0 generals, 0 SOSs, and 0 indicators.
Presolve time = 0.00 sec. (3.34 ticks)
Probing fixed 1 vars, tightened 4 bounds.
Probing time = 0.00 sec. (1.21 ticks)
Tried aggregator 1 time.
MIP Presolve eliminated 12 rows and 1 columns.
MIP Presolve modified 1 coefficients.
Reduced MIP has 230 rows, 938 columns, and 2689 nonzeros.
Reduced MIP has 82 binaries, 0 generals, 0 SOSs, and 0 indicators.
Presolve time = 0.00 sec. (1.20 ticks)
Represolve time = 0.01 sec. (9.72 ticks)
Probing time = 0.00 sec. (1.08 ticks)
Clique table members: 32.
MIP emphasis: balance optimality and feasibility.
MIP search method: dynamic search.
Parallel mode: deterministic, using up to 4 threads.
Root relaxation solution time = 0.01 sec. (10.12 ticks)

        Nodes                                         Cuts/
   Node  Left     Objective  IInf  Best Integer    Best Bound    ItCnt     Gap

*     0+    0                         2760.7926     2760.4722             0.01%
      0     0     2760.4722     6     2760.7926     2760.4722     6012    0.01%

GUB cover cuts applied:  1
Cover cuts applied:  2
Implied bound cuts applied:  10
Flow cuts applied:  105
Mixed integer rounding cuts applied:  28
Gomory fractional cuts applied:  15

Root node processing (before b&c):
  Real time             =    1.23 sec. (786.15 ticks)
Parallel b&c, 4 threads:
  Real time             =    0.00 sec. (0.00 ticks)
  Sync time (average)   =    0.00 sec.
  Wait time (average)   =    0.00 sec.
                          ------------
Total (root+branch&cut) =    1.23 sec. (786.15 ticks)

===========  RESULTS  ===========

Status of this.LIRPSolver :   Optimal
Objective function :   2760.7926062571396
Time to solve the instance: 1249 milliseconds
================================

