Creating the RouteManager...
Route manager created.
OK. Solving...
========================================
== Solving with 	1 subsets of routes ==
========================================
done!
CPXPARAM_TimeLimit                               1000
CPXPARAM_Read_APIEncoding                        "UTF8"
Tried aggregator 1 time.
Presolve has eliminated 72931 rows and 52 columns...
Presolve has improved bounds 2920891 times...
MIP Presolve eliminated 72931 rows and 52 columns.
MIP Presolve modified 29598 coefficients.
Reduced MIP has 73880 rows, 1533682 columns, and 5087178 nonzeros.
Reduced MIP has 73042 binaries, 0 generals, 0 SOSs, and 0 indicators.
Presolve time = 7.40 sec. (10230.49 ticks)
Tried aggregator 1 time.
Reduced MIP has 73880 rows, 1533682 columns, and 5087178 nonzeros.
Reduced MIP has 73042 binaries, 0 generals, 0 SOSs, and 0 indicators.
Presolve time = 3.91 sec. (2097.10 ticks)
Probing time = 2.57 sec. (798.78 ticks)
Clique table members: 620.
MIP emphasis: balance optimality and feasibility.
MIP search method: dynamic search.
Parallel mode: deterministic, using up to 4 threads.
Root relaxation solution time = 75.89 sec. (35779.93 ticks)

        Nodes                                         Cuts/
   Node  Left     Objective  IInf  Best Integer    Best Bound    ItCnt     Gap

*     0+    0                         7911.2870        0.0000           100.00%
      0     0     1258.7025    27     7911.2870     1258.7025       47   84.09%

Cover cuts applied:  2
Implied bound cuts applied:  38
Flow cuts applied:  158
Mixed integer rounding cuts applied:  17
Gomory fractional cuts applied:  6

Root node processing (before b&c):
  Real time             = 1000.95 sec. (619059.93 ticks)
Parallel b&c, 4 threads:
  Real time             =    0.00 sec. (0.00 ticks)
  Sync time (average)   =    0.00 sec.
  Wait time (average)   =    0.00 sec.
                          ------------
Total (root+branch&cut) = 1000.95 sec. (619059.93 ticks)

===========  RESULTS  ===========

Status of this.LIRPSolver :   Feasible
Objective function :   7911.287028812654
Time to solve the instance: 1005996 milliseconds
================================

