Creating the RouteManager...
Route manager created.
OK. Solving...
========================================
== Solving with 	1 subsets of routes ==
========================================
done!
CPXPARAM_TimeLimit                               1000
CPXPARAM_Read_APIEncoding                        "UTF8"
Tried aggregator 1 time.
MIP Presolve eliminated 231 rows and 37 columns.
MIP Presolve modified 210 coefficients.
Reduced MIP has 390 rows, 1027 columns, and 3158 nonzeros.
Reduced MIP has 172 binaries, 0 generals, 0 SOSs, and 0 indicators.
Presolve time = 0.00 sec. (1.71 ticks)
Found incumbent of value 11516.101931 after 0.01 sec. (3.16 ticks)
Probing time = 0.00 sec. (0.92 ticks)
Tried aggregator 1 time.
Reduced MIP has 390 rows, 1027 columns, and 3158 nonzeros.
Reduced MIP has 172 binaries, 0 generals, 0 SOSs, and 0 indicators.
Presolve time = 0.00 sec. (1.68 ticks)
Probing time = 0.00 sec. (0.91 ticks)
Clique table members: 150.
MIP emphasis: balance optimality and feasibility.
MIP search method: dynamic search.
Parallel mode: deterministic, using up to 4 threads.
Root relaxation solution time = 0.02 sec. (2.90 ticks)

        Nodes                                         Cuts/
   Node  Left     Objective  IInf  Best Integer    Best Bound    ItCnt     Gap

*     0+    0                        11516.1019        0.0000           100.00%
*     0+    0                         4486.2748        0.0000           100.00%
      0     0      476.8907    16     4486.2748      476.8907      222   89.37%
*     0+    0                          973.6613      476.8907            51.02%
      0     0      615.9663     7      973.6613      Cuts: 74      363   36.74%
*     0+    0                          786.5795      615.9663            21.69%
*     0     0      integral     0      660.3390      Cuts: 27      399    0.00%
      0     0        cutoff            660.3390      660.3390      399    0.00%
Elapsed time = 0.29 sec. (49.18 ticks, tree = 0.01 MB, solutions = 5)

GUB cover cuts applied:  1
Cover cuts applied:  2
Implied bound cuts applied:  15
Flow cuts applied:  12
Mixed integer rounding cuts applied:  17
Zero-half cuts applied:  3
Lift and project cuts applied:  1
Gomory fractional cuts applied:  4

Root node processing (before b&c):
  Real time             =    0.29 sec. (49.26 ticks)
Parallel b&c, 4 threads:
  Real time             =    0.00 sec. (0.00 ticks)
  Sync time (average)   =    0.00 sec.
  Wait time (average)   =    0.00 sec.
                          ------------
Total (root+branch&cut) =    0.29 sec. (49.26 ticks)

===========  RESULTS  ===========

Status of this.LIRPSolver :   Optimal
Objective function :   660.3390148453354
Time to solve the instance: 312 milliseconds
================================

