CPXPARAM_TimeLimit                               7200
CPXPARAM_Read_APIEncoding                        "UTF8"
Tried aggregator 2 times.
MIP Presolve eliminated 23653 rows and 16141 columns.
MIP Presolve added 546 rows and 0 columns.
MIP Presolve modified 929 coefficients.
Aggregator did 1 substitutions.
Reduced MIP has 3023 rows, 7582 columns, and 29619 nonzeros.
Reduced MIP has 2173 binaries, 0 generals, 0 SOSs, and 0 indicators.
Presolve time = 0.08 sec. (51.18 ticks)
Probing fixed 0 vars, tightened 492 bounds.
Probing changed sense of 10 constraints.
Probing time = 0.07 sec. (20.17 ticks)
Tried aggregator 1 time.
MIP Presolve modified 144 coefficients.
Reduced MIP has 3023 rows, 7582 columns, and 29554 nonzeros.
Reduced MIP has 2173 binaries, 0 generals, 0 SOSs, and 0 indicators.
Presolve time = 0.03 sec. (22.19 ticks)
Probing time = 0.03 sec. (6.14 ticks)
Cover probing fixed 0 vars, tightened 1 bounds.
Clique table members: 493.
MIP emphasis: balance optimality and feasibility.
MIP search method: dynamic search.
Parallel mode: deterministic, using up to 4 threads.
Root relaxation solution time = 0.12 sec. (100.56 ticks)

        Nodes                                         Cuts/
   Node  Left     Objective  IInf  Best Integer    Best Bound    ItCnt     Gap

      0     0     8750.5879   134                   8750.5879     2857         
*     0+    0                        17526.6935     8750.5879            50.07%
*     0+    0                        17348.7590     8750.5879            49.56%
      0     0     9820.1182   118    17348.7590     Cuts: 406     3677   43.40%
      0     0     9940.7713   147    17348.7590     Cuts: 370     4385   42.70%
      0     0    10045.1639   150    17348.7590     Cuts: 416     5250   42.10%
      0     0    10113.0247   164    17348.7590     Cuts: 387     5932   41.71%
*     0+    0                        13878.8299    10113.0247            27.13%
      0     0    10152.8084   163    13878.8299     Cuts: 400     6465   26.85%
*     0+    0                        13636.6393    10152.8084            25.55%
      0     0    10186.4018   175    13636.6393     Cuts: 325     7142   25.30%
*     0+    0                        13258.6164    10186.4018            23.17%
      0     0    10205.2966   193    13258.6164     Cuts: 276     7870   23.03%
*     0+    0                        13053.0298    10205.2966            21.82%
      0     0    10224.0321   189    13053.0298     Cuts: 276     8587   21.67%
*     0+    0                        11934.2842    10224.0321            14.33%
      0     0    10233.3084   186    11934.2842     Cuts: 262     9095   14.25%
*     0+    0                        11816.4789    10233.3084            13.40%
      0     0    10239.0635   194    11816.4789     Cuts: 205     9610   13.35%
      0     0    10248.0914   192    11816.4789     Cuts: 192    10233   13.27%
*     0+    0                        11775.4460    10248.0914            12.97%
      0     0    10253.1552   190    11775.4460     Cuts: 185    10676   12.93%
      0     0    10259.7275   193    11775.4460     Cuts: 185    11263   12.87%
      0     0    10263.8353   200    11775.4460     Cuts: 154    11746   12.84%
      0     0    10266.5235   200    11775.4460     Cuts: 154    12198   12.81%
      0     0    10274.1576   191    11775.4460     Cuts: 123    12665   12.75%
      0     0    10277.0433   199    11775.4460     Cuts: 123    13092   12.72%
      0     0    10278.9282   215    11775.4460     Cuts: 141    13469   12.71%
      0     0    10281.2903   194    11775.4460     Cuts: 126    13838   12.69%
      0     0    10283.1100   209    11775.4460     Cuts: 141    14241   12.67%
      0     0    10283.8011   209    11775.4460     Cuts: 146    14544   12.67%
*     0+    0                        11313.1724    10283.8011             9.10%
      0     2    10283.8011   209    11313.1724    10304.4784    14544    8.92%
Elapsed time = 18.57 sec. (12608.81 ticks, tree = 0.01 MB, solutions = 10)
      1     3    10303.4037   201    11313.1724    10304.4784    15516    8.92%
      3     4    10310.6472   171    11313.1724    10304.4784    16246    8.92%
      9    10    10300.1833   137    11313.1724    10304.4784    20043    8.92%
     16    11    10320.1062   140    11313.1724    10304.4784    21806    8.92%
     22    16    10332.7045   177    11313.1724    10304.4784    23802    8.92%
     30    27    10331.5954   136    11313.1724    10304.4784    28854    8.92%
     36    34    10322.3213   117    11313.1724    10304.4784    31123    8.92%
     42    37    10370.5139   115    11313.1724    10304.4784    32461    8.92%
     52    45    10357.6108   114    11313.1724    10304.4784    35739    8.92%
     85    72    10389.4971    75    11313.1724    10304.4784    44786    8.92%
Elapsed time = 26.35 sec. (16091.85 ticks, tree = 0.15 MB, solutions = 10)
    120   106    10393.1637    93    11313.1724    10304.4784    55106    8.92%
    146   138    10502.7141    54    11313.1724    10304.4784    65895    8.92%
    176   166    10555.7281    46    11313.1724    10304.4784    74796    8.92%
    219   202    10441.7345    68    11313.1724    10304.4784    90082    8.92%
    251   226    10792.2243    39    11313.1724    10304.4784    96093    8.92%
    277   267    10577.3272    54    11313.1724    10304.4784   109913    8.92%
    326   290    10576.1919    67    11313.1724    10304.4784   118031    8.92%
    359   327    10979.5382    36    11313.1724    10304.4784   126394    8.92%
    400   373    11131.8917    24    11313.1724    10304.4784   141159    8.92%
    438   398    11203.2068    32    11313.1724    10304.4784   145800    8.92%
Elapsed time = 49.06 sec. (25884.71 ticks, tree = 1.62 MB, solutions = 10)
    488   443    11218.2472    32    11313.1724    10304.4784   155620    8.92%
    531   485    11147.2030    37    11313.1724    10304.4784   167357    8.92%
    602   553    11176.5091    35    11313.1724    10304.4784   186692    8.92%
    664   600    11227.4898    28    11313.1724    10304.4784   193883    8.92%
    727   644        cutoff          11313.1724    10304.4784   211693    8.92%
    807   734    11299.3656    15    11313.1724    10304.4784   232945    8.92%
    890   761    11102.5297    31    11313.1724    10304.4784   244103    8.92%
    977   840    11200.5413    35    11313.1724    10304.4784   267823    8.92%
   1063   895    10406.2982   117    11313.1724    10304.4784   279489    8.92%
   1079   942    10419.4152   112    11313.1724    10304.4784   300238    8.92%
Elapsed time = 70.76 sec. (35574.74 ticks, tree = 3.98 MB, solutions = 10)
   1086   947    10484.3445    86    11313.1724    10304.4784   304496    8.92%
   1102   952    10532.9994    85    11313.1724    10304.4784   308386    8.92%
   1118   959    10438.3446   111    11313.1724    10304.4784   317199    8.92%
   1144   994    10681.0153    55    11313.1724    10304.4784   336816    8.92%
   1169  1007    10639.5405    98    11313.1724    10304.4784   346668    8.92%
   1193  1012    10669.1305    81    11313.1724    10304.4784   348822    8.92%
   1216  1071    10775.9119    55    11313.1724    10304.4784   375247    8.92%
   1259  1088    10634.2715    47    11313.1724    10304.4784   380009    8.92%
   1292  1111    10868.1057    32    11313.1724    10304.4784   388693    8.92%
   1321  1162    11003.3729    22    11313.1724    10304.4784   405833    8.92%
Elapsed time = 92.01 sec. (45418.11 ticks, tree = 5.73 MB, solutions = 10)
   1350  1173    10974.2537    21    11313.1724    10304.4784   411769    8.92%
*  1370+ 1200                        11285.5910    10304.4784             8.69%
   1404  1242    11007.7760    37    11285.5910    10304.4784   449307    8.69%
   1451  1213    10849.1056    12    11285.5910    10304.4784   454962    8.69%
   1501  1245    11096.1622    18    11285.5910    10304.4784   463354    8.69%
   1550  1327    11237.1147    20    11285.5910    10304.4784   490211    8.69%
   1619  1346    11186.5199    16    11285.5910    10304.4784   494677    8.69%
   1692  1394    11141.0340    24    11285.5910    10304.4784   509449    8.69%
   1798  1509    11211.3201    20    11285.5910    10304.4784   535229    8.69%
*  1833+ 1424                        11262.4643    10304.4784             8.51%
*  1854+ 1410                        11217.5355    10304.4784             8.14%
*  1863+ 1410                        11216.5262    10304.4784             8.13%
   1883  1538    11074.0782     8    11216.5262    10304.4784   543369    8.13%
*  1888+ 1410                        11195.6589    10304.4784             7.96%
*  1896+ 1410                        11195.3742    10304.4784             7.96%
*  1914+ 1410                        11187.8968    10304.4784             7.90%
   2001  1572    11208.7235    12    11187.8968    10307.8435   554181    7.87%
Elapsed time = 113.42 sec. (55136.81 ticks, tree = 6.18 MB, solutions = 17)
   2132  1308    10339.2443   144    11187.8968    10307.8435   565001    7.87%
*  2157+ 1599                        11187.8968    10307.8435             7.87%
   2157  1601    10425.6785   123    11187.8968    10307.8435   558112    7.87%
   2180  1369    10516.7441    85    11187.8968    10312.4563   590846    7.82%
   2201  1436    10481.1603    91    11187.8968    10312.4563   624828    7.82%
   2223  1457    10701.2003    86    11187.8968    10312.4563   631342    7.82%
   2249  1467    10893.8692    88    11187.8968    10312.4563   635132    7.82%
   2282  1478    10534.6757   107    11187.8968    10312.4563   643069    7.82%
   2310  1525    10595.9108   122    11187.8968    10312.4563   657813    7.82%
   2355  1537    10672.7585   116    11187.8968    10312.6588   660663    7.82%
   2374  1547    10530.0203   134    11187.8968    10312.6588   670179    7.82%
Elapsed time = 135.61 sec. (65148.19 ticks, tree = 7.16 MB, solutions = 17)
   2419  1616    10654.6257    96    11187.8968    10312.6588   685545    7.82%
   2458  1638    10687.7747    80    11187.8968    10312.6588   688607    7.82%
*  2469+ 1141                        11184.9940    10331.6655             7.63%
   2469  1142    10478.1087   321    11184.9940    10478.1087   747130    6.32%
   2470  1142    10481.4192   319    11184.9940    10481.4198   748170    6.29%
   2471  1143    10481.4229   320    11184.9940    10481.4231   748210    6.29%
   2472  1144    10481.4390   331    11184.9940    10481.4494   748280    6.29%
   2474   688    10555.7594   199    11184.9940    10481.4494   750068    6.29%
   2477   602    10486.3266   293    11184.9940    10481.5918   749869    6.29%
   2480   248    10486.3427   295    11184.9940    10481.5918   752953    6.29%
   2485   208        cutoff          11184.9940    10481.5918   758782    6.29%
Elapsed time = 270.86 sec. (133327.38 ticks, tree = 1.00 MB, solutions = 18)
   2488   157    10486.7329   298    11184.9940    10481.5918   757554    6.29%
   2490   160    10715.2042   211    11184.9940    10481.5918   760316    6.29%
   2494   142    10502.5920   204    11184.9940    10481.5918   766065    6.29%
   2500    92    10625.0723   170    11184.9940    10481.5918   779801    6.29%
   2503    77    10617.4810   172    11184.9940    10481.5918   785911    6.29%
   2510    73    10487.2572   286    11184.9940    10481.5918   793607    6.29%
   2516    65    10498.4429   274    11184.9940    10481.5918   801343    6.29%
   2518    64    10604.5509   157    11184.9940    10481.5918   804251    6.29%
   2531    57    10490.9942   210    11184.9940    10481.5918   805858    6.29%
   2539    62    10491.3013   204    11184.9940    10481.5918   817976    6.29%
Elapsed time = 301.26 sec. (145626.17 ticks, tree = 0.27 MB, solutions = 18)
   2545    68    10522.6242   194    11184.9940    10481.5918   830204    6.29%
   2553    77    10491.9009   207    11184.9940    10481.5918   845928    6.29%
   2566    64    10522.8364   252    11184.9940    10481.5918   824859    6.29%
   2581    92    10563.1784   148    11184.9940    10481.5918   853870    6.29%
   2586   108    10605.7578   182    11184.9940    10481.5918   861590    6.29%
   2595    98    10547.7857   153    11184.9940    10481.5918   858804    6.29%
   2601   111    10606.2815   182    11184.9940    10481.5918   864546    6.29%
   2611   116    10595.8108   212    11184.9940    10481.5918   872971    6.29%
   2623   130    10570.2254   134    11184.9940    10481.5918   880634    6.29%
   2629    93    10530.2459   181    11184.9940    10481.5918   854977    6.29%
Elapsed time = 331.29 sec. (157023.36 ticks, tree = 1.76 MB, solutions = 18)
   2638   136    10562.3934   173    11184.9940    10481.5918   885218    6.29%
   2653   154    10571.5289   130    11184.9940    10481.5918   887092    6.29%
   2675   145    10531.3180   169    11184.9940    10481.5918   887906    6.29%
   2695   182    10523.2231   181    11184.9940    10481.5918   902476    6.29%
   2708   186    10524.6375   188    11184.9940    10481.5918   904549    6.29%
   2716   202    10673.5603   166    11184.9940    10481.5918   912524    6.29%
   2729   209    10616.3680   174    11184.9940    10481.5918   914165    6.29%
   2742   161    10572.5998   139    11184.9940    10481.5918   890251    6.29%
   2755   227    10600.1655   137    11184.9940    10481.5918   922858    6.29%
   2803   283    10674.9695   129    11184.9940    10481.5918   939858    6.29%
Elapsed time = 372.12 sec. (171059.75 ticks, tree = 9.15 MB, solutions = 18)
   2838   291    10561.3752   159    11184.9940    10481.5918   947435    6.29%
   2870   381    10542.7081   171    11184.9940    10481.5918   986787    6.29%
*  2925+  383                        11176.1349    10481.5918             6.21%
   2930   408    10740.2533    79    11176.1349    10481.5918   995934    6.21%
   2985   427    10826.3918   100    11176.1349    10481.5918  1003595    6.21%
   3054   513    10609.8639   145    11176.1349    10481.5918  1031552    6.21%
   3120   631    10798.8347    83    11176.1349    10481.5918  1074151    6.21%
*  3121+  542                        11140.0191    10481.5918             5.91%
   3180   650    10817.1772    79    11140.0191    10481.5918  1079175    5.91%
   3284   730    10691.6301   120    11140.0191    10481.5918  1103111    5.91%
   3360   846    10985.7167    52    11140.0191    10481.5918  1140591    5.91%
   3490   864    10758.7461    53    11140.0191    10481.5918  1147073    5.91%
Elapsed time = 475.36 sec. (209760.07 ticks, tree = 40.70 MB, solutions = 21)
*  3572+  924                        11110.0069    10481.5918             5.66%
   3626  1053    10802.6739    64    11110.0069    10481.5918  1190552    5.66%
   3770  1170    10861.1429    31    11110.0069    10481.5918  1211362    5.66%
   3920  1341    10941.8518    26    11110.0069    10481.5918  1244416    5.66%
*  4016+ 1278                        11105.3154    10481.5918             5.62%
   4029  1390    10747.5884    85    11105.3154    10481.5918  1251775    5.62%
   4079  1485    10546.7988   198    11105.3154    10481.5918  1282350    5.62%
   4127  1530    10625.5934   137    11105.3154    10481.5918  1300498    5.62%
   4206  1556    10730.2881   130    11105.3154    10481.5918  1312234    5.62%
   4282  1677    10744.0058   101    11105.3154    10481.5918  1356252    5.62%
   4398  1717    10949.7487   104    11105.3154    10481.5918  1381444    5.62%
   4507  1836    10860.8056    99    11105.3154    10481.5918  1402427    5.62%
Elapsed time = 586.04 sec. (249013.57 ticks, tree = 84.14 MB, solutions = 23)
   4580  1953    11019.5950    51    11105.3154    10490.5623  1438741    5.54%
   4679  2019    10968.4329    65    11105.3154    10490.5623  1459076    5.54%
   4755  2132    10937.7601    70    11105.3154    10490.5623  1497655    5.54%
   4794  2168    10576.8127   218    11105.3154    10490.7017  1510694    5.53%
   4819  2207    10566.1664   187    11105.3154    10491.1322  1525765    5.53%
   4865  2241    10885.6746   123    11105.3154    10491.1322  1549865    5.53%
   4950  2286    10895.8240   117    11105.3154    10491.1322  1574687    5.53%
   4988  2381    10918.3133   124    11105.3154    10491.1322  1601820    5.53%
   5097  2341    10742.8701   170    11105.3154    10491.1322  1601488    5.53%
   5188  2447    10833.0858   147    11105.3154    10491.1322  1636276    5.53%
Elapsed time = 694.23 sec. (288657.04 ticks, tree = 113.02 MB, solutions = 23)
   5304  2584    10955.3958   130    11105.3154    10491.1322  1663814    5.53%
   5404  2754    10940.1759   129    11105.3154    10491.1322  1701425    5.53%
   5544  2764    11078.8255   119    11105.3154    10491.1322  1703902    5.53%
   5575  2860    10581.5931   208    11105.3154    10492.1744  1742558    5.52%
   5630  2928    10757.9084   166    11105.3154    10494.3250  1760565    5.50%
   5664  2998    10897.9157   125    11105.3154    10494.3250  1783457    5.50%
   5728  3051    11061.4774   113    11105.3154    10497.6367  1810640    5.47%
   5799  3102    10683.9554   157    11105.3154    10497.6367  1841410    5.47%
   5888  3135    10794.7009   126    11105.3154    10497.6367  1848600    5.47%
   5934  3146    10673.7039   195    11105.3154    10497.6367  1865712    5.47%
Elapsed time = 802.78 sec. (327242.26 ticks, tree = 146.49 MB, solutions = 23)
*  5979+ 3216                        11031.2960    10497.6367             4.84%
*  5993+ 3216                        11026.5458    10497.6367             4.80%
   5998  3270    10874.8621   127    11026.5458    10497.6367  1903079    4.80%
   6084  3125    10843.3961   158    11026.5458    10497.6367  1928396    4.80%
   6222  3148    10864.8960   138    11026.5458    10497.6367  1931683    4.80%
   6292  3281    10976.7376    49    11026.5458    10502.5920  1964911    4.75%
   6353  3332    10627.3712   244    11026.5458    10505.2850  1980240    4.73%
   6442  3373    10682.6043   134    11026.5458    10505.2850  1998809    4.73%
   6546  3498    10949.1223    81    11026.5458    10509.5896  2014636    4.69%
*  6652+ 3609                        11013.5000    10509.5896             4.58%
   6672  3504    10782.0649   111    11013.5000    10509.5896  2032541    4.58%
*  6704+ 3594                        11013.0635    10509.5896             4.57%
   6785  3671    10805.9699   106    11013.0635    10513.0882  2071205    4.54%
   6858  3713    10833.2449   134    11013.0635    10513.0882  2088394    4.54%
Elapsed time = 909.59 sec. (366175.40 ticks, tree = 167.64 MB, solutions = 27)
   6959  3879    10907.1356   109    11013.0635    10514.2507  2122822    4.53%
   7071  3880    10717.0526   173    11013.0635    10514.2507  2131441    4.53%
   7183  4017    10947.3423    54    11013.0635    10514.2507  2140900    4.53%
   7275  4188    10788.1301   135    11013.0635    10515.0695  2188147    4.52%
   7407  4144    10914.9350   122    11013.0635    10515.0695  2183729    4.52%
   7534  4403    10872.5448    88    11013.0635    10515.0695  2240076    4.52%
   7647  4354    10874.1879   138    11013.0635    10517.3474  2238618    4.50%
   7794  4630    11008.3145   101    11013.0635    10517.3474  2285595    4.50%
   7884  4578    10891.8840   122    11013.0635    10517.9311  2287834    4.50%
   7966  4773    10951.8247    85    11013.0635    10518.8049  2318250    4.49%
Elapsed time = 1014.16 sec. (404693.41 ticks, tree = 218.86 MB, solutions = 27)
   8131  4844        cutoff          11013.0635    10518.8049  2351581    4.49%
   8296  5071    10894.4262    87    11013.0635    10518.8049  2382760    4.49%
   8443  5144    11003.8346    73    11013.0635    10520.8773  2390979    4.47%
   8527  5152    10715.0720   163    11013.0635    10521.7567  2424896    4.46%
   8577  5364    10772.6426   126    11013.0635    10521.7567  2461825    4.46%
   8632  5395    10812.8482   107    11013.0635    10521.8901  2465626    4.46%
   8752  5407    10868.9917   146    11013.0635    10521.8901  2482287    4.46%
   8895  5568    10921.8003   120    11013.0635    10521.8901  2530105    4.46%
   8975  5619    11002.2137   116    11013.0635    10521.9000  2538227    4.46%
   9087  5764        cutoff          11013.0635    10521.9000  2608124    4.46%
Elapsed time = 1124.29 sec. (443154.46 ticks, tree = 272.23 MB, solutions = 27)
   9182  5775    10948.8074   105    11013.0635    10521.9189  2598066    4.46%
   9304  5863    10881.3620   122    11013.0635    10522.1544  2639894    4.46%
   9434  5948    10903.9821    82    11013.0635    10522.1544  2662697    4.46%
   9502  6046    10769.9559   129    11013.0635    10522.4804  2699726    4.45%
   9577  6293    10847.8159    93    11013.0635    10522.5082  2747503    4.45%
   9700  6302    11004.8263   126    11013.0635    10522.5082  2762158    4.45%
   9762  6431    10697.5654   164    11013.0635    10522.5477  2799728    4.45%
   9845  6340    10911.5470   160    11013.0635    10522.5886  2778646    4.45%
   9980  6516    10932.8947    91    11013.0635    10522.5886  2822233    4.45%
  10105  6633    10891.3592   112    11013.0635    10522.7238  2862852    4.45%
Elapsed time = 1254.79 sec. (481643.00 ticks, tree = 294.53 MB, solutions = 27)
  10207  6685    10938.4187    94    11013.0635    10522.7238  2870736    4.45%
  10326  6807    10715.2958   161    11013.0635    10522.7277  2915917    4.45%
  10376  6839    10847.7671   124    11013.0635    10522.7854  2923671    4.45%
  10482  7093    10782.1294   132    11013.0635    10522.7854  2988566    4.45%
  10603  7170    11002.2123    56    11013.0635    10522.7854  3020880    4.45%
  10689  7218    10839.5923   141    11013.0635    10522.7854  3040165    4.45%
  10785  7180    10627.3440   187    11013.0635    10522.7854  3029513    4.45%
  10829  7351    10795.8201   130    11013.0635    10522.8484  3083908    4.45%
  10931  7481    10788.5010   166    11013.0635    10522.8634  3127277    4.45%
  11004  7546    10988.1738    82    11013.0635    10522.8634  3142997    4.45%
Elapsed time = 1354.67 sec. (520608.11 ticks, tree = 308.91 MB, solutions = 27)
  11066  7638    10994.2892    97    11013.0635    10523.0851  3192724    4.45%
  11096  7542    10585.9710   174    11013.0635    10523.0851  3162246    4.45%
  11139  7628    11007.2033   108    11013.0635    10523.1973  3187301    4.45%
  11177  7745    10892.2252   123    11013.0635    10523.2775  3261481    4.45%
  11268  7736    10678.3461   164    11013.0635    10523.2775  3269585    4.45%
  11360  7831    10969.1061    56    11013.0635    10523.6066  3290979    4.44%
  11449  7878    10750.8730   152    11013.0635    10523.6066  3324823    4.44%
  11567  7906    10846.5953   115    11013.0635    10523.6674  3331887    4.44%
  11710  7978    10964.7262    65    11013.0635    10523.6674  3343314    4.44%
  11856  8101    10671.8501   169    11013.0635    10523.6674  3372789    4.44%
Elapsed time = 1464.64 sec. (559283.30 ticks, tree = 345.57 MB, solutions = 27)
  11876  8355    10752.8819   142    11013.0635    10523.8072  3430981    4.44%
  11926  8377    10796.0554   107    11013.0635    10523.8072  3437563    4.44%
  12016  8405    10850.1412   117    11013.0635    10524.8967  3444280    4.43%
  12080  8428    10853.8765   143    11013.0635    10524.9306  3463986    4.43%
  12168  8458    10953.7108   115    11013.0635    10524.9306  3471607    4.43%
  12299  8489    10918.4916   113    11013.0635    10524.9306  3492727    4.43%
  12417  8619    10875.9201   154    11013.0635    10524.9306  3534117    4.43%
  12527  8767    11006.6671    44    11013.0635    10525.1749  3558258    4.43%
  12579  8837    10689.9901   177    11013.0635    10525.1749  3574365    4.43%
  12600  9015    10821.9130   158    11013.0635    10526.0042  3638540    4.42%
Elapsed time = 1577.81 sec. (598072.71 ticks, tree = 388.05 MB, solutions = 27)
  12653  9039    10943.9030    70    11013.0635    10526.0166  3645830    4.42%
  12763  9103    10954.8523    58    11013.0635    10526.0166  3675848    4.42%
  12846  9093    10793.6696    93    11013.0635    10526.0166  3690996    4.42%
  12883  9271    10616.2008   152    11013.0635    10526.0166  3747581    4.42%
  12938  9205    10917.3413   123    11013.0635    10526.1185  3743725    4.42%
  13051  9311    10871.2621   101    11013.0635    10526.2305  3761989    4.42%
  13134  9453    11004.7920    92    11013.0635    10526.3465  3833398    4.42%
  13195  9382    10666.3830   273    11013.0635    10526.3465  3797100    4.42%
  13222  9470    10760.0103   119    11013.0635    10526.4329  3847365    4.42%
  13299  9581    10791.0872   134    11013.0635    10526.8615  3877706    4.41%
Elapsed time = 1688.09 sec. (637161.61 ticks, tree = 422.07 MB, solutions = 27)
  13389  9623    10836.4020    87    11013.0635    10526.8615  3884099    4.41%
  13454  9766    10976.4688    78    11013.0635    10526.8615  3951979    4.41%
  13515  9809    10683.7955   188    11013.0635    10527.5791  3972255    4.41%
  13544  9818    10872.3192   173    11013.0635    10527.5791  3979680    4.41%
  13582  9879    10905.5888   167    11013.0635    10529.1432  3997766    4.39%
  13618  9986    10969.1294   130    11013.0635    10529.1432  4070651    4.39%
  13665  9923    10792.3797   143    11013.0635    10529.7279  4039476    4.39%
  13732 10079    10844.5406   129    11013.0635    10529.7279  4113235    4.39%
  13820 10120    10973.7786   161    11013.0635    10529.7279  4133910    4.39%
  13892 10164    10940.9121    80    11013.0635    10529.9890  4125900    4.39%
Elapsed time = 1804.35 sec. (676520.50 ticks, tree = 446.07 MB, solutions = 27)
  13962 10219    10994.0570    77    11013.0635    10529.9890  4131221    4.39%
  14011 10158    10837.0341   115    11013.0635    10530.2726  4166151    4.38%
  14088 10328    10946.0795   150    11013.0635    10530.3241  4203099    4.38%
  14194 10252    10926.2242    49    11013.0635    10530.3241  4177812    4.38%
  14380 10545    10964.8836    31    11013.0635    10530.5896  4239195    4.38%
  14517 10593    10701.0126   168    11013.0635    10530.7327  4303417    4.38%
  14543 10549    10795.8494   109    11013.0635    10530.7327  4289846    4.38%
  14601 10815    10783.1052   106    11013.0635    10531.3006  4345832    4.37%
  14664 10929    10908.2170    40    11013.0635    10531.3006  4388812    4.37%
  14764 11004    10946.1216    29    11013.0635    10531.3979  4394080    4.37%
Elapsed time = 2128.05 sec. (715329.44 ticks, tree = 492.53 MB, solutions = 27)
  14890 10856    10865.9984   150    11013.0635    10531.3979  4382940    4.37%
  14954 10971    10872.1117    97    11013.0635    10531.3979  4417718    4.37%
  15039 11010    10924.7642    54    11013.0635    10531.6235  4424544    4.37%
  15123 11068    10974.6441    50    11013.0635    10531.6235  4431323    4.37%
  15258 11042    10919.8369    54    11013.0635    10531.6235  4472615    4.37%
  15371 11442    11008.1251    68    11013.0635    10531.7159  4540091    4.37%
  15388 11548    10688.7048   135    11013.0635    10531.7159  4566634    4.37%
  15416 11370    10800.5087   142    11013.0635    10531.7159  4517935    4.37%
  15480 11613    10676.4914   212    11013.0635    10531.7428  4601169    4.37%
  15584 11620    10941.2093    85    11013.0635    10531.7428  4588588    4.37%
Elapsed time = 2272.64 sec. (754368.16 ticks, tree = 533.56 MB, solutions = 27)
  15722 11662    10698.1569   141    11013.0635    10531.7428  4609219    4.37%
  15810 11679    10715.2638   132    11013.0635    10531.7428  4614487    4.37%
  15858 11872    10730.0323   126    11013.0635    10531.7428  4691702    4.37%
  15968 12074    10978.8136    36    11013.0635    10531.7428  4742034    4.37%
  16102 11821    10933.4207    83    11013.0635    10531.7428  4693343    4.37%
  16180 11987    10954.2911   142    11013.0635    10531.7428  4733596    4.37%
  16249 12236    10870.8371   123    11013.0635    10531.7428  4784144    4.37%
  16289 12352    10872.8588   141    11013.0635    10531.7428  4828883    4.37%
  16358 12293    10952.3492    78    11013.0635    10531.7428  4794581    4.37%
  16416 12409    10932.9533    81    11013.0635    10533.6802  4861144    4.35%
Elapsed time = 2374.05 sec. (793066.80 ticks, tree = 581.00 MB, solutions = 27)
  16511 12526    10884.3067   121    11013.0635    10534.9090  4906436    4.34%
  16579 12509    10825.6375    78    11013.0635    10534.9090  4892118    4.34%
  16634 12527    10896.3969    99    11013.0635    10535.9022  4899237    4.33%
  16704 12556    10704.8595   195    11013.0635    10537.3584  4927733    4.32%
  16807 12772    10808.4100   175    11013.0635    10537.3584  5014819    4.32%
  16888 12655    10554.1754   214    11013.0635    10537.3789  4961983    4.32%
  16946 12762    10919.0908    79    11013.0635    10537.3789  4978031    4.32%
  17053 12863    10744.4252   158    11013.0635    10537.3789  5055369    4.32%
  17131 13166    10989.2370    50    11013.0635    10537.7499  5118276    4.32%
  17189 13003    10868.6634   173    11013.0635    10537.7499  5083754    4.32%
Elapsed time = 2477.55 sec. (831756.11 ticks, tree = 618.99 MB, solutions = 27)
  17241 13025    10958.7102   147    11013.0635    10537.7499  5090759    4.32%
  17305 13270    10784.1179   174    11013.0635    10537.8675  5189982    4.31%
  17377 13276    10945.3708   111    11013.0635    10538.0511  5161301    4.31%
  17495 13319    10932.7191   102    11013.0635    10538.0511  5203166    4.31%
  17551 13352    10996.4837    69    11013.0635    10538.0511  5211102    4.31%
  17576 13373    10661.4642   161    11013.0635    10538.7110  5227192    4.31%
  17599 13649    10719.5276   143    11013.0635    10538.7110  5312442    4.31%
  17644 13670    10748.3683   130    11013.0635    10538.7110  5318767    4.31%
  17691 13607    10966.6555   114    11013.0635    10539.0219  5302131    4.30%
  17766 13698    10898.6582   131    11013.0635    10539.0374  5338408    4.30%
Elapsed time = 2586.75 sec. (871094.74 ticks, tree = 639.76 MB, solutions = 27)
  17856 13809    10935.6410    51    11013.0635    10539.0374  5383916    4.30%
  17974 13686    10641.4842   175    11013.0635    10539.1750  5363668    4.30%
  17982 13692    10834.6429   153    11013.0635    10539.1750  5371041    4.30%
  18029 13850    10951.0395    99    11013.0635    10539.1750  5434061    4.30%
  18118 13884    11012.7413    77    11013.0635    10540.5071  5441505    4.29%
  18153 13883    10582.9771   206    11013.0635    10540.9621  5444917    4.29%
  18187 13886    10725.5371   164    11013.0635    10540.9621  5451528    4.29%
  18236 14098    10950.5976    86    11013.0635    10541.4036  5521869    4.28%
  18275 14156    10789.4166   201    11013.0635    10541.7768  5559213    4.28%
  18319 14127    10893.0099   127    11013.0635    10542.3820  5532263    4.27%
Elapsed time = 2692.70 sec. (911393.40 ticks, tree = 657.16 MB, solutions = 27)
  18366 14160    10992.6231    68    11013.0635    10542.4638  5539692    4.27%
  18396 14282    10931.3356   177    11013.0635    10542.4638  5624349    4.27%
  18451 14302    10981.9744   177    11013.0635    10542.7414  5631118    4.27%
  18511 14392    10998.7758   134    11013.0635    10542.7713  5684908    4.27%
  18566 14399    10940.1771    68    11013.0635    10542.7713  5671241    4.27%
  18626 14365    10909.4673   151    11013.0635    10542.8091  5651134    4.27%
  18655 14495    10949.5714   142    11013.0635    10542.8091  5740714    4.27%
  18691 14577    10762.9766   166    11013.0635    10542.8091  5774143    4.27%
  18730 14510    10797.5221   172    11013.0635    10543.4306  5751239    4.26%
  18765 14621    10723.7643   171    11013.0635    10543.4306  5793973    4.26%
Elapsed time = 2794.39 sec. (950143.73 ticks, tree = 682.70 MB, solutions = 27)
  18808 14644    10754.4568   155    11013.0635    10543.4306  5798984    4.26%
  18848 14612    10873.8385   131    11013.0635    10543.4306  5796531    4.26%
  18943 14718    10960.4623    85    11013.0635    10543.8388  5871322    4.26%
  19057 14658    10854.2115    94    11013.0635    10543.8388  5852560    4.26%
  19160 14873    10844.7093   129    11013.0635    10543.8388  5914683    4.26%
  19238 14904    10894.0226   113    11013.0635    10543.9780  5920889    4.26%
  19308 14982    10821.1268   137    11013.0635    10543.9780  5971261    4.26%
  19404 15135    10748.2850   142    11013.0635    10543.9780  5999439    4.26%
  19468 15160    10919.9214   114    11013.0635    10543.9780  6006975    4.26%
  19525 15027    10567.0094   203    11013.0635    10544.7781  5989220    4.25%
Elapsed time = 2898.44 sec. (988889.96 ticks, tree = 688.84 MB, solutions = 27)
  19543 15030    10626.5552   182    11013.0635    10544.7781  5994745    4.25%
  19572 15280    10948.1788   133    11013.0635    10544.7888  6040855    4.25%
  19657 15325    11006.4622    64    11013.0635    10544.9152  6048274    4.25%
  19720 15380    10878.4697   160    11013.0635    10544.9152  6098561    4.25%
  19799 15391    10893.0211   152    11013.0635    10545.2024  6105378    4.25%
  19834 15475    10940.1165    80    11013.0635    10545.2024  6138597    4.25%
  19881 15623    10763.0150   195    11013.0635    10545.2374  6180058    4.25%
  19937 15635    10778.0239   180    11013.0635    10546.7989  6186433    4.23%
  20000 15568    10868.6507    97    11013.0635    10546.7989  6175994    4.23%
  20057 15828    10920.2263    86    11013.0635    10546.8937  6286340    4.23%
Elapsed time = 3006.27 sec. (1027710.10 ticks, tree = 715.00 MB, solutions = 27)
  20151 15873    11007.4573    58    11013.0635    10546.8937  6294861    4.23%
  20217 15890    10912.1705    93    11013.0635    10546.8937  6315892    4.23%
  20289 15915    10963.6473   103    11013.0635    10546.8937  6323548    4.23%
  20399 15983    10956.0400   109    11013.0635    10546.8937  6356142    4.23%
  20438 16089    10841.8790   119    11013.0635    10546.9038  6414821    4.23%
  20466 16105    10883.1530   137    11013.0635    10546.9038  6420932    4.23%
  20524 16005    10732.0892   162    11013.0635    10547.3324  6370186    4.23%
  20582 16312    10887.7232   103    11013.0635    10547.9229  6504721    4.22%
  20659 16256    10774.7143   173    11013.0635    10547.9229  6478608    4.22%
  20759 16280    10825.0417   116    11013.0635    10547.9229  6485130    4.22%
Elapsed time = 3118.87 sec. (1066393.18 ticks, tree = 749.61 MB, solutions = 27)
  20825 16327    10877.1874   108    11013.0635    10548.1855  6492212    4.22%
  20897 16358    10964.9097   113    11013.0635    10548.1855  6498336    4.22%
  20976 16414    11003.0156   107    11013.0635    10548.1855  6552705    4.22%
  21014 16727    10906.6899   130    11013.0635    10548.9978  6628872    4.21%
  21055 16751    10978.1271   111    11013.0635    10548.9978  6635845    4.21%
  21099 16471    10710.3990   185    11013.0635    10548.9978  6583115    4.21%
  21137 16484    10763.0182   174    11013.0635    10548.9978  6588971    4.21%
  21187 16763    10832.6690   156    11013.0635    10548.9978  6668381    4.21%
  21269 16787    10852.8882   119    11013.0635    10550.9882  6674974    4.20%
  21352 16807    10903.4359    63    11013.0635    10550.9882  6680931    4.20%
Elapsed time = 3226.94 sec. (1104764.64 ticks, tree = 780.12 MB, solutions = 27)
  21428 17002    10934.4586    60    11013.0635    10550.9882  6774863    4.20%
  21565 17089    10993.1779    26    11013.0635    10550.9882  6782962    4.20%
  21636 16946    10922.9871   127    11013.0635    10550.9882  6759841    4.20%
  21676 17082    11002.6798   197    11013.0635    10551.7281  6813498    4.19%
  21742 17129    10786.4258   157    11013.0635    10551.7281  6798325    4.19%
  21793 17084    10676.4128   194    11013.0635    10551.7281  6820968    4.19%
  21833 17423    10941.0111   106    11013.0635    10551.8956  6905035    4.19%
  21883 17181    10709.0469   184    11013.0635    10551.8956  6854953    4.19%
  21931 17326    10752.7418   159    11013.0635    10551.8956  6895981    4.19%
  22006 17448    10745.3229   198    11013.0635    10552.5429  6922559    4.18%
Elapsed time = 3345.46 sec. (1143700.96 ticks, tree = 810.05 MB, solutions = 27)
  22101 17461    10784.6174   168    11013.0635    10552.5429  6928380    4.18%
  22187 17653    10815.2517   186    11013.0635    10552.5429  7018638    4.18%
* 22202+17649                        10949.4593    10552.5429             3.62%
  22254 17587    10867.0685   133    10949.4593    10552.5429  6968378    3.62%
  22335 17634    10892.5734   111    10949.4593    10552.5429  6972915    3.62%
  22402 13069    10727.2131   156    10949.4593    10552.5429  7071189    3.62%
  22455 13086    10767.4527   145    10949.4593    10552.5429  7077245    3.62%
  22501 13107    10807.5379   117    10949.4593    10552.9365  7083375    3.62%
  22558 13131    10894.0208    86    10949.4593    10552.9365  7090861    3.62%
  22630 13329    10857.3948   133    10949.4593    10552.9365  7135694    3.62%
  22678 13278    10788.2419   145    10949.4593    10552.9365  7117002    3.62%
Elapsed time = 3486.19 sec. (1182357.38 ticks, tree = 583.46 MB, solutions = 28)
  22716 13361    10633.7942   214    10949.4593    10552.9365  7148927    3.62%
* 22722+13401                        10946.7727    10554.6551             3.58%
  22764 13363    10693.7317   202    10946.7727    10554.6551  7155138    3.58%
  22804 13360    10783.9131   152    10946.7727    10554.6551  7254996    3.58%
  22856 13499    10946.6944   132    10946.7727    10554.6551  7222589    3.58%
  22884 13497    10574.6182   272    10946.7727    10555.0278  7225067    3.58%
  22918 13501    10602.7878   273    10946.7727    10555.0278  7230119    3.58%
  22966 13406    10637.1919   174    10946.7727    10556.2113  7300515    3.57%
  23005 13426    10666.3249   241    10946.7727    10556.2113  7322495    3.57%
  23046 13423    10924.7244   147    10946.7727    10556.5984  7313990    3.56%
  23093 13472    10746.8836   154    10946.7727    10556.5984  7333659    3.56%
Elapsed time = 3646.63 sec. (1221600.70 ticks, tree = 575.57 MB, solutions = 29)
  23124 13489    10758.3795   153    10946.7727    10556.5984  7339620    3.56%
  23173 13648    10765.0283   173    10946.7727    10556.5984  7435788    3.56%
  23223 13662    10808.3248   159    10946.7727    10556.5984  7442047    3.56%
  23288 13685    10868.3191   129    10946.7727    10556.6915  7448514    3.56%
  23352 13781    10867.3026   132    10946.7727    10556.6915  7505702    3.56%
  23435 13713    10920.4523   109    10946.7727    10556.6915  7457107    3.56%
  23506 13797    10910.2539   164    10946.7727    10556.6915  7544091    3.56%
  23543 13805    10919.8911   155    10946.7727    10556.6915  7550857    3.56%
  23580 14025    10699.4041   187    10946.7727    10557.3001  7594084    3.56%
  23621 14040    10734.9171   178    10946.7727    10557.3001  7600050    3.56%
Elapsed time = 3841.83 sec. (1260341.23 ticks, tree = 606.17 MB, solutions = 29)
  23677 14056    10819.2728   170    10946.7727    10557.3001  7605993    3.56%
  23728 14112    10835.2539   148    10946.7727    10557.3001  7645790    3.56%
  23794 14148    10933.4073   117    10946.7727    10558.8688  7653565    3.54%
  23844 14225    10873.6668   119    10946.7727    10558.8688  7703153    3.54%
  23909 14257    10699.2074   202    10946.7727    10558.9886  7734755    3.54%
  23961 14268    10753.5242   180    10946.7727    10559.4779  7740701    3.54%
  24008 14310    10646.3879   152    10946.7727    10559.4779  7719058    3.54%
  24067 14320    10902.6325   129    10946.7727    10559.4779  7726298    3.54%
  24126 14349    10932.1916    82    10946.7727    10559.5943  7792913    3.54%
  24150 14347    10642.5213   200    10946.7727    10559.5943  7766529    3.54%
Elapsed time = 4015.40 sec. (1299399.36 ticks, tree = 629.79 MB, solutions = 29)
  24176 14508    10846.3931    83    10946.7727    10559.9282  7852986    3.53%
  24210 14636    10758.5134   114    10946.7727    10559.9856  7914360    3.53%
  24276 14630    10913.4040    86    10946.7727    10560.6376  7889912    3.53%
  24326 14677    10862.0062    85    10946.7727    10560.6376  7927072    3.53%
  24384 14689    10646.7349   209    10946.7727    10561.1342  7979634    3.52%
  24396 14695    10854.4260   202    10946.7727    10561.1342  7987522    3.52%
  24420 14707    10914.3972   175    10946.7727    10561.1342  7994425    3.52%
  24453 14744    10728.6181   161    10946.7727    10561.4188  8016645    3.52%
  24477 14837    10931.5658   132    10946.7727    10561.4188  8056981    3.52%
  24518 14730    10941.3716   116    10946.7727    10561.4450  8015011    3.52%
Elapsed time = 4212.05 sec. (1338834.00 ticks, tree = 645.80 MB, solutions = 29)
  24550 14868    10782.9574   167    10946.7727    10561.4450  8096154    3.52%
  24588 14884    10816.3978   157    10946.7727    10561.4625  8102488    3.52%
  24632 14914    10898.0821   168    10946.7727    10561.4625  8139614    3.52%
  24681 14919    10915.1683   128    10946.7727    10561.4625  8116375    3.52%
  24713 15013    10769.0984   161    10946.7727    10562.3134  8213898    3.51%
  24747 15034    10802.8361   162    10946.7727    10562.3134  8219251    3.51%
  24790 14940    10685.7862   179    10946.7727    10562.3134  8158574    3.51%
  24870 14976    10888.6332   134    10946.7727    10562.3134  8188305    3.51%
  24953 15104    10899.4391   133    10946.7727    10562.3134  8268090    3.51%
  25001 15121    10939.2051   130    10946.7727    10562.3134  8274493    3.51%
Elapsed time = 4328.71 sec. (1377644.83 ticks, tree = 664.10 MB, solutions = 29)
  25042 15300    10706.8392   195    10946.7727    10563.1787  8351594    3.50%
  25085 15207    10922.1759    90    10946.7727    10563.2402  8307593    3.50%
  25138 15307    10754.6492   190    10946.7727    10563.2402  8363298    3.50%
  25174 15312    10942.7125   143    10946.7727    10563.2661  8369715    3.50%
  25216 15224    10880.3785   111    10946.7727    10563.2661  8332215    3.50%
  25273 15572    10917.1204   109    10946.7727    10563.2661  8459901    3.50%
  25368 15495    10865.4703   162    10946.7727    10563.2661  8446045    3.50%
  25415 15591    10911.9602   131    10946.7727    10563.3829  8500539    3.50%
  25428 15624    10779.3920   184    10946.7727    10563.3829  8475119    3.50%
  25455 15501    10734.5053   165    10946.7727    10563.3829  8460597    3.50%
Elapsed time = 4455.21 sec. (1416393.14 ticks, tree = 686.76 MB, solutions = 29)
  25507 15690    10834.9695   143    10946.7727    10563.3829  8535596    3.50%
  25558 15721    10933.3254    82    10946.7727    10563.3829  8570376    3.50%
  25596 15805    10748.1534   174    10946.7727    10563.6435  8597493    3.50%
  25628 15702    10644.0114   157    10946.7727    10563.8860  8552842    3.50%
  25666 15712    10738.0687   137    10946.7727    10563.8860  8559761    3.50%
  25714 15865    10917.3181   148    10946.7727    10564.2531  8615790    3.49%
  25750 15920    10883.5661   110    10946.7727    10564.2531  8679294    3.49%
  25774 15918    10688.3186   206    10946.7727    10564.5466  8704381    3.49%
  25780 15936    10697.0388   184    10946.7727    10564.5466  8693195    3.49%
  25804 15950    10804.6237   136    10946.7727    10564.9410  8699275    3.49%
Elapsed time = 4605.55 sec. (1455964.39 ticks, tree = 691.30 MB, solutions = 29)
  25843 16000    10756.4494   153    10946.7727    10564.9410  8748988    3.49%
  25892 15946    10806.6522   154    10946.7727    10565.0598  8720016    3.49%
  25931 16146    10859.7552   148    10946.7727    10565.0598  8829361    3.49%
  25965 16164    10920.7907   120    10946.7727    10565.0598  8836822    3.49%
  25998 16175    10612.5080   201    10946.7727    10565.4117  8843166    3.48%
  26018 16183    10675.8516   190    10946.7727    10565.4117  8849051    3.48%
  26047 16198    10709.0447   148    10946.7727    10565.4117  8855010    3.48%
  26081 16211    10735.1013   136    10946.7727    10565.4117  8860821    3.48%
  26131 16224    10782.4548   115    10946.7727    10565.4117  8867479    3.48%
  26157 16232    10609.9652   206    10946.7727    10565.4117  8927614    3.48%
Elapsed time = 4789.05 sec. (1495232.79 ticks, tree = 718.57 MB, solutions = 29)
  26178 16263    10839.6564   142    10946.7727    10565.4117  8961824    3.48%
* 26182+16334                        10945.3468    10565.4117             3.47%
* 26190+16334                        10929.7047    10565.4117             3.33%
  26208 16272        cutoff          10929.7047    10565.4117  8968234    3.33%
  26231 16421    10846.2650   146    10929.7047    10566.0861  9057350    3.33%
  26250 16433    10884.9443   151    10929.7047    10566.0861  9062070    3.33%
* 26271+16365                        10929.7047    10566.0861             3.33%
  26282 16461    10911.8371   130    10929.7047    10566.1818  9098105    3.33%
  26319 16458    10627.4904   183    10929.7047    10566.1818  9073942    3.33%
  26325 16462    10684.5117   190    10929.7047    10566.1818  9079662    3.33%
  26339 16483    10840.5738   156    10929.7047    10566.1818  9117270    3.33%
  26366 16496    10891.0290   149    10929.7047    10566.1818  9123137    3.33%
  26399 16544    10879.6124   149    10929.7047    10566.1818  9136910    3.33%
Elapsed time = 4908.33 sec. (1535807.06 ticks, tree = 727.16 MB, solutions = 29)
  26438 16562    10668.4803   164    10929.7047    10566.1818  9145779    3.33%
  26446 16569    10805.5289   124    10929.7047    10566.1818  9152097    3.33%
  26462 16583    10933.2031   137    10929.7047    10566.1818  9159103    3.33%
  26477 16594    10809.9223   148    10929.7047    10566.1818  9178088    3.33%
  26495 16587    10631.8726   187    10929.7047    10566.1818  9165814    3.33%
  26508 16654    10726.1822   180    10929.7047    10566.1818  9210008    3.33%
  26526 16662    10821.1236   145    10929.7047    10566.1818  9216310    3.33%
  26556 16699    10846.0182   125    10929.7047    10566.1818  9240523    3.33%
  26592 16687    10893.9588   123    10929.7047    10566.1818  9229012    3.33%
  26632 16751    10938.2006    84    10929.7047    10566.1818  9253888    3.33%
Elapsed time = 5012.35 sec. (1577032.53 ticks, tree = 731.56 MB, solutions = 29)
  26648 16697    10751.0665   165    10929.7047    10566.1818  9241136    3.33%
  26657 16733    10743.8261   151    10929.7047    10566.1818  9275517    3.33%
  26666 16739    10828.4846   130    10929.7047    10566.1818  9280820    3.33%
  26683 16819    10863.8338   148    10929.7047    10566.1818  9313470    3.33%
  26710 16761    10864.7986   118    10929.7047    10566.1818  9294290    3.33%
  26738 16836    10637.5762   178    10929.7047    10566.1818  9325667    3.33%
  26767 16845    10728.4819   142    10929.7047    10566.1818  9332537    3.33%
  26786 16863    10795.0104   127    10929.7047    10566.1818  9339566    3.33%
  26810 16878    10834.0437    89    10929.7047    10566.1818  9345973    3.33%
  26842 16950    10903.0707    78    10929.7047    10566.1818  9392325    3.33%
Elapsed time = 5106.87 sec. (1617999.48 ticks, tree = 748.22 MB, solutions = 29)
  26859 16962    10710.0222   219    10929.7047    10566.1818  9400610    3.33%
  26869 16885    10768.9149   199    10929.7047    10566.1818  9357108    3.33%
  26887 16971    10665.7697   211    10929.7047    10566.1818  9413604    3.33%
  26903 16980    10724.5171   200    10929.7047    10566.1818  9419442    3.33%
  26923 17019    10908.3692   208    10929.7047    10566.1818  9445433    3.33%
  26947 17023    10581.1992   210    10929.7047    10566.1818  9449973    3.33%
  26959 17032    10689.0907   186    10929.7047    10566.1818  9456528    3.33%
  26974 17041    10880.7182   203    10929.7047    10566.1818  9462068    3.33%
  27009 17023    10945.4676   109    10929.7047    10566.1818  9447508    3.33%
  27015 17072    10628.0363   197    10929.7047    10566.1818  9488726    3.33%
Elapsed time = 5223.42 sec. (1663548.48 ticks, tree = 756.80 MB, solutions = 29)
  27031 17084    10680.5273   189    10929.7047    10566.1818  9494641    3.33%
  27052 17102    10703.9823   193    10929.7047    10566.1818  9500705    3.33%
  27082 17122    10734.8307   162    10929.7047    10566.1818  9506594    3.33%
  27112 17151    10774.7070   157    10929.7047    10566.1818  9512535    3.33%
  27146 17178    10807.0573   112    10929.7047    10566.1818  9519030    3.33%
  27186 17206    10884.0977    74    10929.7047    10566.1818  9525952    3.33%
  27224 17153    10866.3201   170    10929.7047    10566.1818  9551417    3.33%
  27250 17317    10919.5003   114    10929.7047    10566.1818  9597897    3.33%
  27272 17278    10869.0518   149    10929.7047    10566.1818  9576668    3.33%
  27292 17294    10928.1406    91    10929.7047    10566.1818  9584234    3.33%
Elapsed time = 5305.11 sec. (1703195.92 ticks, tree = 692.80 MB, solutions = 30)
  27315 17324    10687.7838   186    10929.7047    10567.8734  9603718    3.31%
  27350 17309    10674.8066   168    10929.7047    10567.8734  9595589    3.31%
  27391 17357    10754.3381   123    10929.7047    10569.0973  9615136    3.30%
  27437 15779    10876.9120   163    10929.7047    10569.0973  9620100    3.30%
  27474 15832    10870.7762    94    10929.7047    10569.0973  9653213    3.30%
  27485 15863    10775.1442   164    10929.7047    10569.6689  9673140    3.29%
  27518 15873    10902.1112   142    10929.7047    10569.8315  9679869    3.29%
  27557 15845    10865.0949   157    10929.7047    10569.8315  9670055    3.29%
  27595 15957    10752.3711   137    10929.7047    10569.8315  9757203    3.29%
  27615 15860    10665.2113   193    10929.7047    10569.8315  9678965    3.29%
Elapsed time = 5419.70 sec. (1742108.74 ticks, tree = 702.02 MB, solutions = 31)
  27648 15987    10902.5489   110    10929.7047    10570.1039  9771067    3.29%
  27690 16013    10795.0698   170    10929.7047    10570.1521  9798316    3.29%
  27714 16058    10694.2502   259    10929.7047    10570.3501  9862927    3.29%
  27741 16047    10926.0690   126    10929.7047    10570.3864  9811498    3.29%
  27762 16026    10754.2051   190    10929.7047    10570.3864  9836850    3.29%
  27789 16148    10864.8587   146    10929.7047    10570.3864  9911625    3.29%
  27818 16032    10766.0381   194    10929.7047    10570.6858  9847505    3.28%
  27850 16193    10833.5580   136    10929.7047    10570.6858  9943515    3.28%
  27905 16211    10880.7517   104    10929.7047    10570.6858  9950177    3.28%
  27988 16191    10779.6956   155    10929.7047    10570.6858  9936829    3.28%
Elapsed time = 5552.71 sec. (1782487.72 ticks, tree = 711.27 MB, solutions = 31)
  28000 16217    10817.7502   136    10929.7047    10570.7254  9987392    3.28%
  28028 16304    10897.2273   156    10929.7047    10570.7254 10056077    3.28%
  28062 16276    10862.2724   168    10929.7047    10570.7254 10027212    3.28%
  28094 16297    10896.6516   149    10929.7047    10570.7254 10033801    3.28%
  28135 16238    10751.9253   179    10929.7047    10570.7254 10010216    3.28%
  28174 16332    10817.5826   200    10929.7047    10570.9748 10076090    3.28%
  28205 16529    10858.5253   192    10929.7047    10571.0334 10199754    3.28%
  28253 16540    10887.0695   180    10929.7047    10571.0334 10203931    3.28%
  28294 16504    10912.0851   145    10929.7047    10571.0334 10180721    3.28%
  28328 16559    10706.7346   180    10929.7047    10571.0604 10238539    3.28%
Elapsed time = 5707.62 sec. (1822104.05 ticks, tree = 721.89 MB, solutions = 31)
  28350 16513    10809.6591   147    10929.7047    10571.0604 10191531    3.28%
  28396 16577    10783.1738   154    10929.7047    10571.0604 10247586    3.28%
  28450 16690    10892.4216    91    10929.7047    10571.2238 10318901    3.28%
  28481 16634    10674.0448   182    10929.7047    10571.2615 10285746    3.28%
  28517 16737    10909.1327   123    10929.7047    10571.2615 10355582    3.28%
  28556 16743    10650.4155   200    10929.7047    10571.2615 10360743    3.28%
  28599 16677    10881.2400   134    10929.7047    10571.2615 10302494    3.28%
  28650 16788    10724.8329   148    10929.7047    10571.2761 10383566    3.28%
  28686 16857    10784.9223   152    10929.7047    10571.3990 10415991    3.28%
  28734 16805    10909.3760   119    10929.7047    10571.4073 10384452    3.28%
Elapsed time = 5836.99 sec. (1861242.85 ticks, tree = 744.51 MB, solutions = 31)
  28789 16909    10751.6806   189    10929.7047    10571.4073 10458478    3.28%
  28809 16867    10618.1071   232    10929.7047    10571.6832 10431366    3.28%
  28826 16925    10785.2177   198    10929.7047    10571.6832 10465019    3.28%
  28871 16846    10761.6681   169    10929.7047    10571.6832 10415290    3.28%
  28916 16971    10909.3422   151    10929.7047    10571.8491 10477147    3.27%
  28948 17079    10818.1638   139    10929.7047    10571.8491 10541219    3.27%
  28998 17105    10858.5360   134    10929.7047    10572.1458 10547496    3.27%
  29056 17121    10900.5071   139    10929.7047    10572.1458 10553547    3.27%
  29072 17177    10687.1064   150    10929.7047    10572.5132 10618231    3.27%
  29087 17197    10894.3882   189    10929.7047    10572.5132 10656728    3.27%
Elapsed time = 5952.87 sec. (1899945.51 ticks, tree = 762.91 MB, solutions = 31)
  29106 17127    10784.7683   174    10929.7047    10572.5132 10568795    3.27%
  29116 17187    10729.2002   151    10929.7047    10572.5132 10637137    3.27%
  29137 17265    10842.8493   153    10929.7047    10572.5738 10699280    3.27%
  29170 17336    10860.3422   139    10929.7047    10572.7440 10756801    3.27%
  29213 17346        cutoff          10929.7047    10572.7440 10763427    3.27%
  29240 17327    10627.7723   197    10929.7047    10572.9936 10733150    3.26%
  29282 17394    10839.3651    80    10929.7047    10572.9936 10803125    3.26%
  29329 17360    10707.1572   163    10929.7047    10572.9936 10744264    3.26%
  29372 17379    10744.0153   118    10929.7047    10572.9936 10750114    3.26%
  29410 17404    10781.6011   116    10929.7047    10573.0936 10755447    3.26%
Elapsed time = 6070.83 sec. (1939143.94 ticks, tree = 772.71 MB, solutions = 31)
  29455 17438    10887.7788   164    10929.7047    10573.1002 10827155    3.26%
  29499 17537    10880.8577    94    10929.7047    10573.1305 10882857    3.26%
  29550 17598    10628.4664   288    10929.7047    10573.4805 10951260    3.26%
  29569 17601    10638.7936   275    10929.7047    10573.4805 10954215    3.26%
  29591 17398    10730.8888   198    10929.7047    10573.4805 10860836    3.26%
  29610 17630    10766.7766   188    10929.7047    10573.8597 10989055    3.26%
  29638 17609    10722.6462   168    10929.7047    10573.8597 10968405    3.26%
  29675 17660    10886.0886   132    10929.7047    10573.9047 11001542    3.26%
  29704 17617    10760.1294   112    10929.7047    10574.0749 10979067    3.25%
  29740 17792    10901.4990   109    10929.7047    10574.0749 11074709    3.25%
Elapsed time = 6176.96 sec. (1978325.70 ticks, tree = 774.66 MB, solutions = 31)
  29767 17802    10835.4573   133    10929.7047    10574.0749 11103304    3.25%
  29803 17736    10911.8532   162    10929.7047    10574.0749 11052008    3.25%
  29824 17741        cutoff          10929.7047    10574.6098 11058549    3.25%
  29871 17820    10841.0574   139    10929.7047    10574.6098 11119730    3.25%
  29911 17840    10888.5738   137    10929.7047    10574.6098 11126562    3.25%
  29952 17936    10781.4953   160    10929.7047    10574.6098 11231931    3.25%
  29987 17951    10863.7620   124    10929.7047    10574.6098 11238054    3.25%
  30043 17933    10903.2259    79    10929.7047    10574.6391 11209033    3.25%
  30082 18011    10896.4672   101    10929.7047    10574.6391 11283856    3.25%
  30106 17936    10704.6257   233    10929.7047    10574.6391 11216267    3.25%
Elapsed time = 6289.37 sec. (2017574.99 ticks, tree = 789.65 MB, solutions = 31)
  30133 18052    10857.4141   138    10929.7047    10574.7756 11319632    3.25%
  30178 18063        cutoff          10929.7047    10574.8281 11326466    3.25%
  30213 18031    10825.3443   208    10929.7047    10574.8281 11304738    3.25%
  30246 18045    10871.6968   192    10929.7047    10575.6818 11310857    3.24%
  30288 18125    10833.0463   142    10929.7047    10575.7902 11376872    3.24%
  30308 18136    10879.2392   118    10929.7047    10575.7902 11383808    3.24%
  30328 18073    10749.4721   207    10929.7047    10575.7902 11349143    3.24%
  30357 18233    10862.3693   151    10929.7047    10575.7902 11427513    3.24%
  30390 18148    10810.7690   190    10929.7047    10575.8353 11398418    3.24%
  30412 18280    10683.3644   201    10929.7047    10575.9027 11469711    3.24%
Elapsed time = 6408.98 sec. (2056888.31 ticks, tree = 810.83 MB, solutions = 31)
  30443 18388    10663.3911   220    10929.7047    10576.0525 11565925    3.24%
  30456 18393    10744.7663   204    10929.7047    10576.1487 11571086    3.23%
  30478 18403    10786.5159   159    10929.7047    10576.1487 11576662    3.23%
  30512 18353    10820.4492   172    10929.7047    10576.1487 11543196    3.23%
  30562 18317    10779.3076   199    10929.7047    10576.1487 11516836    3.23%
  30607 18476    10820.7431   186    10929.7047    10576.1843 11649577    3.23%
  30642 18451    10888.6124   172    10929.7047    10576.2213 11634072    3.23%
  30682 18456    10900.8010   170    10929.7047    10576.8021 11640178    3.23%
  30723 18458    10927.9780   155    10929.7047    10576.8021 11646602    3.23%
  30736 18578    10815.2293   135    10929.7047    10576.8021 11737370    3.23%
Elapsed time = 6521.02 sec. (2096765.68 ticks, tree = 827.94 MB, solutions = 31)
  30749 18531    10677.0711   213    10929.7047    10576.8188 11708264    3.23%
  30767 18520    10873.1852   195    10929.7047    10576.8188 11680358    3.23%
  30808 18545    10807.2922   166    10929.7047    10576.8188 11718984    3.23%
  30819 18592    10689.2904   227    10929.7047    10577.4124 11758550    3.22%
  30854 18638    10892.1821   108    10929.7047    10577.8528 11794077    3.22%
  30894 18738    10879.1550   142    10929.7047    10577.9539 11859942    3.22%
  30933 18649    10755.3056   161    10929.7047    10577.9539 11803682    3.22%
  30976 18679    10905.5063   135    10929.7047    10578.0314 11830798    3.22%
  31010 18682    10623.9660   179    10929.7047    10578.0314 11837110    3.22%
  31028 18791    10925.2739   155    10929.7047    10578.0314 11912540    3.22%
Elapsed time = 6638.03 sec. (2136333.95 ticks, tree = 842.20 MB, solutions = 31)
  31044 18757    10767.9474   202    10929.7047    10578.2677 11884675    3.22%
  31058 18814    10726.2815   226    10929.7047    10578.2677 11949519    3.22%
  31100 18941    10694.8653   173    10929.7047    10578.3847 12028777    3.21%
  31150 18834    10856.7576   168    10929.7047    10578.3847 11960330    3.21%
  31185 18977    10828.7734   145    10929.7047    10578.3847 12041991    3.21%
  31236 19002    10917.4632   120    10929.7047    10578.3958 12049174    3.21%
  31269 18857    10799.7370   124    10929.7047    10578.3958 11990870    3.21%
  31294 18910    10805.6442   158    10929.7047    10578.3958 12019756    3.21%
  31332 18919    10833.9214   146    10929.7047    10578.3958 12025658    3.21%
  31384 19116    10868.0016    85    10929.7047    10579.0084 12147452    3.21%
Elapsed time = 6751.65 sec. (2175435.35 ticks, tree = 854.32 MB, solutions = 31)
  31450 19137    10918.9768    71    10929.7047    10579.2357 12154857    3.21%
  31521 19099    10906.9918    57    10929.7047    10579.2357 12117043    3.21%
  31563 19266    10869.9816   124    10929.7047    10579.2357 12206435    3.21%
  31593 19109    10751.4241   143    10929.7047    10579.6606 12127133    3.20%
  31662 19172    10822.3904   124    10929.7047    10579.6606 12177645    3.20%
  31688 19296        cutoff          10929.7047    10579.6606 12243729    3.20%
  31735 19305    10826.2822   133    10929.7047    10579.6606 12226518    3.20%
  31760 19313    10910.0070   115    10929.7047    10579.7314 12232855    3.20%
  31789 19306    10773.9134   147    10929.7047    10579.8130 12259513    3.20%
  31829 19325    10815.9196   112    10929.7047    10579.8130 12264552    3.20%
Elapsed time = 6867.95 sec. (2214482.44 ticks, tree = 883.91 MB, solutions = 31)
  31880 19504    10862.0290   123    10929.7047    10579.9360 12334197    3.20%
  31933 19515    10907.8320   119    10929.7047    10579.9360 12341146    3.20%
  31984 19404    10797.5194   166    10929.7047    10579.9360 12294025    3.20%
  32011 19422    10852.1078   150    10929.7047    10579.9360 12300043    3.20%
  32046 19673    10776.4216   187    10929.7047    10579.9360 12421610    3.20%
  32071 19688    10802.8414   173    10929.7047    10579.9360 12426612    3.20%
  32088 19700    10784.5720   182    10929.7047    10579.9360 12443169    3.20%
  32112 19707    10876.5251   155    10929.7047    10579.9360 12438884    3.20%
  32131 19437    10878.4863   138    10929.7047    10579.9360 12302369    3.20%
  32156 19722    10814.7010   192    10929.7047    10581.2507 12450572    3.19%
Elapsed time = 6973.61 sec. (2255670.79 ticks, tree = 906.06 MB, solutions = 31)
  32191 19829    10734.6402   176    10929.7047    10581.2507 12534928    3.19%
  32242 19838    10758.0705   164    10929.7047    10581.2507 12540096    3.19%
  32303 19925    10752.6852   191    10929.7047    10581.2507 12574083    3.19%
  32337 19938    10794.8317   178    10929.7047    10581.2507 12580001    3.19%
  32401 19964    10816.3835   147    10929.7047    10581.2507 12585218    3.19%
  32487 20029    10736.0367   179    10929.7047    10581.2507 12603183    3.19%
  32569 20180    10855.6739   135    10929.7047    10581.2507 12668193    3.19%
  32612 20071    10765.3526   164    10929.7047    10581.2507 12612823    3.19%
* 32620+20104                        10917.5802    10581.2507             3.08%
  32652 18907    10912.0954    65    10917.5802    10581.2507 12682825    3.08%
  32677 20203    10749.2760   200    10917.5802    10581.2526 12685183    3.08%
Elapsed time = 7073.63 sec. (2294493.22 ticks, tree = 868.77 MB, solutions = 32)
  32691 20214    10829.0272   169    10917.5802    10581.2526 12691221    3.08%
  32718 20234    10872.4073   134    10917.5802    10581.2526 12696852    3.08%
  32748 18995    10779.5425   162    10917.5802    10581.2526 12703968    3.08%
  32793 19021    10786.0418   153    10917.5802    10581.2526 12707970    3.08%
  32866 18935        cutoff          10917.5802    10581.2526 12715637    3.08%
  32912 19022    10764.2160   205    10917.5802    10581.2526 12755928    3.08%
  32953 19105    10763.0595   178    10917.5802    10581.2526 12792735    3.08%
  33006 19141    10818.1415   173    10917.5802    10581.2526 12837489    3.08%
  33051 19031    10906.2872   143    10917.5802    10581.2526 12765521    3.08%
  33096 19108    10700.4004   178    10917.5802    10581.2526 12734366    3.08%
Elapsed time = 7171.95 sec. (2334154.57 ticks, tree = 883.86 MB, solutions = 32)
  33127 19039    10880.0544   180    10917.5802    10581.8505 12776259    3.08%
  33154 19274    10838.1008   155    10917.5802    10581.8505 12873736    3.08%
  33175 19161    10888.5866   122    10917.5802    10581.8505 12847849    3.08%

GUB cover cuts applied:  2
Clique cuts applied:  34
Cover cuts applied:  2
Implied bound cuts applied:  310
Flow cuts applied:  603
Mixed integer rounding cuts applied:  1487
Flow path cuts applied:  88
Zero-half cuts applied:  12
Lift and project cuts applied:  41
Gomory fractional cuts applied:  2

Root node processing (before b&c):
  Real time             =   18.52 sec. (12545.02 ticks)
Parallel b&c, 4 threads:
  Real time             = 7181.63 sec. (2335688.34 ticks)
  Sync time (average)   =  190.15 sec.
  Wait time (average)   =    0.02 sec.
                          ------------
Total (root+branch&cut) = 7200.15 sec. (2348233.37 ticks)

===========  RESULTS  ===========
Status of the solver :   Feasible
 Best solution found :   10917.580192217782 Best LB : 
10581.889688930842period 0 route 0(status 1.0) location 0 q 99.66618563442799
period 0 route 2(status 1.0) location 2 q 100.0
period 2 route 0(status 1.0) location 0 q 100.0
period 2 route 2(status 1.0) location 2 q 100.0
period 3 route 0(status 1.0) location 0 q 100.00000000000001
period 3 route 2(status 1.0) location 2 q 98.48397138212721
period 4 route 0(status 1.0) location 0 q 66.2470756685189
period 4 route 2(status 1.0) location 2 q 100.0
period 5 route 0(status 1.0) location 0 q 65.34783070302286
period 5 route 2(status 1.0) location 2 q 60.72615201547517
period 8 route 0(status 1.0) location 0 q 72.10152925512206
period 8 route 2(status 1.0) location 2 q 74.50370575351324
period 9 route 0(status 1.0) location 0 q 74.99999999990472
period 9 route 2(status 1.0) location 2 q 75.00000000000374
period 0 route 44(status 0.9999999999998367) location 1 q 15.554211066640248
period 0 route 44(status 0.9999999999998367) location 7 q 10.671249952326153
period 0 route 128(status 1.0) location 0 q 27.046720820097814
period 0 route 128(status 1.0) location 3 q 20.208853811853988
period 0 route 128(status 1.0) location 6 q 18.145310132409747
period 0 route 212(status 1.0) location 2 q 12.486091694629645
period 0 route 212(status 1.0) location 4 q 14.867888295427495
period 0 route 212(status 1.0) location 5 q 12.600964655750584
period 0 route 212(status 1.0) location 8 q 8.344816688853205
period 0 route 212(status 1.0) location 9 q 23.46178251789948
period 2 route 40(status 1.0) location 0 q 35.26835012256746
period 2 route 40(status 1.0) location 3 q 27.082809813750952
period 2 route 153(status 1.0) location 1 q 14.224365198064746
period 2 route 153(status 1.0) location 6 q 44.05292499298939
period 2 route 153(status 1.0) location 7 q 13.970665108253648
period 2 route 212(status 1.0) location 2 q 17.388277832815938
period 2 route 212(status 1.0) location 4 q 19.00137421419042
period 2 route 212(status 1.0) location 5 q 16.494464779268057
period 2 route 212(status 1.0) location 8 q 10.530215681390269
period 2 route 212(status 1.0) location 9 q 11.585667492335318
period 3 route 128(status 1.0) location 0 q 39.01080166733732
period 3 route 128(status 1.0) location 3 q 30.240473304121732
period 3 route 128(status 1.0) location 6 q 5.748725028540947
period 3 route 143(status 1.0) location 1 q 18.729570630458117
period 3 route 143(status 1.0) location 2 q 19.038918189390365
period 3 route 143(status 1.0) location 7 q 15.87688515145748
period 3 route 209(status 1.0) location 4 q 20.357611949747206
period 3 route 209(status 1.0) location 5 q 18.420521411968924
period 3 route 209(status 1.0) location 8 q 11.736463071358951
period 3 route 209(status 1.0) location 9 q 22.519210358419627
period 4 route 40(status 1.0) location 0 q 28.692025079656442
period 4 route 40(status 1.0) location 3 q 21.9554230020906
period 4 route 153(status 1.0) location 1 q 24.01462102241503
period 4 route 153(status 1.0) location 6 q 19.997913739373526
period 4 route 153(status 1.0) location 7 q 28.82398853856094
period 4 route 212(status 1.0) location 2 q 12.671403689966876
period 4 route 212(status 1.0) location 4 q 15.63570268734991
period 4 route 212(status 1.0) location 5 q 13.460889231259259
period 4 route 212(status 1.0) location 8 q 8.320157764714784
period 4 route 212(status 1.0) location 9 q 16.158922295146297
period 5 route 128(status 1.0) location 0 q 25.746903029230225
period 5 route 128(status 1.0) location 3 q 18.45379156643058
period 5 route 128(status 1.0) location 6 q 16.525457419814366
period 5 route 212(status 1.0) location 2 q 10.39004726256462
period 5 route 212(status 1.0) location 4 q 13.964825478334877
period 5 route 212(status 1.0) location 5 q 18.912975381755153
period 5 route 212(status 1.0) location 8 q 7.913450599014942
period 5 route 212(status 1.0) location 9 q 14.166531981435911
period 8 route 128(status 1.0) location 0 q 19.492095655678167
period 8 route 128(status 1.0) location 3 q 17.076576358047088
period 8 route 128(status 1.0) location 6 q 37.935033739822444
period 8 route 211(status 1.0) location 1 q 27.57082728196534
period 8 route 211(status 1.0) location 2 q 9.05430005642623
period 8 route 211(status 1.0) location 4 q 17.87969944454097
period 8 route 211(status 1.0) location 8 q 6.1877700809497025
period 8 route 211(status 1.0) location 9 q 11.408932391407443
period 9 route 127(status 1.0) location 0 q 35.48261900232961
period 9 route 127(status 1.0) location 3 q 26.075238702220005
period 9 route 127(status 1.0) location 7 q 13.442142295450383
period 9 route 212(status 1.0) location 2 q 15.88499562059887
period 9 route 212(status 1.0) location 4 q 12.046073423377672
period 9 route 212(status 1.0) location 5 q 16.08786229017724
period 9 route 212(status 1.0) location 8 q 10.794044950854667
period 9 route 212(status 1.0) location 9 q 20.187023714991547
==================================================
Time to solve the instance: 7225517 milliseconds
=================================================

