CPXPARAM_TimeLimit                               7200
CPXPARAM_Read_APIEncoding                        "UTF8"
Tried aggregator 2 times.
MIP Presolve eliminated 21638 rows and 14961 columns.
MIP Presolve added 694 rows and 0 columns.
MIP Presolve modified 1085 coefficients.
Aggregator did 1 substitutions.
Reduced MIP has 2906 rows, 6672 columns, and 25692 nonzeros.
Reduced MIP has 1983 binaries, 0 generals, 0 SOSs, and 0 indicators.
Presolve time = 0.07 sec. (43.94 ticks)
Probing fixed 0 vars, tightened 384 bounds.
Probing changed sense of 10 constraints.
Probing time = 0.10 sec. (15.17 ticks)
Tried aggregator 1 time.
MIP Presolve modified 20 coefficients.
Reduced MIP has 2906 rows, 6672 columns, and 25692 nonzeros.
Reduced MIP has 1983 binaries, 0 generals, 0 SOSs, and 0 indicators.
Presolve time = 0.03 sec. (17.14 ticks)
Probing time = 0.04 sec. (5.47 ticks)
Cover probing fixed 0 vars, tightened 5 bounds.
Clique table members: 500.
MIP emphasis: balance optimality and feasibility.
MIP search method: dynamic search.
Parallel mode: deterministic, using up to 4 threads.
Root relaxation solution time = 0.10 sec. (62.92 ticks)

        Nodes                                         Cuts/
   Node  Left     Objective  IInf  Best Integer    Best Bound    ItCnt     Gap

*     0+    0                        15186.7297        0.0000           100.00%
      0     0     7051.4432   109    15186.7297     7051.4432     2561   53.57%
      0     0     7609.4313   178    15186.7297     Cuts: 430     3247   49.89%
      0     0     7838.9785   171    15186.7297     Cuts: 486     3872   48.38%
      0     0     7997.3418   167    15186.7297     Cuts: 471     4703   47.34%
*     0+    0                        10663.5372     7997.3418            25.00%
      0     0     8059.7465   181    10663.5372     Cuts: 400     5348   24.42%
      0     0     8098.2732   195    10663.5372     Cuts: 407     6151   24.06%
*     0+    0                        10619.1861     8098.2732            23.74%
      0     0     8129.1816   199    10619.1861     Cuts: 424     6944   23.45%
      0     0     8150.6047   198    10619.1861     Cuts: 340     7692   23.25%
*     0+    0                        10539.2704     8150.6047            22.66%
      0     0     8181.1176   196    10539.2704     Cuts: 358     8539   22.37%
      0     0     8201.0418   188    10539.2704     Cuts: 326     9170   22.19%
*     0+    0                        10260.5302     8201.0418            20.07%
      0     0     8213.9306   185    10260.5302     Cuts: 317     9716   19.95%
      0     0     8223.1585   183    10260.5302     Cuts: 291    10180   19.86%
      0     0     8231.9903   200    10260.5302     Cuts: 259    10662   19.77%
      0     0     8242.3967   194    10260.5302     Cuts: 278    11291   19.67%
      0     0     8246.8195   203    10260.5302     Cuts: 296    11785   19.63%
      0     0     8249.6729   212    10260.5302     Cuts: 276    12202   19.60%
      0     0     8252.4986   209    10260.5302     Cuts: 226    12602   19.57%
      0     0     8254.5009   200    10260.5302     Cuts: 158    12907   19.55%
      0     0     8259.5469   210    10260.5302     Cuts: 213    13455   19.50%
      0     0     8263.7162   207    10260.5302     Cuts: 195    13802   19.46%
      0     0     8267.3019   230    10260.5302     Cuts: 161    14469   19.43%
      0     0     8269.0256   223    10260.5302     Cuts: 212    14817   19.41%
      0     0     8270.2852   222    10260.5302     Cuts: 184    15147   19.40%
      0     2     8270.2852   222    10260.5302     8270.3559    15147   19.40%
Elapsed time = 26.37 sec. (13599.33 ticks, tree = 0.01 MB, solutions = 5)
      1     3     8402.6300   144    10260.5302     8270.3559    18130   19.40%
      3     4     8410.1985   147    10260.5302     8270.3559    18988   19.40%
      4     5     9810.5032   159    10260.5302     8402.7527    24476   18.11%
      8    10     9883.2966   118    10260.5302     8410.2018    29651   18.03%
     18    15     9950.7210   116    10260.5302     8410.3111    30781   18.03%
     29    17     8961.2961   105    10260.5302     8410.3111    33200   18.03%
     38    16     9225.3780   112    10260.5302     8410.3111    33231   18.03%
     47    46     9981.0960    99    10260.5302     8410.3111    46299   18.03%
     59    49     9243.0961    99    10260.5302     8410.3111    47580   18.03%
     99    88     9171.4470    28    10260.5302     8410.3111    62384   18.03%
Elapsed time = 35.08 sec. (18207.90 ticks, tree = 0.17 MB, solutions = 5)
    155   130     9339.0829    13    10260.5302     8410.3111    73792   18.03%
*   166+  101                         9987.9048     8410.3111            15.80%
    197   158     9732.8632    19     9987.9048     8410.3111    83621   15.80%
    279   204     9194.1170    26     9987.9048     8410.3111    98083   15.80%
    352   299     9612.8797     4     9987.9048     8589.7943   121545   14.00%
    452   373     9903.7051    10     9987.9048     8589.7943   140035   14.00%
    537   397     9687.6984     7     9987.9048     8589.7943   147448   14.00%
    593   455     9695.5054    10     9987.9048     8879.2472   165465   11.10%
*   641+  480                         9786.8723     8879.2472             9.27%
    672   521     9870.4693     7     9786.8723     8879.2472   181013    9.27%
*   696+  446                         9761.7027     8902.2244             8.80%
    729   468     9344.3963    26     9761.7027     8902.2244   193508    8.80%
    772   469     9234.0353    43     9761.7027     8902.2244   202443    8.80%
Elapsed time = 56.06 sec. (27879.31 ticks, tree = 1.50 MB, solutions = 8)
    889   559     9530.8169    23     9761.7027     8902.2298   214319    8.80%
   1037   634     9301.4533    39     9761.7027     8902.2298   226760    8.80%
*  1123+  705                         9672.8842     8902.2298             7.97%
*  1127+  705                         9656.1851     8902.2298             7.81%
   1141   744     9575.2462    25     9656.1851     8953.2564   244835    7.28%
   1219   774     9085.6460    46     9656.1851     8961.4196   249599    7.20%
*  1223+  561                         9648.5232     8961.4196             7.12%
   1223   562     8420.2417   247     9648.5232     8961.4196   282568    7.12%
   1224   562     8421.7302   247     9648.5232     8961.4196   282935    7.12%
   1226   564     9218.0241   105     9648.5232     8961.4196   289381    7.12%
   1229   453     9233.4867   100     9648.5232     8961.4196   292395    7.12%
   1235   231     9283.0406   100     9648.5232     8961.4196   296078    7.12%
   1242   167     9262.6480   121     9648.5232     8961.4196   301360    7.12%
Elapsed time = 133.42 sec. (72012.62 ticks, tree = 0.67 MB, solutions = 11)
   1249    60     9248.3396   102     9648.5232     8961.4196   309386    7.12%
   1257    49     9290.4634   114     9648.5232     8961.4196   311373    7.12%
   1268    45     8639.2496   135     9648.5232     8961.4196   318424    7.12%
   1290    49     9322.0339   139     9648.5232     8961.4196   328867    7.12%
   1301    63     9328.9742   107     9648.5232     8961.4196   335642    7.12%
   1337    73     9464.8812    95     9648.5232     8961.4196   334300    7.12%
   1362   101     9515.9824    76     9648.5232     8961.4196   350533    7.12%
   1380   125     9327.0966   121     9648.5232     8961.4196   356692    7.12%
   1413    67     8674.0173   125     9648.5232     8961.4196   347896    7.12%
   1421   172     9353.4121   105     9648.5232     8961.4196   372978    7.12%
Elapsed time = 155.52 sec. (82130.48 ticks, tree = 3.87 MB, solutions = 11)
   1436   149     8899.1355   184     9648.5232     8961.4196   370052    7.12%
   1464   192     9437.8608    90     9648.5232     8961.4196   383555    7.12%
   1486   215     9365.2671   101     9648.5232     8961.4196   391843    7.12%
   1509   223        cutoff           9648.5232     8961.4196   398287    7.12%
   1526   228        cutoff           9648.5232     8961.4196   399537    7.12%
   1557   242     9370.6571    96     9648.5232     8961.4196   407538    7.12%
   1599   299     9081.6072    58     9648.5232     8961.4196   419370    7.12%
   1634   319     9443.1533    86     9648.5232     8961.4196   427329    7.12%
   1677   362     9222.5979    43     9648.5232     8961.4196   433233    7.12%
   1747   412     9120.7727    44     9648.5232     8961.4196   443538    7.12%
Elapsed time = 179.19 sec. (92178.27 ticks, tree = 11.62 MB, solutions = 11)
   1798   491     9485.0042    26     9648.5232     8961.4196   453369    7.12%
   1875   446     9350.9929    43     9648.5232     8961.4196   448053    7.12%
   1951   577     9387.7213    39     9648.5232     8961.4196   465861    7.12%
   1993   516     9450.3726    82     9648.5232     8961.4196   461935    7.12%
   2031   656     9532.0838    37     9648.5232     8961.4196   475350    7.12%
   2062   583     8721.6590   126     9648.5232     8961.4196   472154    7.12%
   2087   747     9647.9548    44     9648.5232     8961.4196   490387    7.12%
   2096   771     9077.0635   184     9648.5232     8961.4196   501608    7.12%
   2117   772     9066.0273   132     9648.5232     8961.4196   500856    7.12%
   2136   792     9064.5333   124     9648.5232     8961.4196   515375    7.12%
Elapsed time = 202.17 sec. (102316.06 ticks, tree = 28.12 MB, solutions = 11)
   2168   798        cutoff           9648.5232     8961.4196   517716    7.12%
   2204   835     9105.1631    50     9648.5232     8961.4196   532713    7.12%
   2239   889     9575.6559    32     9648.5232     8961.4196   538275    7.12%
   2288   885     9263.3712    58     9648.5232     8961.4196   539931    7.12%
   2321   899     9406.9185    46     9648.5232     8961.4196   542773    7.12%
   2358   981     9609.2882    38     9648.5232     8961.4196   553804    7.12%
   2387   940     9641.8618    96     9648.5232     8961.4196   551756    7.12%
   2405   989        cutoff           9648.5232     8961.4196   565746    7.12%
   2413  1009     9177.6477    55     9648.5232     8961.4196   574948    7.12%
   2429  1023        cutoff           9648.5232     8961.4196   572699    7.12%
Elapsed time = 225.27 sec. (112554.37 ticks, tree = 38.05 MB, solutions = 11)
   2456   988     9065.4747   115     9648.5232     8961.4196   567750    7.12%
   2479  1060     9417.8161    45     9648.5232     8961.4196   585628    7.12%
   2509  1074     9549.1349    31     9648.5232     8961.4196   598088    7.12%
   2539  1124     9541.2689    31     9648.5232     8961.4196   603408    7.12%
   2574  1131     9396.7190    25     9648.5232     8961.4196   609774    7.12%
   2590  1147     9386.3687    22     9648.5232     8961.4196   612186    7.12%
   2626  1080     9598.8933   114     9648.5232     8961.4196   603975    7.12%
   2658  1191     9622.9485   106     9648.5232     8961.4196   628334    7.12%
   2676  1208     9250.3838    42     9648.5232     8961.4196   635423    7.12%
   2697  1225    infeasible           9648.5232     8961.4196   638899    7.12%
Elapsed time = 248.88 sec. (122461.14 ticks, tree = 47.55 MB, solutions = 11)
   2719  1251     9148.8048    53     9648.5232     8961.4196   642898    7.12%
   2751  1266     9273.3669    48     9648.5232     8961.4196   645715    7.12%
   2766  1271     9312.2885    39     9648.5232     8961.4196   647159    7.12%
*  2767+  890                         9604.1817     8961.4196             6.69%
   2767   891     8521.7998   314     9604.1817     9020.4355   694624    6.08%
   2768   892     8613.3982   200     9604.1817     9020.4355   697007    6.08%
   2769   893     8839.3037   159     9604.1817     9020.4355   699492    6.08%
   2773   503     9221.9903   121     9604.1817     9020.4355   710346    6.08%
   2779   278     9554.2483   106     9604.1817     9020.4355   706631    6.08%
   2804    66     9122.1287    50     9604.1817     9020.4355   714972    6.08%
   2832    45     9502.8325    54     9604.1817     9020.4355   730497    6.08%
Elapsed time = 356.97 sec. (181684.40 ticks, tree = 0.83 MB, solutions = 12)
   2858    61     9219.1154    41     9604.1817     9020.4355   736764    6.08%
   2891    92     9473.0076    21     9604.1817     9020.4355   746123    6.08%
   2914   112     9107.7171    75     9604.1817     9020.4355   755709    6.08%
   2959   147     9445.8402    58     9604.1817     9020.4355   766989    6.08%
   2996   169     9464.8959    67     9604.1817     9020.4355   775568    6.08%
   3045   207     9567.7980    52     9604.1817     9053.7745   780268    5.73%
*  3067+  219                         9472.1589     9055.0692             4.40%
   3082   245     9556.3360    18     9472.1589     9069.3207   794338    4.25%
   3116   161     9299.5212    46     9472.1589     9069.3207   796409    4.25%
   3159   168     9306.3156    40     9472.1589     9072.8961   806949    4.22%
*  3302+  319                         9456.4184     9072.8961             4.06%
   3355   321     9270.8135    50     9456.4184     9073.7584   848830    4.05%
Elapsed time = 393.57 sec. (194219.76 ticks, tree = 10.64 MB, solutions = 14)
   3543   507     9180.4950    55     9456.4184     9092.0126   901771    3.85%
*  3603+  517                         9438.3789     9092.6822             3.66%
   3712   547     9341.1455    60     9438.3789     9102.8841   928455    3.55%
   3869   728     9246.3418    57     9438.3789     9131.1626   974344    3.25%
   3995   820     9404.5748    56     9438.3789     9142.0904  1011762    3.14%
   4159   922     9352.3121    63     9438.3789     9152.4463  1042228    3.03%
   4317  1050     9412.4771    52     9438.3789     9158.8619  1078098    2.96%
   4466  1203     9395.8935    46     9438.3789     9170.0749  1131274    2.84%
   4620  1325     9358.3252    39     9438.3789     9172.0189  1166761    2.82%
   4747  1393     9263.4700    52     9438.3789     9184.0257  1194791    2.69%
   4887  1521     9326.0934    60     9438.3789     9188.1265  1243821    2.65%
Elapsed time = 491.00 sec. (232581.78 ticks, tree = 66.46 MB, solutions = 15)
   5048  1595     9351.2012    34     9438.3789     9191.8460  1275796    2.61%
   5178  1703     9294.5735    57     9438.3789     9195.0897  1316233    2.58%
   5318  1795     9300.0036    40     9438.3789     9199.8433  1348205    2.53%
   5465  1921     9393.6700    47     9438.3789     9201.3848  1390999    2.51%
   5654  2013     9370.3684    27     9438.3789     9205.6319  1421890    2.47%
   5854  2213     9350.5313    36     9438.3789     9207.7809  1469695    2.44%
   6030  2370     9370.7768    15     9438.3789     9212.0248  1519618    2.40%
   6172  2457     9323.4953    57     9438.3789     9213.6593  1548185    2.38%
   6332  2531     9253.2288    64     9438.3789     9218.5390  1579851    2.33%
   6465  2654     9312.6872    35     9438.3789     9220.1233  1623406    2.31%
Elapsed time = 589.62 sec. (270911.84 ticks, tree = 121.77 MB, solutions = 15)
   6620  2797     9361.9679    56     9438.3789     9221.5209  1668326    2.30%
*  6690+ 2849                         9431.8958     9221.5209             2.23%
   6762  2818        cutoff           9431.8958     9221.5209  1704215    2.23%
   6951  2926     9337.3510    64     9431.8958     9223.6056  1743485    2.21%
   7135  3056     9410.0423    13     9431.8958     9225.8819  1778603    2.18%
   7281  3170     9391.4826    45     9431.8958     9226.8692  1815523    2.17%
   7462  3264     9430.5315    54     9431.8958     9229.6743  1849962    2.14%
   7593  3368     9340.1939    46     9431.8958     9231.7311  1885150    2.12%
   7780  3516     9425.3878    44     9431.8958     9233.4172  1933955    2.10%
   7954  3641     9399.1487    51     9431.8958     9235.5317  1972337    2.08%
   8101  3755     9368.7275    46     9431.8958     9238.1796  2014320    2.05%
Elapsed time = 690.40 sec. (309278.27 ticks, tree = 176.51 MB, solutions = 16)
   8312  3860     9404.4956    37     9431.8958     9239.5687  2043241    2.04%
   8490  4006     9307.1086    54     9431.8958     9240.9281  2089528    2.02%
   8671  4129     9403.8676    47     9431.8958     9243.0951  2120802    2.00%
   8851  4244     9323.4350    49     9431.8958     9244.1163  2151277    1.99%
   9028  4419     9328.4801    48     9431.8958     9244.9914  2215433    1.98%
   9202  4490     9402.9121    45     9431.8958     9245.8564  2234042    1.97%
   9366  4680     9398.0858    48     9431.8958     9247.7186  2300007    1.95%
   9565  4740     9338.0020    58     9431.8958     9249.4060  2323396    1.93%
   9744  4928     9352.3403    49     9431.8958     9250.1894  2377741    1.93%
   9941  5016     9383.3446    57     9431.8958     9250.8161  2399269    1.92%
Elapsed time = 789.81 sec. (347619.38 ticks, tree = 236.16 MB, solutions = 16)
  10148  5067     9371.4219    23     9431.8958     9252.2089  2423011    1.91%
  10308  5237     9305.4341    57     9431.8958     9253.3955  2466947    1.89%
  10477  5381     9308.9215    39     9431.8958     9254.7863  2513713    1.88%
  10671  5573     9342.0742    48     9431.8958     9256.2243  2581375    1.86%
  10901  5670     9419.9570    25     9431.8958     9256.7529  2600825    1.86%
* 10945+ 5682                         9427.6899     9256.8389             1.81%
  11119  5819     9408.6822    24     9427.6899     9257.4613  2658637    1.81%
  11321  5865     9396.0365    55     9427.6899     9258.0670  2669777    1.80%
  11551  6069     9404.8676    17     9427.6899     9259.0077  2733584    1.79%
  11739  6277        cutoff           9427.6899     9259.9000  2795688    1.78%
  11926  6438     9410.4263    39     9427.6899     9260.9367  2838156    1.77%
Elapsed time = 893.90 sec. (385907.63 ticks, tree = 306.52 MB, solutions = 17)
  12120  6470     9423.7992    64     9427.6899     9261.7727  2849017    1.76%
  12360  6596     9419.1967    31     9427.6899     9262.5813  2888938    1.75%
  12567  6901     9334.4867    52     9427.6899     9263.5323  2965353    1.74%
  12758  6948     9300.3148    58     9427.6899     9264.5817  2975444    1.73%
  12945  7109     9330.0060    50     9427.6899     9265.1069  3029144    1.72%
  13155  7346        cutoff           9427.6899     9266.4271  3094353    1.71%
  13349  7461     9407.5647    49     9427.6899     9267.0971  3125567    1.70%
  13588  7549     9427.2693    41     9427.6899     9267.6182  3148172    1.70%
  13788  7648     9327.7475    53     9427.6899     9268.7980  3180802    1.69%
  13952  7809     9322.4960    48     9427.6899     9269.0825  3231818    1.68%
Elapsed time = 995.14 sec. (424245.57 ticks, tree = 376.55 MB, solutions = 17)
  14185  7928     9354.4520    51     9427.6899     9269.6545  3275472    1.68%
  14440  8092     9298.1207    56     9427.6899     9271.1321  3323192    1.66%
  14671  8189        cutoff           9427.6899     9271.8925  3360053    1.65%
  14881  8404     9354.6397    51     9427.6899     9272.2543  3405536    1.65%
  15089  8652     9422.1151    42     9427.6899     9273.3600  3483455    1.64%
  15281  8621     9383.4064    29     9427.6899     9273.6739  3479754    1.63%
  15504  8884     9420.6508    45     9427.6899     9274.1914  3555384    1.63%
  15709  9030     9406.7269    27     9427.6899     9274.6967  3589941    1.62%
  15947  9073     9359.7985    46     9427.6899     9275.7194  3600332    1.61%
  16140  9431     9414.2674    35     9427.6899     9275.9612  3694306    1.61%
Elapsed time = 1109.27 sec. (462622.97 ticks, tree = 452.74 MB, solutions = 17)
  16341  9389     9376.7903    72     9427.6899     9276.5380  3683058    1.60%
  16547  9697     9388.0052    39     9427.6899     9276.8674  3760405    1.60%
  16771  9804     9386.4281    44     9427.6899     9277.1179  3796965    1.60%
  16999  9949     9330.8682    40     9427.6899     9277.3015  3835488    1.60%
  17253 10060     9396.8866    34     9427.6899     9277.9515  3855642    1.59%
  17483 10326     9424.7365    39     9427.6899     9278.3324  3924751    1.58%
  17721 10350     9340.0870    45     9427.6899     9278.9157  3935732    1.58%
  17939 10612        cutoff           9427.6899     9279.5693  3995117    1.57%
  18149 10838     9396.7780    53     9427.6899     9280.0908  4062310    1.57%
  18368 10814     9398.3654    49     9427.6899     9280.5368  4052564    1.56%
Elapsed time = 1248.17 sec. (500922.92 ticks, tree = 530.13 MB, solutions = 17)
  18597 11033     9323.8852    48     9427.6899     9280.7646  4107562    1.56%
* 18718+11112                         9427.1172     9280.8643             1.55%
  18797 11239        cutoff           9427.1172     9281.7991  4170187    1.54%
  19044 11302     9371.8671    52     9427.1172     9282.0128  4172259    1.54%
  19260 11447     9422.5387    33     9427.1172     9282.8103  4216388    1.53%
  19504 11532     9403.3606    44     9427.1172     9283.2414  4239995    1.53%
  19725 11949     9394.9744    42     9427.1172     9283.7542  4355979    1.52%
  19966 12041     9384.1766    45     9427.1172     9283.8443  4379454    1.52%
  20178 12306     9426.3802    36     9427.1172     9284.3729  4440774    1.51%
  20401 12229     9373.7101    49     9427.1172     9284.6333  4411767    1.51%
  20632 12437     9399.9558    30     9427.1172     9285.4654  4474388    1.50%
Elapsed time = 1362.55 sec. (539157.65 ticks, tree = 609.95 MB, solutions = 18)
  20903 12618     9365.9619    29     9427.1172     9285.6338  4514508    1.50%
  21158 13061     9383.1581    47     9427.1172     9286.1473  4615264    1.50%
  21371 13125     9371.9853    56     9427.1172     9286.2958  4639881    1.49%
  21599 13275     9387.5259    40     9427.1172     9286.6153  4681452    1.49%
  21851 13269     9416.8062    39     9427.1172     9287.0778  4675270    1.49%
  22082 13359     9387.5120    28     9427.1172     9287.2449  4701770    1.48%
  22338 13625     9367.4510    43     9427.1172     9287.8966  4761165    1.48%
  22619 13954     9363.1067    26     9427.1172     9288.2527  4837934    1.47%
  22926 13938     9408.1612    41     9427.1172     9288.7598  4832486    1.47%
  23177 14245     9426.0075    40     9427.1172     9289.0003  4899678    1.47%
Elapsed time = 1511.65 sec. (577451.74 ticks, tree = 692.44 MB, solutions = 18)
  23392 14373     9380.7697    40     9427.1172     9289.7389  4921568    1.46%
  23582 14648     9362.0455    34     9427.1172     9289.9101  4989010    1.46%
  23782 14694     9411.5841    39     9427.1172     9290.3743  4998331    1.45%
  24015 15017     9358.4811    40     9427.1172     9290.7268  5069195    1.45%
  24222 15175     9407.5182    30     9427.1172     9290.9487  5105470    1.44%
  24387 15354        cutoff           9427.1172     9291.3012  5148861    1.44%
  24600 15305     9358.5740    54     9427.1172     9291.5793  5139392    1.44%
  24755 15636     9407.6456    65     9427.1172     9292.3337  5227633    1.43%
  24910 15711     9397.2401    49     9427.1172     9292.4934  5248497    1.43%
  25033 15775        cutoff           9427.1172     9293.0149  5265000    1.42%
Elapsed time = 1619.99 sec. (615840.89 ticks, tree = 772.42 MB, solutions = 18)
  25240 15860        cutoff           9427.1172     9293.1574  5283926    1.42%
  25435 16041        cutoff           9427.1172     9293.1769  5333858    1.42%
  25588 16193        cutoff           9427.1172     9293.5604  5376866    1.42%
  25740 16090     9418.9251    29     9427.1172     9293.7037  5350082    1.42%
  25888 16399     9356.7535    54     9427.1172     9293.7037  5431004    1.42%
  26031 16521     9386.8996    58     9427.1172     9294.1448  5473026    1.41%
  26193 16515        cutoff           9427.1172     9294.6867  5464203    1.40%
  26311 16678     9413.7234    60     9427.1172     9294.8178  5534485    1.40%
  26479 16799        cutoff           9427.1172     9294.8178  5556520    1.40%
  26650 16835     9365.5288    50     9427.1172     9295.2558  5565018    1.40%
Elapsed time = 1739.16 sec. (654168.53 ticks, tree = 825.32 MB, solutions = 18)
  26772 16958     9385.1288    46     9427.1172     9295.4634  5628637    1.40%
  26942 17003     9372.5288    58     9427.1172     9295.6951  5642066    1.39%
  27077 17025        cutoff           9427.1172     9295.8984  5650777    1.39%
  27243 17106     9354.8738    47     9427.1172     9296.2330  5691954    1.39%
  27386 17246     9397.0700    58     9427.1172     9296.4782  5725957    1.39%
  27547 17355     9422.2047    23     9427.1172     9296.4782  5769392    1.39%
  27691 17491     9409.4208    24     9427.1172     9296.8846  5800973    1.38%
  27832 17511     9423.2314    46     9427.1172     9297.0306  5811023    1.38%
  27988 17587     9352.8377    70     9427.1172     9297.2282  5853974    1.38%
  28203 17857     9394.1593    30     9427.1172     9297.5086  5940892    1.37%
Elapsed time = 1877.42 sec. (692644.28 ticks, tree = 879.67 MB, solutions = 18)
  28395 17870     9423.4860    68     9427.1172     9297.6825  5948922    1.37%
  28576 17994     9361.1893    62     9427.1172     9298.0397  5967365    1.37%
  28741 18245     9421.9330    51     9427.1172     9298.1542  6026973    1.37%
  28918 18246     9411.0421    64     9427.1172     9298.5068  6021226    1.36%
  29101 18360     9330.5979    43     9427.1172     9298.7758  6052666    1.36%
  29279 18369     9377.3162    76     9427.1172     9298.8341  6075846    1.36%
  29422 18529     9387.3311    41     9427.1172     9299.0194  6129128    1.36%
  29598 18754     9394.6833    30     9427.1172     9299.1101  6169165    1.36%
  29772 18943        cutoff           9427.1172     9299.7192  6236010    1.35%
  29902 19011     9390.9992    42     9427.1172     9299.8916  6260226    1.35%
Elapsed time = 2005.75 sec. (731182.10 ticks, tree = 942.08 MB, solutions = 18)
  30057 18971     9402.2789    31     9427.1172     9300.0575  6250547    1.35%
  30218 19264     9372.0523    42     9427.1172     9300.4499  6330885    1.34%
  30353 19211     9343.5305    38     9427.1172     9300.4499  6320315    1.34%
  30553 19323     9349.8530    78     9427.1172     9300.6788  6358207    1.34%
  30679 19351     9363.3019    46     9427.1172     9300.7407  6366636    1.34%
  30879 19643     9387.3585    42     9427.1172     9300.8949  6430088    1.34%
  31018 19676     9422.4202    37     9427.1172     9301.1549  6453806    1.34%
  31109 19702     9414.8235    66     9427.1172     9301.1549  6461487    1.34%
  31265 19889     9331.6353   147     9427.1172     9301.5495  6510313    1.33%
  31434 19906     9410.5151    27     9427.1172     9301.7584  6502844    1.33%
Elapsed time = 2113.19 sec. (769493.51 ticks, tree = 998.10 MB, solutions = 18)
  31547 20029     9415.8727    66     9427.1172     9301.9752  6561594    1.33%
  31652 20209     9396.4792    33     9427.1172     9302.0820  6608077    1.33%
  31793 20217     9361.3005    62     9427.1172     9302.0820  6597221    1.33%
  31919 20278        cutoff           9427.1172     9302.3457  6645634    1.32%
  32117 20290        cutoff           9427.1172     9302.4897  6653686    1.32%
  32241 20499     9409.5007    43     9427.1172     9302.5887  6695738    1.32%
  32357 20654     9420.2098    50     9427.1172     9302.9992  6778156    1.32%
  32515 20513     9416.0642    21     9427.1172     9302.9992  6735801    1.32%
  32635 20786     9382.2246    63     9427.1172     9303.4473  6838072    1.31%
  32750 20795        cutoff           9427.1172     9303.6206  6845975    1.31%
Elapsed time = 2227.30 sec. (807906.42 ticks, tree = 1045.10 MB, solutions = 18)
  32908 20921     9420.3833    62     9427.1172     9303.9581  6891903    1.31%
  33056 20999     9425.1151    25     9427.1172     9304.2034  6917004    1.30%
  33156 21048     9368.1185    26     9427.1172     9304.2034  6943141    1.30%
  33329 21058     9421.6327    37     9427.1172     9304.4591  6977639    1.30%
  33495 21054     9388.5112    25     9427.1172     9304.4862  6967245    1.30%
  33653 21337     9360.0877    52     9427.1172     9304.7259  7055681    1.30%
  33812 21442     9396.5897    49     9427.1172     9305.0923  7095749    1.29%
  33911 21454     9411.7853    46     9427.1172     9305.0923  7103183    1.29%
  34021 21480     9321.8556   140     9427.1172     9305.6336  7119460    1.29%
  34156 21514     9382.0813   114     9427.1172     9306.0095  7124636    1.28%
Elapsed time = 2339.94 sec. (846592.16 ticks, tree = 1092.19 MB, solutions = 18)
  34327 21627     9401.1916    58     9427.1172     9306.3484  7171452    1.28%
  34480 21736     9366.9073    40     9427.1172     9306.6937  7197118    1.28%
  34607 21763        cutoff           9427.1172     9306.6937  7202612    1.28%
  34734 21837     9380.3555    48     9427.1172     9306.9588  7250651    1.27%
  34850 22046        cutoff           9427.1172     9307.1866  7340396    1.27%
  34951 22008     9416.5230    50     9427.1172     9307.2407  7311034    1.27%
  35074 22126        cutoff           9427.1172     9307.3508  7384865    1.27%
  35186 22119     9406.1391    77     9427.1172     9307.4030  7393045    1.27%
  35289 22249        cutoff           9427.1172     9307.6282  7462893    1.27%
  35373 22247     9386.2668    59     9427.1172     9307.8508  7451687    1.27%
Elapsed time = 2459.35 sec. (884937.39 ticks, tree = 1128.00 MB, solutions = 18)
  35526 22371     9401.8010    29     9427.1172     9308.0436  7512280    1.26%
  35648 22367     9363.9315    53     9427.1172     9308.4880  7530460    1.26%
  35787 22389        cutoff           9427.1172     9308.8063  7538162    1.26%
  35898 22543     9373.8968    30     9427.1172     9309.0227  7598442    1.25%
  36068 22662     9407.8658    59     9427.1172     9309.3038  7641999    1.25%
  36206 22667        cutoff           9427.1172     9309.3941  7649669    1.25%
  36316 22669     9389.0307    71     9427.1172     9309.7918  7657598    1.24%
  36421 22828     9426.4071    39     9427.1172     9310.0420  7732014    1.24%
  36539 22790     9388.1170    49     9427.1172     9310.2121  7702560    1.24%
  36654 22909     9374.0833    39     9427.1172     9310.5208  7765305    1.24%
Elapsed time = 2581.24 sec. (923496.97 ticks, tree = 1165.94 MB, solutions = 18)
  36783 23039     9402.7315    46     9427.1172     9310.7852  7839128    1.23%
  36905 22968     9375.9787    57     9427.1172     9310.7852  7793123    1.23%
  37042 23095     9425.8794    32     9427.1172     9311.0439  7854264    1.23%
  37149 23205     9398.6429    46     9427.1172     9311.1857  7903855    1.23%
  37306 23204     9370.9523    55     9427.1172     9311.4427  7892312    1.23%
  37423 23432     9400.1606    39     9427.1172     9311.8787  7978242    1.22%
  37544 23455     9385.8712    48     9427.1172     9311.9850  7986820    1.22%
  37688 23494     9384.0529    35     9427.1172     9312.1519  8013138    1.22%
  37806 23683     9409.0493    57     9427.1172     9312.3660  8068427    1.22%
  37931 23713     9375.1128    44     9427.1172     9312.5585  8093856    1.22%
Elapsed time = 2724.83 sec. (961891.70 ticks, tree = 1187.97 MB, solutions = 18)
  38051 23728     9348.3462    55     9427.1172     9312.7372  8101667    1.21%
  38203 23781        cutoff           9427.1172     9312.9471  8140775    1.21%
  38346 23878        cutoff           9427.1172     9312.9471  8166247    1.21%
  38463 23981     9397.9433    25     9427.1172     9313.1642  8223039    1.21%
  38554 24041        cutoff           9427.1172     9313.3877  8267644    1.21%
  38663 24056        cutoff           9427.1172     9313.4762  8259309    1.21%
  38785 24110     9418.0190    50     9427.1172     9313.8238  8312962    1.20%
  38926 24204     9355.6304    40     9427.1172     9314.0198  8355210    1.20%
  39124 24242     9373.8259    34     9427.1172     9314.1568  8363283    1.20%
  39242 24388     9384.6197    77     9427.1172     9314.4429  8420590    1.20%
Elapsed time = 2857.91 sec. (1000309.83 ticks, tree = 1227.94 MB, solutions = 18)
  39351 24314     9393.9918    48     9427.1172     9314.5474  8408604    1.19%
  39468 24465     9364.0456    50     9427.1172     9314.8670  8453540    1.19%
  39640 24642     9368.0242    46     9427.1172     9315.1887  8519633    1.19%
  39769 24614     9394.7562    35     9427.1172     9315.1887  8509431    1.19%
  39881 24661     9373.1693    63     9427.1172     9315.5175  8544534    1.18%
  40020 24848        cutoff           9427.1172     9315.6933  8607962    1.18%
  40164 24860     9399.5594    41     9427.1172     9315.6933  8615353    1.18%
  40278 24807        cutoff           9427.1172     9316.0026  8605853    1.18%
  40385 24988     9403.8737    64     9427.1172     9316.0875  8677811    1.18%
  40486 24975     9377.3470    50     9427.1172     9316.0875  8668432    1.18%
Elapsed time = 2975.98 sec. (1038697.70 ticks, tree = 1267.30 MB, solutions = 18)
  40602 25104     9416.5176    19     9427.1172     9316.3740  8721555    1.17%
  40739 25106        cutoff           9427.1172     9316.5457  8729240    1.17%
  40839 25150     9423.3525    54     9427.1172     9316.5457  8775528    1.17%
  40943 25188     9423.1936    55     9427.1172     9317.0426  8795868    1.17%
  41017 25243     9405.8073    35     9427.1172     9317.1315  8838459    1.17%
  41140 25271        cutoff           9427.1172     9317.2440  8882081    1.17%
  41267 25362     9407.8157    58     9427.1172     9317.5031  8921957    1.16%
  41404 25349        cutoff           9427.1172     9317.5504  8908845    1.16%
  41522 25440        cutoff           9427.1172     9317.8237  8979632    1.16%
  41649 25523        cutoff           9427.1172     9318.0308  9009055    1.16%
Elapsed time = 3094.07 sec. (1077471.56 ticks, tree = 1300.12 MB, solutions = 18)
  41802 25557     9399.2070    53     9427.1172     9318.1333  9033449    1.16%
  41945 25586     9399.8148    39     9427.1172     9318.4308  9041920    1.15%
* 42048+25788                         9424.8431     9318.7131             1.13%
  42070 25638        cutoff           9424.8431     9318.7131  9079585    1.13%
  42215 25655        cutoff           9424.8431     9318.8912  9087684    1.12%
  42353 25342     9402.6869    59     9424.8431     9319.1958  9147969    1.12%
  42438 25343     9400.2186    45     9424.8431     9319.4433  9155660    1.12%
  42580 25522     9368.2659    68     9424.8431     9319.7048  9209354    1.12%
  42758 25557     9420.9122    17     9424.8431     9320.0571  9268133    1.11%
  42902 25693     9390.5700    47     9424.8431     9320.4083  9311331    1.11%
  43004 25623     9417.8569    40     9424.8431     9320.4083  9263472    1.11%
Elapsed time = 3219.00 sec. (1116001.13 ticks, tree = 1314.01 MB, solutions = 19)
  43103 25786     9420.2616    57     9424.8431     9320.7019  9338199    1.10%
  43197 25829     9392.5484   140     9424.8431     9320.9865  9363395    1.10%
  43283 25857     9376.2118   122     9424.8431     9320.9865  9376319    1.10%
  43385 25939     9409.1483    88     9424.8431     9321.3519  9418394    1.10%
  43460 25994     9363.1969    52     9424.8431     9321.5686  9446052    1.10%
  43574 26013     9355.9017    50     9424.8431     9321.7490  9468504    1.09%
  43727 26057     9395.9623    26     9424.8431     9321.9953  9477006    1.09%
  43819 26079     9384.3111    42     9424.8431     9322.1965  9513746    1.09%
  43958 26176     9385.1575    15     9424.8431     9322.1965  9555921    1.09%
  44086 26276     9412.9452   118     9424.8431     9322.4423  9588601    1.09%
Elapsed time = 3341.03 sec. (1154621.18 ticks, tree = 1342.58 MB, solutions = 19)
  44197 26339        cutoff           9424.8431     9322.6864  9612984    1.08%
  44297 26341     9397.0504    46     9424.8431     9322.6864  9620567    1.08%
  44436 26431     9411.8451    13     9424.8431     9322.8450  9650309    1.08%
  44574 26461     9419.9290    14     9424.8431     9323.1130  9669189    1.08%
  44696 26501     9369.4568    48     9424.8431     9323.1130  9695203    1.08%
  44859 26682     9418.3945    28     9424.8431     9323.3991  9771266    1.08%
  44979 26697        cutoff           9424.8431     9323.7280  9794111    1.07%
  45131 26716     9423.1869    25     9424.8431     9323.7280  9802368    1.07%
  45269 26925        cutoff           9424.8431     9323.9978  9861218    1.07%
  45402 26955     9383.2505    33     9424.8431     9324.3168  9868981    1.07%
Elapsed time = 3467.47 sec. (1192987.26 ticks, tree = 1379.80 MB, solutions = 19)
  45563 27006        cutoff           9424.8431     9324.3168  9893994    1.07%
  45699 27130     9416.3901    20     9424.8431     9324.5830  9958616    1.06%
  45826 27238        cutoff           9424.8431     9324.9167  9998139    1.06%
  45992 27152     9421.5397    37     9424.8431     9324.9167  9974561    1.06%
  46122 27266     9382.6834    41     9424.8431     9325.2354 10014684    1.06%
  46224 27416     9424.2434    65     9424.8431     9325.5455 10093906    1.05%
  46347 27310        cutoff           9424.8431     9325.5455 10040260    1.05%
  46475 27433     9401.8123    64     9424.8431     9325.8105 10108654    1.05%
  46619 27519     9362.1838    40     9424.8431     9326.0267 10166271    1.05%
  46774 27493     9419.1338    58     9424.8431     9326.1299 10158427    1.05%
Elapsed time = 3588.68 sec. (1231493.46 ticks, tree = 1415.34 MB, solutions = 19)
  46865 27589     9415.5411    45     9424.8431     9326.2508 10218234    1.05%
  47002 27569     9388.9884    47     9424.8431     9326.4167 10211426    1.04%
  47094 27635     9365.9638    52     9424.8431     9326.7119 10267985    1.04%
  47226 27749        cutoff           9424.8431     9326.9918 10326715    1.04%
  47312 27708     9423.2188    36     9424.8431     9326.9918 10299036    1.04%
  47398 27760        cutoff           9424.8431     9327.3977 10356690    1.03%
  47551 27778     9416.0671    39     9424.8431     9327.5820 10346087    1.03%
  47683 27831     9417.2383    59     9424.8431     9327.7378 10389406    1.03%
  47816 27906     9396.7783    69     9424.8431     9328.0009 10441763    1.03%
  47942 27936     9422.1877    35     9424.8431     9328.1380 10449972    1.03%
Elapsed time = 3702.56 sec. (1270151.74 ticks, tree = 1443.21 MB, solutions = 19)
  48067 28003        cutoff           9424.8431     9328.3639 10490984    1.02%
  48184 28132     9363.7076    44     9424.8431     9328.6683 10551493    1.02%
  48318 28183     9418.1170    28     9424.8431     9328.9156 10560294    1.02%
  48441 28172     9404.9378    47     9424.8431     9329.0580 10599717    1.02%
  48568 28216     9381.5347    30     9424.8431     9329.3809 10607832    1.01%
  48710 28324     9406.4160    47     9424.8431     9329.3809 10652678    1.01%
  48836 28190        cutoff           9424.8431     9329.6008 10636243    1.01%
  48952 28443        cutoff           9424.8431     9330.0109 10695331    1.01%
  49069 28470     9405.9619    53     9424.8431     9330.0109 10702340    1.01%
  49164 28565        cutoff           9424.8431     9330.2331 10760777    1.00%
Elapsed time = 3820.96 sec. (1308938.05 ticks, tree = 1481.35 MB, solutions = 19)
  49299 28578     9379.8605    56     9424.8431     9330.5209 10768195    1.00%
  49410 28599        cutoff           9424.8431     9330.5209 10795359    1.00%
  49560 28597     9369.1884    43     9424.8431     9330.7876 10837798    1.00%
  49669 28757        cutoff           9424.8431     9330.9599 10896462    1.00%
  49824 28728     9408.1773    33     9424.8431     9331.2428 10889876    0.99%
  49938 28845     9409.8474    53     9424.8431     9331.4907 10966288    0.99%
  50014 28863     9405.3190    55     9424.8431     9331.6216 10988117    0.99%
  50139 28925     9393.7239    28     9424.8431     9331.7793 11016027    0.99%
  50267 28889     9395.9155    29     9424.8431     9331.9946 11003470    0.99%
  50368 28959     9388.2808   100     9424.8431     9332.1698 11028499    0.98%
Elapsed time = 3949.64 sec. (1347566.16 ticks, tree = 1509.22 MB, solutions = 19)
  50483 29041     9371.2890    47     9424.8431     9332.4063 11087277    0.98%
  50629 29059     9403.6963    64     9424.8431     9332.5034 11095148    0.98%
  50748 29170     9411.3940    34     9424.8431     9332.6712 11150840    0.98%
  50903 29197        cutoff           9424.8431     9333.0527 11158708    0.97%
  50965 29109     9410.0084   122     9424.8431     9333.0527 11147696    0.97%
  51086 29253     9410.4582    37     9424.8431     9333.2561 11186326    0.97%
  51218 29341     9385.8846    48     9424.8431     9333.3710 11224095    0.97%
  51318 29437        cutoff           9424.8431     9333.5067 11269110    0.97%
  51454 29467        cutoff           9424.8431     9333.7531 11288848    0.97%
  51574 29462     9374.5283    78     9424.8431     9333.8674 11296317    0.97%
Elapsed time = 4067.57 sec. (1386244.62 ticks, tree = 1549.97 MB, solutions = 19)
  51669 29617     9376.9733    59     9424.8431     9334.0973 11363754    0.96%
  51765 29716        cutoff           9424.8431     9334.3724 11400036    0.96%
  51895 29692     9406.0349    41     9424.8431     9334.4592 11386200    0.96%
  52002 29750     9413.8784    37     9424.8431     9334.5340 11428417    0.96%
  52128 29865        cutoff           9424.8431     9334.8264 11487102    0.96%
  52223 29866     9367.5097   151     9424.8431     9334.8264 11491569    0.96%
  52354 29849        cutoff           9424.8431     9334.9901 11480868    0.95%
  52467 29921     9423.4705    86     9424.8431     9335.0868 11501102    0.95%
  52580 29976     9384.1609   106     9424.8431     9335.2744 11545843    0.95%
  52703 30108        cutoff           9424.8431     9335.4447 11615884    0.95%
Elapsed time = 4174.07 sec. (1424559.09 ticks, tree = 1584.21 MB, solutions = 19)
  52801 30064     9411.1440    24     9424.8431     9335.4447 11607924    0.95%
  52896 30158     9374.7923    52     9424.8431     9335.7559 11647623    0.95%
  53019 30186     9398.7707    47     9424.8431     9335.9108 11678912    0.94%
  53166 30221     9416.0724    56     9424.8431     9336.0180 11702873    0.94%
  53304 30385     9409.8929    35     9424.8431     9336.3258 11763692    0.94%
  53455 30241     9412.1392    59     9424.8431     9336.3258 11718696    0.94%
  53608 30386     9418.0554    28     9424.8431     9336.4941 11753598    0.94%
  53726 30463     9418.3226    70     9424.8431     9336.5507 11822722    0.94%
  53853 30467     9420.4154    31     9424.8431     9336.6673 11811583    0.94%
  53949 30593     9395.0274    26     9424.8431     9336.8544 11893403    0.93%
Elapsed time = 4285.47 sec. (1463134.85 ticks, tree = 1619.12 MB, solutions = 19)
  54092 30629     9406.8443    28     9424.8431     9336.8544 11901539    0.93%
  54222 30667     9408.8080    32     9424.8431     9337.1916 11926531    0.93%
  54360 30733     9364.2698    73     9424.8431     9337.3091 11964038    0.93%
  54503 30731     9415.8542    42     9424.8431     9337.4039 11957260    0.93%
  54646 30911     9404.0451    42     9424.8431     9337.7625 12032117    0.92%
  54776 30865     9403.0429    84     9424.8431     9337.8999 12021748    0.92%
  54907 31084     9386.6422    46     9424.8431     9338.1200 12106803    0.92%
  55039 31144     9424.1990    20     9424.8431     9338.2774 12132206    0.92%
  55132 31153     9423.0746    20     9424.8431     9338.5379 12138754    0.92%
  55242 31160     9363.5582    70     9424.8431     9338.8487 12147224    0.91%
Elapsed time = 4398.16 sec. (1501601.44 ticks, tree = 1659.00 MB, solutions = 19)
  55348 31210        cutoff           9424.8431     9338.8487 12193092    0.91%
  55489 31286        cutoff           9424.8431     9339.0106 12263915    0.91%
  55603 31258        cutoff           9424.8431     9339.1478 12227210    0.91%
  55730 31334     9396.8017    32     9424.8431     9339.3467 12296180    0.91%
  55910 31384     9424.3230    46     9424.8431     9339.5947 12337129    0.90%
  56055 31355        cutoff           9424.8431     9339.6845 12328777    0.90%
  56193 31443        cutoff           9424.8431     9339.7984 12353072    0.90%
  56308 31595     9413.5018    28     9424.8431     9339.8872 12418724    0.90%
  56443 31620     9421.1516    30     9424.8431     9339.9866 12426087    0.90%
  56563 31678        cutoff           9424.8431     9340.3791 12453258    0.90%
Elapsed time = 4513.49 sec. (1540156.17 ticks, tree = 1689.58 MB, solutions = 19)
  56683 31712     9398.6589    27     9424.8431     9340.3791 12476705    0.90%
  56827 31827     9408.9058     6     9424.8431     9340.6258 12524006    0.89%
  56978 31861     9376.3517    29     9424.8431     9340.7722 12531900    0.89%
  57139 31971     9396.5842    41     9424.8431     9340.9709 12593078    0.89%
  57301 32067     9383.8199    41     9424.8431     9341.2161 12637806    0.89%
  57465 32112     9423.2861    11     9424.8431     9341.2161 12629328    0.89%
  57612 32144     9419.5629    47     9424.8431     9341.4198 12674961    0.89%
  57762 32344     9415.8318    30     9424.8431     9341.5694 12722086    0.88%
  57947 32359     9417.6302    39     9424.8431     9341.7821 12729919    0.88%
  58038 32479     9394.0420    44     9424.8431     9341.9230 12796662    0.88%
Elapsed time = 4625.00 sec. (1578645.43 ticks, tree = 1719.08 MB, solutions = 19)
  58218 32519     9391.9472    41     9424.8431     9342.1097 12804302    0.88%
  58391 32580     9399.4695    34     9424.8431     9342.4094 12832486    0.87%
  58507 32586     9409.4705    54     9424.8431     9342.5481 12839915    0.87%
  58622 32593     9369.5179    65     9424.8431     9342.6916 12859414    0.87%
  58786 32755     9397.1294    41     9424.8431     9342.8233 12909228    0.87%
  58929 32822     9420.4973    42     9424.8431     9342.9044 12952994    0.87%
  59115 32854     9404.0909    22     9424.8431     9343.1814 12985973    0.87%
  59295 32894     9397.1504    21     9424.8431     9343.1814 12993805    0.87%
  59439 32982     9398.3344    40     9424.8431     9343.5092 13040060    0.86%
  59549 33056        cutoff           9424.8431     9343.6489 13064821    0.86%
Elapsed time = 4735.53 sec. (1617042.57 ticks, tree = 1760.72 MB, solutions = 19)
  59687 33061     9412.2050   115     9424.8431     9343.7424 13072009    0.86%
  59842 33177     9388.2134    42     9424.8431     9344.0024 13140308    0.86%
  59959 33321        cutoff           9424.8431     9344.1039 13184332    0.86%
  60098 33256     9423.8003    41     9424.8431     9344.3236 13170606    0.85%
  60284 33463     9395.7335    37     9424.8431     9344.4700 13253991    0.85%
  60433 33479     9401.1978    47     9424.8431     9344.6531 13284566    0.85%
  60585 33570     9417.7827    37     9424.8431     9344.8198 13312993    0.85%
  60772 33488        cutoff           9424.8431     9345.0110 13300718    0.85%
  60909 33709        cutoff           9424.8431     9345.2708 13348660    0.84%
  61027 33722     9411.9120    74     9424.8431     9345.3320 13356528    0.84%
Elapsed time = 4849.67 sec. (1655459.67 ticks, tree = 1808.54 MB, solutions = 19)
  61171 33825     9409.1233    76     9424.8431     9345.4240 13380124    0.84%
  61292 33820     9415.7633    62     9424.8431     9345.5694 13412178    0.84%
  61450 33939        cutoff           9424.8431     9345.6847 13459163    0.84%
  61573 34017     9411.0608   128     9424.8431     9345.8317 13503887    0.84%
  61760 34110     9374.9990    37     9424.8431     9345.8317 13552690    0.84%
  61944 34182     9415.6125    48     9424.8431     9346.0431 13575766    0.84%
  62071 34191     9420.1956    11     9424.8431     9346.1527 13583537    0.83%
  62215 34217     9418.3187    40     9424.8431     9346.2477 13591783    0.83%
  62309 34366     9415.8333    11     9424.8431     9346.3605 13659883    0.83%
  62458 34451     9396.4985   119     9424.8431     9346.4930 13678979    0.83%
Elapsed time = 4978.31 sec. (1693930.73 ticks, tree = 1850.21 MB, solutions = 19)
  62631 34546        cutoff           9424.8431     9346.6651 13764924    0.83%
  62738 34478     9372.6340    36     9424.8431     9346.6651 13690616    0.83%
  62898 34594        cutoff           9424.8431     9346.8783 13775484    0.83%
  63003 34763     9383.9345   154     9424.8431     9347.0320 13839345    0.83%
  63137 34778     9395.3090   136     9424.8431     9347.1527 13843711    0.82%
  63249 34831     9418.0162    55     9424.8431     9347.2195 13874162    0.82%
  63410 34844        cutoff           9424.8431     9347.4222 13882007    0.82%
  63533 34876     9372.0369   116     9424.8431     9347.6008 13899951    0.82%
  63636 34928        cutoff           9424.8431     9347.6008 13927841    0.82%
  63755 35021     9417.8620    18     9424.8431     9347.7877 13968098    0.82%
Elapsed time = 5089.03 sec. (1732420.49 ticks, tree = 1889.40 MB, solutions = 19)
  63887 35100        cutoff           9424.8431     9347.8278 14026361    0.82%
  64005 35191        cutoff           9424.8431     9347.8996 14056389    0.82%
  64141 35227        cutoff           9424.8431     9347.9609 14073798    0.82%
  64298 35245        cutoff           9424.8431     9348.0572 14072177    0.81%
  64435 35276     9395.6356    25     9424.8431     9348.1694 14088287    0.81%
  64580 35306     9411.6247    38     9424.8431     9348.1694 14116447    0.81%
  64710 35365     9420.4725    65     9424.8431     9348.3815 14164026    0.81%
  64885 35412     9396.1846    52     9424.8431     9348.5319 14172375    0.81%
  65016 35472     9403.2592    44     9424.8431     9348.6445 14218274    0.81%
  65187 35616        cutoff           9424.8431     9348.7169 14285226    0.81%
Elapsed time = 5217.77 sec. (1770755.73 ticks, tree = 1915.73 MB, solutions = 19)
  65319 35580     9417.7103    43     9424.8431     9348.8270 14274260    0.81%
  65473 35729     9398.7878    44     9424.8431     9349.0671 14340307    0.80%
  65614 35637     9388.2892   114     9424.8431     9349.0671 14305701    0.80%
  65725 35747     9422.2992    60     9424.8431     9349.2456 14356425    0.80%
  65875 35850     9396.5573    25     9424.8431     9349.2456 14398571    0.80%
  65990 35897     9402.3528    40     9424.8431     9349.5673 14445671    0.80%
  66119 35930     9422.7760    45     9424.8431     9349.7420 14480492    0.80%
  66282 35943     9411.7123    52     9424.8431     9349.8697 14488128    0.80%
  66394 36130     9378.3420    35     9424.8431     9350.0289 14544635    0.79%
  66537 36111     9395.1261    26     9424.8431     9350.1930 14538765    0.79%
Elapsed time = 5339.07 sec. (1809318.55 ticks, tree = 1934.99 MB, solutions = 19)
  66678 36154        cutoff           9424.8431     9350.5512 14580365    0.79%
  66811 36238        cutoff           9424.8431     9350.5512 14605668    0.79%
  66965 36261     9383.9343    37     9424.8431     9350.8899 14613530    0.78%
  67126 36360        cutoff           9424.8431     9351.0294 14702099    0.78%
  67257 36386     9417.0336    14     9424.8431     9351.1773 14710076    0.78%
  67419 36423     9412.1202    26     9424.8431     9351.3185 14717624    0.78%
  67566 36523     9403.8709    22     9424.8431     9351.3982 14783748    0.78%
  67707 36704     9381.6253    26     9424.8431     9351.5351 14831681    0.78%
  67855 36641     9421.9240    33     9424.8431     9351.5351 14817483    0.78%
  67988 36748        cutoff           9424.8431     9351.7395 14847047    0.78%
Elapsed time = 5444.85 sec. (1847942.14 ticks, tree = 1975.28 MB, solutions = 19)
  68137 36749     9367.0228    42     9424.8431     9351.8577 14864861    0.77%
  68275 36951     9419.2427    33     9424.8431     9351.9693 14944291    0.77%
  68420 36959        cutoff           9424.8431     9352.0671 14964787    0.77%
  68601 36942     9400.7968    48     9424.8431     9352.1737 14935820    0.77%
  68751 37064        cutoff           9424.8431     9352.4778 15026275    0.77%
  68921 36988        cutoff           9424.8431     9352.4778 14988444    0.77%
  69057 37123        cutoff           9424.8431     9352.6892 15042619    0.77%
  69210 37273     9421.6882    32     9424.8431     9352.8273 15134487    0.76%
  69368 37172        cutoff           9424.8431     9352.9709 15094079    0.76%
  69527 37356     9408.7493    21     9424.8431     9352.9709 15148463    0.76%
Elapsed time = 5556.59 sec. (1886283.04 ticks, tree = 2014.31 MB, solutions = 19)
  69638 37365     9381.5065    38     9424.8431     9353.2229 15181985    0.76%
  69780 37511        cutoff           9424.8431     9353.5437 15246533    0.76%
  69936 37560     9423.3191    32     9424.8431     9353.5437 15279223    0.76%
  70073 37414     9405.6980    30     9424.8431     9353.6862 15242549    0.75%
  70211 37601        cutoff           9424.8431     9353.8223 15334127    0.75%
  70373 37577        cutoff           9424.8431     9354.0940 15316710    0.75%
  70559 37575     9410.9043    24     9424.8431     9354.0940 15324741    0.75%
  70742 37813     9399.4287    48     9424.8431     9354.4380 15441193    0.75%
  70866 37758     9381.1097    59     9424.8431     9354.6275 15422726    0.75%
  70994 37892     9417.4582    26     9424.8431     9354.7312 15476799    0.74%
Elapsed time = 5696.53 sec. (1924579.46 ticks, tree = 2016.65 MB, solutions = 19)
  71149 37870     9398.6430    56     9424.8431     9354.7312 15464479    0.74%
  71318 37935     9401.8430    18     9424.8431     9354.9020 15492547    0.74%
  71467 38094        cutoff           9424.8431     9355.2443 15561542    0.74%
  71601 38175     9387.8427    26     9424.8431     9355.2443 15589365    0.74%
  71757 38244     9387.8742    30     9424.8431     9355.5121 15621354    0.74%
  71903 38243     9411.2920    30     9424.8431     9355.6863 15641981    0.73%
  72027 38260     9408.6886    28     9424.8431     9355.7895 15676811    0.73%
  72215 38411        cutoff           9424.8431     9355.7895 15723251    0.73%
  72364 38522     9414.1739    29     9424.8431     9355.9604 15772513    0.73%
  72493 38566     9415.8234    66     9424.8431     9356.0848 15800805    0.73%
Elapsed time = 5833.75 sec. (1963117.05 ticks, tree = 2040.01 MB, solutions = 19)
  72640 38516        cutoff           9424.8431     9356.2016 15788072    0.73%
  72782 38606     9398.9971    54     9424.8431     9356.2729 15835181    0.73%
  72977 38631        cutoff           9424.8431     9356.4591 15843296    0.73%
  73136 38746     9386.1771    44     9424.8431     9356.5765 15933395    0.72%
  73278 38756     9418.5686    27     9424.8431     9356.5765 15941424    0.72%
  73409 38764        cutoff           9424.8431     9356.7729 15948952    0.72%
  73568 38931     9424.7499    30     9424.8431     9356.9420 16018496    0.72%
  73690 38988        cutoff           9424.8431     9357.0770 16049659    0.72%
  73871 38949     9411.1970    48     9424.8431     9357.0770 16030898    0.72%
  74046 39031     9412.8178    29     9424.8431     9357.2781 16065520    0.72%
Elapsed time = 5994.74 sec. (2001554.51 ticks, tree = 2075.27 MB, solutions = 19)
Nodefile size = 27.95 MB (23.16 MB after compression)
  74233 39088        cutoff           9424.8431     9357.4555 16131270    0.71%
  74367 39076        cutoff           9424.8431     9357.6071 16096155    0.71%
  74500 39232        cutoff           9424.8431     9357.9616 16171011    0.71%
  74657 39092     9417.0144    43     9424.8431     9357.9616 16153557    0.71%
  74778 39283     9386.2189    38     9424.8431     9358.1832 16246729    0.71%
  74901 39365        cutoff           9424.8431     9358.1832 16279222    0.71%
  75035 39382        cutoff           9424.8431     9358.4241 16321109    0.70%
  75210 39377        cutoff           9424.8431     9358.4816 16299171    0.70%
  75352 39435        cutoff           9424.8431     9358.5908 16336512    0.70%
  75557 39523     9406.7213    26     9424.8431     9358.5908 16365246    0.70%
Elapsed time = 6128.73 sec. (2039943.08 ticks, tree = 2087.48 MB, solutions = 19)
Nodefile size = 42.76 MB (35.55 MB after compression)
  75676 39547        cutoff           9424.8431     9358.8210 16372973    0.70%
  75835 39650     9407.8665    36     9424.8431     9358.9482 16442273    0.70%
  75995 39646        cutoff           9424.8431     9359.1040 16449968    0.70%
  76176 39743        cutoff           9424.8431     9359.2868 16476827    0.70%
  76353 39869     9416.0283    29     9424.8431     9359.4402 16548263    0.69%
  76490 39945     9423.4612    55     9424.8431     9359.6200 16598877    0.69%
  76662 39922     9409.4805    32     9424.8431     9359.6200 16561357    0.69%
  76798 39932        cutoff           9424.8431     9359.8291 16590819    0.69%
  76989 40093        cutoff           9424.8431     9359.9624 16658626    0.69%
  77107 40018     9386.0442    48     9424.8431     9360.0996 16641616    0.69%
Elapsed time = 6280.58 sec. (2078327.62 ticks, tree = 2132.63 MB, solutions = 19)
Nodefile size = 85.56 MB (71.20 MB after compression)
  77269 40031     9408.3868     2     9424.8431     9360.0996 16649845    0.69%
  77435 40156     9395.8767    26     9424.8431     9360.3115 16703193    0.68%
  77615 40321     9413.7425    29     9424.8431     9360.4018 16770642    0.68%
  77726 40334     9396.0085    35     9424.8431     9360.5126 16779155    0.68%
  77889 40371        cutoff           9424.8431     9360.5781 16833638    0.68%
  78011 40382     9399.5819    28     9424.8431     9360.6936 16841536    0.68%
  78145 40468     9414.0067    52     9424.8431     9360.9419 16888146    0.68%
  78263 40552        cutoff           9424.8431     9360.9419 16940747    0.68%
  78377 40493        cutoff           9424.8431     9361.2251 16920399    0.68%
  78528 40618        cutoff           9424.8431     9361.3126 16970123    0.67%
Elapsed time = 6480.14 sec. (2116688.48 ticks, tree = 2159.72 MB, solutions = 19)
Nodefile size = 115.11 MB (95.83 MB after compression)
  78663 40632     9419.9019    42     9424.8431     9361.3989 16977849    0.67%
  78806 40613     9412.5634    40     9424.8431     9361.3989 17052247    0.67%
  78957 40685     9416.1865    42     9424.8431     9361.6265 17102595    0.67%
  79086 40706     9411.6258    16     9424.8431     9361.7377 17131721    0.67%
  79187 40710     9411.9527    39     9424.8431     9361.8832 17118668    0.67%
  79244 40709     9387.3744    33     9424.8431     9361.8832 17132666    0.67%
  79341 40822        cutoff           9424.8431     9362.1749 17208000    0.66%
  79450 40785        cutoff           9424.8431     9362.4824 17199648    0.66%
  79616 40852     9400.6055    60     9424.8431     9362.4824 17220881    0.66%
  79725 40892        cutoff           9424.8431     9362.6385 17279485    0.66%
Elapsed time = 6669.03 sec. (2155099.75 ticks, tree = 2156.14 MB, solutions = 19)
Nodefile size = 115.11 MB (95.83 MB after compression)
  79841 40906     9404.1921    33     9424.8431     9362.7656 17259040    0.66%
  80003 40980     9414.7716    27     9424.8431     9363.0073 17309989    0.66%
  80131 41061     9420.6427    66     9424.8431     9363.0073 17346945    0.66%
  80237 41020        cutoff           9424.8431     9363.1210 17345688    0.65%
  80428 41149     9418.1353    12     9424.8431     9363.3535 17412268    0.65%
  80535 41161     9414.6084    32     9424.8431     9363.4486 17419871    0.65%
  80644 41261     9388.8381    39     9424.8431     9363.4486 17446998    0.65%
  80801 41221     9419.0460    44     9424.8431     9363.5441 17401911    0.65%
  80953 41306     9395.9748    34     9424.8431     9363.6746 17462755    0.65%
  81084 41383     9401.8763    11     9424.8431     9363.6746 17509242    0.65%
Elapsed time = 6817.88 sec. (2193751.50 ticks, tree = 2180.90 MB, solutions = 19)
Nodefile size = 133.35 MB (111.03 MB after compression)
  81230 41454        cutoff           9424.8431     9363.7284 17533394    0.65%
  81366 41443     9415.9560    56     9424.8431     9363.8636 17540166    0.65%
  81536 41557     9406.9331    74     9424.8431     9363.9318 17581427    0.65%
  81668 41606        cutoff           9424.8431     9363.9318 17611248    0.65%
  81809 41627     9390.9479    34     9424.8431     9364.0502 17619411    0.65%
  81982 41725        cutoff           9424.8431     9364.1238 17640642    0.64%
  82119 41697     9398.4634    55     9424.8431     9364.1937 17670005    0.64%
  82248 41690     9398.8832    64     9424.8431     9364.1937 17677804    0.64%
  82301 41773        cutoff           9424.8431     9364.3866 17727334    0.64%
  82392 41785     9417.5800    37     9424.8431     9364.4725 17735189    0.64%
Elapsed time = 6973.98 sec. (2231987.55 ticks, tree = 2211.53 MB, solutions = 19)
Nodefile size = 164.34 MB (136.94 MB after compression)
  82465 41930        cutoff           9424.8431     9364.5762 17824085    0.64%
  82565 41945     9410.8214    27     9424.8431     9364.7160 17831958    0.64%
  82674 41976     9383.7486    42     9424.8431     9364.8026 17850465    0.64%
  82725 41969     9386.3969    35     9424.8431     9364.8026 17841475    0.64%
  82773 42000        cutoff           9424.8431     9364.9322 17887682    0.64%
  82825 41996     9403.9183     9     9424.8431     9364.9322 17895322    0.64%
  82882 42001        cutoff           9424.8431     9364.9322 17890423    0.64%
  82941 42000     9398.3370   117     9424.8431     9364.9322 17898117    0.64%
  82982 42023     9377.4832   156     9424.8431     9364.9322 17915387    0.64%
  83012 42053     9404.2062   114     9424.8431     9364.9322 17920359    0.64%
Elapsed time = 7104.93 sec. (2271364.66 ticks, tree = 2215.43 MB, solutions = 19)
Nodefile size = 167.49 MB (139.57 MB after compression)
  83062 42074     9403.0852    29     9424.8431     9365.1034 17937168    0.63%
  83147 42080        cutoff           9424.8431     9365.1034 17934216    0.63%
  83239 42117     9408.1772    22     9424.8431     9365.4573 17980328    0.63%
  83335 42133        cutoff           9424.8431     9365.4573 17988638    0.63%
  83443 42151     9423.7482    29     9424.8431     9365.4573 17996580    0.63%
  83495 42140        cutoff           9424.8431     9365.4573 18004606    0.63%
  83596 42196        cutoff           9424.8431     9365.4983 18036125    0.63%
  83732 42195     9417.0069   128     9424.8431     9365.5410 18042762    0.63%

GUB cover cuts applied:  44
Clique cuts applied:  12
Cover cuts applied:  22
Implied bound cuts applied:  438
Flow cuts applied:  265
Mixed integer rounding cuts applied:  1486
Flow path cuts applied:  59
Zero-half cuts applied:  19
Lift and project cuts applied:  40
Gomory fractional cuts applied:  2

Root node processing (before b&c):
  Real time             =   26.43 sec. (13549.55 ticks)
Parallel b&c, 4 threads:
  Real time             = 7177.10 sec. (2289403.55 ticks)
  Sync time (average)   =  140.88 sec.
  Wait time (average)   =    0.04 sec.
                          ------------
Total (root+branch&cut) = 7203.53 sec. (2302953.09 ticks)

===========  RESULTS  ===========
Status of the solver :   Feasible
 Best solution found :   9424.843092165549 Best LB : 
9365.815630144105period 0 route 1(status 1.0) location 1 q 99.37175475186372
period 1 route 1(status 1.0) location 1 q 98.01146660047652
period 2 route 1(status 1.0) location 1 q 100.00000000000001
period 3 route 1(status 1.0) location 1 q 99.59886199062531
period 4 route 1(status 1.0) location 1 q 97.1964053744039
period 5 route 1(status 1.0) location 1 q 100.0
period 6 route 1(status 1.0) location 1 q 99.99999999999999
period 7 route 1(status 1.0) location 1 q 75.0
period 8 route 1(status 1.0) location 1 q 73.45079992770522
period 0 route 53(status 1.0) location 1 q 14.067598050117013
period 0 route 53(status 1.0) location 6 q 8.54918124363365
period 0 route 90(status 1.0) location 5 q 14.655728078154214
period 0 route 90(status 1.0) location 9 q 10.448219333389982
period 0 route 133(status 1.0) location 0 q 7.088603861701972
period 0 route 133(status 1.0) location 2 q 7.780926959849648
period 0 route 133(status 1.0) location 3 q 6.96412000481996
period 0 route 164(status 1.0) location 4 q 11.06744856150546
period 0 route 164(status 1.0) location 7 q 11.237825111636992
period 0 route 164(status 1.0) location 8 q 7.512103553054423
period 1 route 35(status 1.0) location 0 q 6.696359646669422
period 1 route 35(status 1.0) location 8 q 6.955682484058414
period 1 route 157(status 1.0) location 2 q 8.348514892408097
period 1 route 157(status 1.0) location 3 q 20.540468402758727
period 1 route 157(status 1.0) location 6 q 8.659274813669697
period 1 route 171(status 1.0) location 5 q 14.600389114162795
period 1 route 171(status 1.0) location 7 q 10.812972950863681
period 1 route 171(status 1.0) location 9 q 20.511042403643287
period 2 route 164(status 1.0) location 4 q 22.166341209629326
period 2 route 164(status 1.0) location 7 q 11.286688018806393
period 2 route 164(status 1.0) location 8 q 14.183479353626984
period 2 route 187(status 1.0) location 0 q 13.899500973467134
period 2 route 187(status 1.0) location 2 q 8.754483708539237
period 2 route 187(status 1.0) location 5 q 14.233160330604456
period 2 route 187(status 1.0) location 6 q 16.36310829157042
period 3 route 54(status 1.0) location 1 q 30.961158867096728
period 3 route 54(status 1.0) location 2 q 21.915072149070163
period 3 route 171(status 1.0) location 5 q 15.27690904730564
period 3 route 171(status 1.0) location 7 q 11.620275648842378
period 3 route 171(status 1.0) location 9 q 19.825446278310398
period 4 route 129(status 1.0) location 0 q 21.597246793225004
period 4 route 129(status 1.0) location 3 q 12.367235356701734
period 4 route 129(status 1.0) location 6 q 18.549868930643008
period 4 route 172(status 1.0) location 5 q 15.099007057814699
period 4 route 172(status 1.0) location 7 q 10.867655797304176
period 4 route 172(status 1.0) location 8 q 15.933279017020972
period 5 route 171(status 1.0) location 5 q 31.546154034007877
period 5 route 171(status 1.0) location 7 q 12.353512905315545
period 5 route 171(status 1.0) location 9 q 31.100333060676572
period 6 route 157(status 1.0) location 2 q 8.310256293115202
period 6 route 157(status 1.0) location 3 q 26.299521973911652
period 6 route 157(status 1.0) location 6 q 19.201185786935756
period 6 route 164(status 1.0) location 4 q 22.76448820577071
period 6 route 164(status 1.0) location 7 q 21.943263903024608
period 6 route 164(status 1.0) location 8 q 29.263396258936368
period 7 route 187(status 1.0) location 0 q 20.891929034024983
period 7 route 187(status 1.0) location 2 q 23.69194678064801
period 7 route 187(status 1.0) location 5 q 15.326282396669294
period 7 route 187(status 1.0) location 6 q 15.089841788657717
period 8 route 171(status 1.0) location 5 q 29.53510901905096
period 8 route 171(status 1.0) location 7 q 23.02456675012104
period 8 route 171(status 1.0) location 9 q 20.891124158533223
==================================================
Time to solve the instance: 7204053 milliseconds
=================================================

