CPXPARAM_TimeLimit                               7200
CPXPARAM_Read_APIEncoding                        "UTF8"
Tried aggregator 2 times.
MIP Presolve eliminated 22492 rows and 15181 columns.
MIP Presolve added 1522 rows and 0 columns.
MIP Presolve modified 1900 coefficients.
Aggregator did 1 substitutions.
Reduced MIP has 3360 rows, 6892 columns, and 27046 nonzeros.
Reduced MIP has 2023 binaries, 0 generals, 0 SOSs, and 0 indicators.
Presolve time = 0.08 sec. (47.36 ticks)
Probing fixed 0 vars, tightened 3 bounds.
Probing time = 0.02 sec. (9.08 ticks)
Tried aggregator 1 time.
Reduced MIP has 3360 rows, 6892 columns, and 27046 nonzeros.
Reduced MIP has 2023 binaries, 0 generals, 0 SOSs, and 0 indicators.
Presolve time = 0.02 sec. (17.72 ticks)
Probing time = 0.02 sec. (5.69 ticks)
Clique table members: 472.
MIP emphasis: balance optimality and feasibility.
MIP search method: dynamic search.
Parallel mode: deterministic, using up to 4 threads.
Root relaxation solution time = 0.17 sec. (137.62 ticks)

        Nodes                                         Cuts/
   Node  Left     Objective  IInf  Best Integer    Best Bound    ItCnt     Gap

*     0+    0                        18899.6921        0.0000           100.00%
      0     0     3369.8072   121    18899.6921     3369.8072     3027   82.17%
      0     0     5280.2532   100    18899.6921     Cuts: 349     4165   72.06%
      0     0     5365.0315    94    18899.6921     Cuts: 377     4613   71.61%
      0     0     5426.0018   116    18899.6921     Cuts: 353     5261   71.29%
*     0+    0                         7674.4156     5426.0018            29.30%
      0     0     5494.9979   107     7674.4156     Cuts: 344     5859   28.40%
*     0+    0                         6664.4668     5494.9979            17.55%
      0     0     5541.6884   111     6664.4668     Cuts: 363     6432   16.85%
      0     0     5578.8643   153     6664.4668     Cuts: 303     7308   16.29%
*     0+    0                         6512.5833     5578.8643            14.34%
      0     0     5624.4385   108     6512.5833     Cuts: 321     8324   13.64%
*     0+    0                         6436.8677     5624.4385            12.62%
      0     0     5661.3193   115     6436.8677     Cuts: 286     9035   12.05%
*     0+    0                         6359.6904     5661.3193            10.98%
      0     0     5685.8634   152     6359.6904     Cuts: 269     9670   10.60%
      0     0     5705.8333   124     6359.6904     Cuts: 255    10449   10.28%
      0     0     5716.0754   127     6359.6904     Cuts: 199    10936   10.12%
      0     0     5726.2087   134     6359.6904     Cuts: 177    11478    9.96%
      0     0     5733.5616   126     6359.6904     Cuts: 203    11919    9.85%
      0     0     5741.0702   135     6359.6904     Cuts: 145    12448    9.73%
      0     0     5749.7006   138     6359.6904     Cuts: 151    12992    9.59%
      0     0     5752.7297   135     6359.6904     Cuts: 175    13429    9.54%
      0     0     5757.9754   135     6359.6904     Cuts: 122    13935    9.46%
      0     0     5760.3593   172     6359.6904     Cuts: 152    14217    9.42%
      0     0     5762.2654   141     6359.6904     Cuts: 135    14548    9.39%
      0     0     5764.2398   141     6359.6904     Cuts: 113    14844    9.36%
      0     0     5765.8338   134     6359.6904      Cuts: 86    15063    9.34%
      0     0     5766.8556   140     6359.6904      Cuts: 77    15338    9.32%
      0     0     5767.6303   159     6359.6904      Cuts: 75    15668    9.31%
*     0+    0                         6345.6990     5767.6303             9.11%
      0     2     5767.6303   159     6345.6990     5767.6303    15668    9.11%
Elapsed time = 23.75 sec. (11944.97 ticks, tree = 0.01 MB, solutions = 7)
      2     4     5772.6679   152     6345.6990     5767.7628    16486    9.11%
      4     3     5856.6297    77     6345.6990     5767.7922    18316    9.11%
      8     6     5857.2852    79     6345.6990     5772.6774    19551    9.03%
     13    10     5875.6252    75     6345.6990     5779.9306    24334    8.92%
     20    12     5897.0376    70     6345.6990     5779.9306    26539    8.92%
     27    20     5906.7850    34     6345.6990     5779.9306    33155    8.92%
     37    25     5915.2123    31     6345.6990     5779.9306    35584    8.92%
     42    31     5915.9632    33     6345.6990     5779.9306    40173    8.92%
     50    41     5920.6360    39     6345.6990     5779.9306    44189    8.92%
     79    68     5956.0504    39     6345.6990     5779.9306    59260    8.92%
Elapsed time = 31.34 sec. (15545.01 ticks, tree = 0.08 MB, solutions = 7)
    116    96     6080.0234    18     6345.6990     5779.9306    72893    8.92%
*   132+  122                         6323.6353     5779.9306             8.60%
    147   129     6071.7348    27     6323.6353     5779.9306    87321    8.60%
    185   161     6212.4451    11     6323.6353     5779.9306    99316    8.60%
    228   199     6280.9239     3     6323.6353     5779.9306   110474    8.60%
    280   236     6073.8452    16     6323.6353     5784.7424   120629    8.52%
    327   277     6075.9399    17     6323.6353     5785.8662   136890    8.50%
*   360+  304                         6294.6489     5785.9133             8.08%
*   370+  295                         6289.4146     5863.9860             6.76%
*   373+  295                         6268.9553     5863.9860             6.46%
    396   298        cutoff           6268.9553     5863.9860   155172    6.46%
    447   322     6111.7944    19     6268.9553     5863.9860   162903    6.46%
    483   328     5979.9232    68     6268.9553     5863.9860   166040    6.46%
    536   383     6200.6877     8     6268.9553     5863.9860   182345    6.46%
Elapsed time = 55.47 sec. (25334.17 ticks, tree = 2.92 MB, solutions = 13)
*   558+  376                         6137.4981     5863.9860             4.46%
    591   407     6069.4243    23     6137.4981     5872.2956   197532    4.32%
    621   285     6046.0154    12     6137.4981     5874.8414   219990    4.28%
    669   276     6127.0836    11     6137.4981     5874.8414   217284    4.28%
    699   318     6116.5318    16     6137.4981     5879.0915   230486    4.21%
    753   367     5951.0110    73     6137.4981     5902.3228   249173    3.83%
    810   401     6044.9904    58     6137.4981     5902.3228   265814    3.83%
    854   407     6032.2738    19     6137.4981     5910.9052   273458    3.69%
    893   428     6133.5896    18     6137.4981     5910.9940   284127    3.69%
    934   454     6041.7581    22     6137.4981     5913.3181   310779    3.65%
    956   485     6013.8376    22     6137.4981     5915.3711   334747    3.62%
Elapsed time = 80.04 sec. (35273.69 ticks, tree = 3.35 MB, solutions = 14)
    982   499     6134.3931     9     6137.4981     5920.7409   344309    3.53%
   1035   498     5998.2671    33     6137.4981     5927.7099   360845    3.42%
   1083   524     6121.0975    43     6137.4981     5931.6058   389093    3.35%
   1122   535     6134.5916    26     6137.4981     5932.2193   402472    3.34%
   1149   538     6078.4430     7     6137.4981     5937.4209   407187    3.26%
   1188   572     6093.8469    21     6137.4981     5947.7250   440397    3.09%
   1230   579     6099.4010    24     6137.4981     5948.3654   440962    3.08%
   1260   604     6098.2297    70     6137.4981     5950.4194   465506    3.05%
   1298   608     6136.3910    27     6137.4981     5953.0776   498801    3.00%
   1326   607     6088.1343    14     6137.4981     5954.1477   506255    2.99%
Elapsed time = 104.22 sec. (45242.56 ticks, tree = 3.81 MB, solutions = 14)
   1356   611     6094.4673    12     6137.4981     5957.5872   526740    2.93%
   1399   620     6036.0748    32     6137.4981     5963.1908   542148    2.84%
   1434   618     6132.6694    21     6137.4981     5963.9440   541868    2.83%
   1473   639     6061.2396    23     6137.4981     5968.9383   571079    2.75%
   1530   641     6112.5250    13     6137.4981     5968.9383   576180    2.75%
   1563   655        cutoff           6137.4981     5974.5927   586788    2.65%
   1614   680     6133.9982    11     6137.4981     5975.5469   616864    2.64%
   1665   727        cutoff           6137.4981     5977.3899   633223    2.61%
   1696   704     6096.5684    23     6137.4981     5981.1287   651665    2.55%
   1732   730        cutoff           6137.4981     5984.2260   662162    2.50%
Elapsed time = 127.30 sec. (55118.58 ticks, tree = 4.62 MB, solutions = 14)
   1786   731        cutoff           6137.4981     5988.4149   678002    2.43%
   1821   753        cutoff           6137.4981     5990.0522   685216    2.40%
   1854   740     6126.6759    22     6137.4981     5992.9936   698174    2.35%
   1894   750        cutoff           6137.4981     6001.1119   708619    2.22%
   1946   755     6110.9234     5     6137.4981     6001.8808   711946    2.21%
   1993   742     6055.5061     8     6137.4981     6016.8888   741268    1.97%
   2049   749     6067.1417    27     6137.4981     6016.8888   752204    1.97%
   2085   750     6130.9122     7     6137.4981     6023.5081   771257    1.86%
   2131   760     6092.0748    27     6137.4981     6025.0564   781329    1.83%
   2168   787     6076.1960    15     6137.4981     6029.1229   809429    1.77%
Elapsed time = 149.87 sec. (64954.05 ticks, tree = 5.45 MB, solutions = 14)
   2205   796     6111.7851    25     6137.4981     6029.1229   820516    1.77%
   2248   779        cutoff           6137.4981     6034.5908   838668    1.68%
   2316   790        cutoff           6137.4981     6034.9170   849826    1.67%
   2359   786     6131.8197    23     6137.4981     6039.0741   867980    1.60%
   2411   779        cutoff           6137.4981     6040.1549   873064    1.59%
   2459   773     6051.9515    94     6137.4981     6042.8638   886552    1.54%
   2510   769        cutoff           6137.4981     6044.9011   907735    1.51%
   2553   766     6130.9374    25     6137.4981     6050.4492   938351    1.42%
   2616   780        cutoff           6137.4981     6051.5595   930289    1.40%
   2663   756     6062.3561    87     6137.4981     6055.3757   967885    1.34%
Elapsed time = 175.42 sec. (74672.30 ticks, tree = 5.41 MB, solutions = 14)
   2709   765        cutoff           6137.4981     6059.3134   982560    1.27%
   2756   765     6099.2020    28     6137.4981     6060.4566   993144    1.26%
   2806   762     6128.7081    18     6137.4981     6060.4566  1005205    1.26%
   2852   757        cutoff           6137.4981     6064.8684  1007941    1.18%
   2922   753     6120.7009    60     6137.4981     6068.2926  1028949    1.13%
   2973   759     6132.3262    20     6137.4981     6069.2989  1034266    1.11%
   3023   721     6088.2590    90     6137.4981     6071.0310  1055836    1.08%
   3083   739     6127.6952    46     6137.4981     6075.3811  1070772    1.01%
   3139   745     6130.1078     8     6137.4981     6075.3811  1090491    1.01%
   3203   719     6136.5968    15     6137.4981     6080.0527  1119126    0.94%
Elapsed time = 199.66 sec. (84360.31 ticks, tree = 4.95 MB, solutions = 14)
   3266   723        cutoff           6137.4981     6080.7343  1106781    0.92%
   3337   698     6132.4745    16     6137.4981     6083.5465  1153613    0.88%
   3403   684        cutoff           6137.4981     6088.0754  1178244    0.81%
   3470   679     6130.9806    10     6137.4981     6089.8623  1188753    0.78%
   3547   645        cutoff           6137.4981     6090.6162  1205874    0.76%
   3602   633     6110.4312    23     6137.4981     6096.6427  1222008    0.67%
   3678   627        cutoff           6137.4981     6097.0070  1239212    0.66%
   3756   579        cutoff           6137.4981     6101.5569  1270980    0.59%
   3833   536        cutoff           6137.4981     6105.0457  1285427    0.53%
   3921   526        cutoff           6137.4981     6105.0457  1291650    0.53%
Elapsed time = 224.52 sec. (94000.41 ticks, tree = 2.47 MB, solutions = 14)
   4019   480        cutoff           6137.4981     6111.1875  1310915    0.43%
   4113   410        cutoff           6137.4981     6115.7014  1333801    0.36%
   4294   266        cutoff           6137.4981     6124.1788  1353621    0.22%

Clique cuts applied:  12
Implied bound cuts applied:  905
Flow cuts applied:  183
Mixed integer rounding cuts applied:  199
Flow path cuts applied:  53
Zero-half cuts applied:  18
Lift and project cuts applied:  1
Gomory fractional cuts applied:  1

Root node processing (before b&c):
  Real time             =   23.68 sec. (11887.88 ticks)
Parallel b&c, 4 threads:
  Real time             =  208.87 sec. (85613.33 ticks)
  Sync time (average)   =    4.26 sec.
  Wait time (average)   =    0.00 sec.
                          ------------
Total (root+branch&cut) =  232.55 sec. (97501.21 ticks)

===========  RESULTS  ===========
Status of the solver :   Optimal
 Best solution found :   6137.49814630671 Best LB : 
6136.932456231706period 0 route 1(status 1.0) location 1 q 96.66959330767659
period 2 route 1(status 1.0) location 1 q 98.0377005191678
period 3 route 1(status 1.0) location 1 q 79.29488436098056
period 6 route 1(status 1.0) location 1 q 100.0
period 0 route 38(status 1.0) location 0 q 10.221125333381181
period 0 route 38(status 1.0) location 4 q 8.836730740943253
period 0 route 67(status 1.0) location 2 q 7.098954213809584
period 0 route 67(status 1.0) location 9 q 6.011882165979875
period 0 route 143(status 1.0) location 1 q 7.887470873355784
period 0 route 143(status 1.0) location 3 q 12.814931476761242
period 0 route 143(status 1.0) location 7 q 9.81231062748438
period 0 route 175(status 1.0) location 5 q 6.415995478083053
period 0 route 175(status 1.0) location 6 q 20.18867967541537
period 0 route 175(status 1.0) location 8 q 7.38151272246273
period 2 route 124(status 1.0) location 0 q 20.281111604384904
period 2 route 124(status 1.0) location 3 q 6.64198306898796
period 2 route 124(status 1.0) location 4 q 18.295420977860267
period 2 route 194(status 1.0) location 2 q 14.314453157873299
period 2 route 194(status 1.0) location 5 q 12.610548159546436
period 2 route 194(status 1.0) location 8 q 14.793404178019703
period 2 route 194(status 1.0) location 9 q 11.100779372495229
period 3 route 143(status 1.0) location 1 q 17.572190643041704
period 3 route 143(status 1.0) location 3 q 20.421310555970848
period 3 route 143(status 1.0) location 7 q 22.609712147370676
period 6 route 124(status 1.0) location 0 q 20.083541245412583
period 6 route 124(status 1.0) location 3 q 26.11391878805243
period 6 route 124(status 1.0) location 4 q 18.38756829654299
period 6 route 194(status 1.0) location 2 q 14.14096093221125
period 6 route 194(status 1.0) location 5 q 12.220201563963407
period 6 route 194(status 1.0) location 8 q 15.20042098587367
period 6 route 194(status 1.0) location 9 q 12.545059202540996
==================================================
Time to solve the instance: 233099 milliseconds
=================================================

