CPXPARAM_TimeLimit                               7200
CPXPARAM_Threads                                 4
Tried aggregator 1 time.
MIP Presolve eliminated 37353 rows and 24056 columns.
MIP Presolve added 1290 rows and 0 columns.
MIP Presolve modified 1760 coefficients.
Reduced MIP has 4433 rows, 12908 columns, and 52083 nonzeros.
Reduced MIP has 3377 binaries, 0 generals, 0 SOSs, and 0 indicators.
Presolve time = 0.18 sec. (129.95 ticks)
Found incumbent of value 104311.157558 after 0.24 sec. (158.41 ticks)
Probing fixed 7 vars, tightened 1218 bounds.
Probing changed sense of 10 constraints.
Probing time = 0.24 sec. (86.07 ticks)
Tried aggregator 1 time.
MIP Presolve eliminated 7 rows and 39 columns.
MIP Presolve modified 373 coefficients.
Reduced MIP has 4426 rows, 12869 columns, and 51810 nonzeros.
Reduced MIP has 3370 binaries, 0 generals, 0 SOSs, and 0 indicators.
Presolve time = 0.05 sec. (47.17 ticks)
Probing time = 0.09 sec. (10.07 ticks)
Clique table members: 304.
MIP emphasis: balance optimality and feasibility.
MIP search method: dynamic search.
Parallel mode: deterministic, using up to 4 threads.
Root relaxation solution time = 0.23 sec. (256.99 ticks)

        Nodes                                         Cuts/
   Node  Left     Objective  IInf  Best Integer    Best Bound    ItCnt     Gap

*     0+    0                       104311.1576        0.0000           100.00%
*     0+    0                        11234.3797        0.0000           100.00%
      0     0     3891.6106    64    11234.3797     3891.6106     6653   65.36%
      0     0     4103.0204    91    11234.3797     Cuts: 297     7547   63.48%
*     0+    0                         6496.7389     4103.0204            36.84%
      0     0     4239.3265   107     6496.7389     Cuts: 340     8524   34.75%
*     0+    0                         6291.9661     4239.3265            32.62%
      0     0     4310.4714   109     6291.9661     Cuts: 374     9417   31.49%
*     0+    0                         6243.8358     4310.4714            30.96%
*     0+    0                         6129.0446     4310.4714            29.67%
      0     0     4363.2083   120     6129.0446     Cuts: 342    10288   28.81%
      0     0     4394.1920   140     6129.0446     Cuts: 352    11095   28.31%
*     0+    0                         5194.8605     4394.1920            15.41%
      0     0     4416.7376   139     5194.8605     Cuts: 327    12251   14.98%
      0     0     4465.1239   138     5194.8605     Cuts: 333    13581   14.05%
      0     0     4493.6591   147     5194.8605     Cuts: 292    14944   13.50%
      0     0     4510.2524   166     5194.8605     Cuts: 345    15788   13.18%
      0     0     4524.0509   165     5194.8605     Cuts: 335    16649   12.91%
      0     0     4531.8238   177     5194.8605     Cuts: 310    17374   12.76%
      0     0     4538.8918   187     5194.8605     Cuts: 325    18106   12.63%
      0     0     4548.2986   188     5194.8605     Cuts: 313    19005   12.45%
*     0+    0                         5165.7373     4548.2986            11.95%
      0     0     4557.4452   184     5165.7373     Cuts: 306    19830   11.78%
*     0+    0                         5081.3206     4557.4452            10.31%
      0     0     4563.2901   187     5081.3206     Cuts: 302    20694   10.19%
      0     0     4579.1588   179     5081.3206     Cuts: 279    21759    9.88%
      0     0     4588.8518   178     5081.3206     Cuts: 283    22690    9.69%
      0     0     4594.2519   181     5081.3206     Cuts: 274    23339    9.59%
      0     0     4596.7696   192     5081.3206     Cuts: 250    23913    9.54%
      0     0     4599.9788   200     5081.3206     Cuts: 231    24507    9.47%
      0     0     4607.8747   175     5081.3206     Cuts: 241    25491    9.32%
      0     0     4611.9080   178     5081.3206     Cuts: 261    26178    9.24%
      0     0     4614.5394   184     5081.3206     Cuts: 227    26731    9.19%
      0     0     4616.4576   187     5081.3206     Cuts: 204    27262    9.15%
      0     0     4618.0461   182     5081.3206     Cuts: 222    27755    9.12%
      0     0     4619.1358   195     5081.3206     Cuts: 187    28199    9.10%
      0     0     4619.9952   196     5081.3206     Cuts: 165    28617    9.08%
Heuristic still looking.
      0     2     4619.9952   196     5081.3206     4619.9952    28617    9.08%
Elapsed time = 76.88 sec. (43727.14 ticks, tree = 0.01 MB, solutions = 9)
      1     3     4620.6008   188     5081.3206     4619.9957    29059    9.08%
      2     3     4636.7810    94     5081.3206     4619.9957    31511    9.08%
      4     5     4646.3929    89     5081.3206     4620.6148    33164    9.07%
      7     9     4647.3480    89     5081.3206     4623.2320    37717    9.02%
     10    10     4655.1462    99     5081.3206     4623.2320    39812    9.02%
     14    12     4648.4811    91     5081.3206     4623.2320    39502    9.02%
     15    11     4669.2839    87     5081.3206     4623.2320    41667    9.02%
     17    15     4660.7659    79     5081.3206     4623.2320    44099    9.02%
     22    18     4656.6222   107     5081.3206     4623.2320    46144    9.02%
     34    26     4658.9610   101     5081.3206     4623.2320    55995    9.02%
Elapsed time = 88.87 sec. (49211.42 ticks, tree = 0.07 MB, solutions = 9)
     42    43     4654.2859    86     5081.3206     4623.2320    66232    9.02%
     52    41     4669.8697    96     5081.3206     4623.2320    65743    9.02%
     60    49     4680.4270   100     5081.3206     4623.2320    73537    9.02%
     68    62     4669.5526    79     5081.3206     4623.2320    83169    9.02%
     76    76     4804.2698    55     5081.3206     4623.2320    95975    9.02%
     84    84     4815.9814    49     5081.3206     4623.2320   102362    9.02%
     99    89     4842.7425    35     5081.3206     4623.2320   105815    9.02%
    119    95     4705.7999    63     5081.3206     4623.2320   110822    9.02%
    140   136     4939.5059    24     5081.3206     4623.2320   131638    9.02%
    164   121     4699.2487    68     5081.3206     4623.2320   127142    9.02%
Elapsed time = 115.69 sec. (59381.79 ticks, tree = 0.54 MB, solutions = 9)
    174   144     4736.3977    62     5081.3206     4625.0260   140511    8.98%
    186   153     4761.3823    65     5081.3206     4625.0384   146641    8.98%
    196   172     4724.7907    61     5081.3206     4625.0384   157404    8.98%
    209   184     4724.3405    57     5081.3206     4625.0384   163753    8.98%
    222   198     4827.4490    53     5081.3206     4625.0384   175066    8.98%
    233   213     4652.4823    92     5081.3206     4625.0384   187422    8.98%
    246   224     4868.9933    53     5081.3206     4625.0384   195092    8.98%
    263   245     4733.0694    58     5081.3206     4625.0384   206019    8.98%
    277   256     4840.4395    56     5081.3206     4625.0384   212993    8.98%
    287   260     4984.4983    53     5081.3206     4625.0384   216322    8.98%
Elapsed time = 139.48 sec. (69743.99 ticks, tree = 1.20 MB, solutions = 9)
    305   261     4741.3432    79     5081.3206     4625.0384   218796    8.98%
    320   306     5024.0660    43     5081.3206     4625.0384   233354    8.98%
    333   312     5047.9295    41     5081.3206     4625.0384   235288    8.98%
    350   328     5057.9289    40     5081.3206     4625.0384   248034    8.98%
    406   309     4909.4630    46     5081.3206     4625.0384   244273    8.98%
    412   314     4921.7835    46     5081.3206     4625.0384   246868    8.98%
    424   334     4647.6093    99     5081.3206     4625.0384   253712    8.98%
    457   333     4782.1365    59     5081.3206     4625.0384   258476    8.98%
    471   357     4789.1910    61     5081.3206     4625.0384   277375    8.98%
    474   355     4756.9306    79     5081.3206     4625.0384   275569    8.98%
Elapsed time = 161.21 sec. (80210.83 ticks, tree = 1.85 MB, solutions = 9)
    477   359     4824.7144    49     5081.3206     4625.0384   281077    8.98%
    480   381     4852.9211    80     5081.3206     4625.0384   300115    8.98%
    484   378     4761.0257    81     5081.3206     4625.0384   293787    8.98%
    489   388     4874.8579    71     5081.3206     4625.0384   314497    8.98%
    494   389     4976.8528    52     5081.3206     4625.0384   312557    8.98%
    506   392     4984.4400    48     5081.3206     4625.0384   319354    8.98%
    518   408     4957.2598    57     5081.3206     4625.0384   341379    8.98%
    530   415     4986.8103    49     5081.3206     4625.0384   344089    8.98%
    552   412     4911.2345    44     5081.3206     4625.0384   341099    8.98%
    585   424        cutoff           5081.3206     4625.0384   349917    8.98%
Elapsed time = 183.80 sec. (90477.68 ticks, tree = 2.49 MB, solutions = 9)
    601   424     4989.3405    49     5081.3206     4625.0384   359869    8.98%
    615   428     5067.6694    23     5081.3206     4625.0384   362774    8.98%
    625   473     4997.5319    39     5081.3206     4625.0384   388489    8.98%
    637   481     4789.7734    62     5081.3206     4625.0384   397452    8.98%
    674   500     5009.0684    28     5081.3206     4625.0384   407122    8.98%
    690   510     5006.1565     7     5081.3206     4625.0384   409737    8.98%
    713   541     5032.0588     9     5081.3206     4625.0384   427702    8.98%
    780   546     5060.7574     6     5081.3206     4625.0384   431320    8.98%
    876   548        cutoff           5081.3206     4625.0384   434283    8.98%
    894   516     5011.9895    29     5081.3206     4625.0384   427900    8.98%
Elapsed time = 212.49 sec. (101158.29 ticks, tree = 3.21 MB, solutions = 9)
*   898+  517                         5074.2450     4625.0384             8.85%
    918   568     5061.8331    16     5074.2450     4625.0384   446326    8.85%
    938   582     4691.2452    69     5074.2450     4627.6272   449277    8.80%
    946   453     4629.4367   189     5074.2450     4627.6272   377491    8.80%
    951   561     4822.4664    69     5074.2450     4629.4564   461674    8.77%
    955   595        cutoff           5074.2450     4629.4564   472733    8.77%
    960   601     4968.4512    50     5074.2450     4633.4698   477666    8.69%
    975   611     4986.0483    25     5074.2450     4633.4698   480555    8.69%
    994   622     5025.6731    37     5074.2450     4633.4698   484026    8.69%
   1009   619     4927.6841    49     5074.2450     4633.4698   500574    8.69%
   1041   675     5069.5194    30     5074.2450     4633.4698   511332    8.69%
Elapsed time = 235.50 sec. (111852.88 ticks, tree = 3.83 MB, solutions = 10)
   1059   635     5057.3619    32     5074.2450     4633.4698   505387    8.69%
   1069   677     4774.8429    72     5074.2450     4633.4698   515601    8.69%
   1073   654     4874.5547    67     5074.2450     4633.4698   520361    8.69%
   1077   655     4892.9578    62     5074.2450     4633.4698   522489    8.69%
   1086   709     5059.3417    48     5074.2450     4633.4698   548958    8.69%
   1093   711     4936.0325    44     5074.2450     4633.4698   554458    8.69%
   1100   712     4959.9729    48     5074.2450     4633.4698   559462    8.69%
   1116   726     4634.6465   183     5074.2450     4634.2862   586128    8.67%
   1120   718     4830.7124    60     5074.2450     4634.2862   570816    8.67%
   1124   721     4886.2259    73     5074.2450     4634.2862   583120    8.67%
Elapsed time = 262.15 sec. (123330.97 ticks, tree = 4.43 MB, solutions = 10)
   1135   733     4946.2698    53     5074.2450     4634.2862   598601    8.67%
   1142   741     4968.5787    48     5074.2450     4634.2862   616322    8.67%
   1150   745     4908.2881    63     5074.2450     4634.2862   625120    8.67%
   1175   755     5047.7200    48     5074.2450     4634.2862   627828    8.67%
   1209   785     5036.0478     8     5074.2450     4634.2862   648587    8.67%
   1246   814     5073.0851    13     5074.2450     4634.2862   651587    8.67%
   1263   756     4662.0676    93     5074.2450     4634.6822   632918    8.66%
   1284   777     4995.3462    13     5074.2450     4636.0981   646995    8.63%
   1335   856     5024.9999    10     5074.2450     4636.0981   679455    8.63%
   1371   791     4641.6685   192     5074.2450     4636.0981   673309    8.63%
Elapsed time = 285.45 sec. (133518.09 ticks, tree = 5.36 MB, solutions = 10)
   1387   873     4800.0263    86     5074.2450     4636.0981   694274    8.63%
   1392   891     4645.3850   185     5074.2450     4636.0981   703902    8.63%
   1398   895     4646.6946   193     5074.2450     4636.0981   705262    8.63%
   1406   900     4648.4750   196     5074.2450     4636.0981   706639    8.63%
   1417   964     4832.5018    68     5074.2450     4636.0981   716098    8.63%
   1420   880     5027.5575    48     5074.2450     4636.0981   703551    8.63%
   1449   968     4687.6275    96     5074.2450     4636.0981   730305    8.63%
   1450   991     4677.2136   103     5074.2450     4636.0981   742040    8.63%
   1453   993     4685.6836    88     5074.2450     4636.0981   744003    8.63%
   1480   998     5061.0093    26     5074.2450     4636.0981   760765    8.63%
Elapsed time = 344.88 sec. (147862.43 ticks, tree = 6.20 MB, solutions = 10)
   1514  1017     4685.4190    86     5074.2450     4636.0981   780992    8.63%
   1547  1071     4661.7730   191     5074.2450     4636.0981   813158    8.63%
   1578  1069     4693.3148    91     5074.2450     4636.0981   824213    8.63%
   1653  1103     4839.8046    67     5074.2450     4636.0981   854732    8.63%
   1686  1160     4911.4492    72     5074.2450     4636.0981   895680    8.63%
   1744  1181     5054.8347    45     5074.2450     4641.9914   917484    8.52%
   1792  1188     4850.9212    64     5074.2450     4642.1524   948109    8.52%
   1812  1256     4970.8159    60     5074.2450     4642.7433   984491    8.50%
   1852  1272     5062.9185    61     5074.2450     4642.9989  1003257    8.50%
   1862  1300     4876.0190    76     5074.2450     4645.9998  1025765    8.44%
Elapsed time = 475.41 sec. (187082.35 ticks, tree = 7.92 MB, solutions = 10)
   1891  1330     4694.7312   100     5074.2450     4645.9998  1057435    8.44%
   1930  1331     4717.5566    80     5074.2450     4646.2029  1072492    8.44%
   1946  1354     5025.9914    62     5074.2450     4646.7604  1099336    8.42%
   1979  1385     4756.6601    82     5074.2450     4647.1844  1142364    8.42%
   1991  1386     4713.0626    94     5074.2450     4647.1844  1158400    8.42%
   2005  1416     4950.9385    62     5074.2450     4649.4579  1218911    8.37%
   2048  1425     4681.4222    94     5074.2450     4649.4579  1227465    8.37%
   2062  1428     5072.5914    60     5074.2450     4650.0644  1250448    8.36%
   2106  1461     5069.3468    38     5074.2450     4651.2778  1306275    8.34%
   2125  1457     5010.5643    64     5074.2450     4652.3392  1325188    8.31%
Elapsed time = 571.18 sec. (227301.32 ticks, tree = 8.66 MB, solutions = 10)
   2166  1514        cutoff           5074.2450     4653.2967  1387105    8.30%
   2200  1511     4877.0220    67     5074.2450     4653.2967  1403722    8.30%
   2237  1532     4883.7942    65     5074.2450     4656.6080  1420565    8.23%
   2290  1580     5038.4117    25     5074.2450     4657.0129  1472602    8.22%
   2380  1594     5016.1266    30     5074.2450     4657.0129  1471123    8.22%
   2410  1609     4801.8288    83     5074.2450     4657.9046  1506196    8.20%
   2425  1713     5070.2411    46     5074.2450     4659.9488  1542952    8.16%
   2431  1736     4763.3106   218     5074.2450     4763.3106  1634514    6.13%
   2433  1737     4763.6822   215     5074.2450     4763.6822  1635774    6.12%
   2436  1305     4970.7502    73     5074.2450     4763.6822  1644327    6.12%
Elapsed time = 1149.24 sec. (373129.02 ticks, tree = 8.20 MB, solutions = 10)
   2443   472     4910.7140    74     5074.2450     4773.0784  1665920    5.94%
   2454   275     5030.5305    50     5074.2450     4773.0784  1673736    5.94%
   2465   154     5070.2661    59     5074.2450     4773.1306  1695390    5.93%
   2498    73     4967.9897    32     5074.2450     4773.1306  1709800    5.93%
   2514    67     4930.9447    54     5074.2450     4773.1306  1721619    5.93%
   2527    58     4935.1515    55     5074.2450     4773.1306  1752529    5.93%
   2564    84     5022.3628    40     5074.2450     4775.6642  1778971    5.88%
   2631    63     4967.0101    75     5074.2450     4775.6642  1777216    5.88%
   2702   147     5058.7502    20     5074.2450     4775.6642  1807603    5.88%
   2771   190     5049.6622    54     5074.2450     4775.6642  1843611    5.88%
Elapsed time = 1362.30 sec. (412658.54 ticks, tree = 0.66 MB, solutions = 10)
   2795   193     5003.0540    65     5074.2450     4776.0451  1855767    5.88%
   2810   201     4996.2055    36     5074.2450     4776.0451  1864195    5.88%
   2837   237     5009.8197    28     5074.2450     4776.0451  1880680    5.88%
   2887   241     4969.3702    39     5074.2450     4778.2394  1904259    5.83%
   2936   329     5045.1831    10     5074.2450     4778.2394  1937693    5.83%
