========================================
== Iteration 1: Solving with 2 subsets of routes ==
========================================
Computing a partial solution using 100 routes
CPXPARAM_TimeLimit                               1200
CPXPARAM_Threads                                 4
Tried aggregator 2 times.
MIP Presolve eliminated 15471 rows and 11281 columns.
MIP Presolve added 420 rows and 0 columns.
MIP Presolve modified 905 coefficients.
Aggregator did 3 substitutions.
Reduced MIP has 2489 rows, 4470 columns, and 16858 nonzeros.
Reduced MIP has 1445 binaries, 0 generals, 0 SOSs, and 0 indicators.
Presolve time = 0.07 sec. (36.67 ticks)
Found incumbent of value 566970.853680 after 0.11 sec. (47.24 ticks)
Probing fixed 0 vars, tightened 183 bounds.
Probing changed sense of 10 constraints.
Probing time = 0.03 sec. (4.73 ticks)
Tried aggregator 1 time.
MIP Presolve modified 12 coefficients.
Reduced MIP has 2489 rows, 4470 columns, and 16858 nonzeros.
Reduced MIP has 1445 binaries, 0 generals, 0 SOSs, and 0 indicators.
Presolve time = 0.02 sec. (14.38 ticks)
Probing time = 0.02 sec. (3.90 ticks)
Cover probing fixed 0 vars, tightened 10 bounds.
Clique table members: 716.
MIP emphasis: balance optimality and feasibility.
MIP search method: dynamic search.
Parallel mode: deterministic, using up to 4 threads.
Root relaxation solution time = 0.04 sec. (29.71 ticks)

        Nodes                                         Cuts/
   Node  Left     Objective  IInf  Best Integer    Best Bound    ItCnt     Gap

*     0+    0                       566970.8537        0.0000           100.00%
*     0+    0                        18875.5612        0.0000           100.00%
      0     0     6364.9881   164    18875.5612     6364.9881     1624   66.28%
*     0+    0                        16185.7139     6364.9881            60.68%
      0     0     7594.4900   218    16185.7139     Cuts: 599     2471   53.08%
*     0+    0                        15581.0776     7594.4900            51.26%
      0     0     7857.2732   257    15581.0776     Cuts: 650     3382   49.57%
      0     0     8077.2682   254    15581.0776     Cuts: 703     4838   48.16%
*     0+    0                        15567.1737     8077.2682            48.11%
*     0+    0                        15247.2674     8077.2682            47.02%
*     0+    0                        13521.8868     8077.2682            40.27%
      0     0     8234.4124   269    13521.8868     Cuts: 624     6441   39.10%
      0     0     8341.5539   260    13521.8868     Cuts: 620     7878   38.31%
*     0+    0                        11206.5845     8341.5539            25.57%
      0     0     8436.3171   264    11206.5845     Cuts: 612     9382   24.72%
*     0+    0                        10210.3312     8436.3171            17.37%
      0     0     8503.1860   286    10210.3312     Cuts: 524    10594   16.72%
*     0+    0                         9900.8868     8503.1860            14.12%
      0     0     8559.7640   286     9900.8868     Cuts: 506    12019   13.55%
      0     0     8592.7177   293     9900.8868     Cuts: 478    13110   13.21%
      0     0     8616.7004   297     9900.8868     Cuts: 407    14063   12.97%
      0     0     8635.6605   322     9900.8868     Cuts: 338    14979   12.78%
      0     0     8647.2317   307     9900.8868     Cuts: 326    15846   12.66%
      0     0     8657.1181   314     9900.8868     Cuts: 205    16609   12.56%
      0     0     8667.0401   326     9900.8868     Cuts: 220    17486   12.46%
      0     0     8677.9802   319     9900.8868     Cuts: 230    18411   12.35%
      0     0     8684.1022   328     9900.8868     Cuts: 196    19064   12.29%
      0     0     8690.8264   329     9900.8868     Cuts: 158    19732   12.22%
      0     0     8696.3067   340     9900.8868     Cuts: 187    20456   12.17%
      0     0     8700.2043   338     9900.8868     Cuts: 149    21153   12.13%
      0     0     8702.6627   357     9900.8868     Cuts: 142    21733   12.10%
      0     0     8704.5832   352     9900.8868     Cuts: 147    22342   12.08%
      0     0     8706.7331   347     9900.8868     Cuts: 129    22851   12.06%
      0     0     8708.5293   349     9900.8868     Cuts: 117    23292   12.04%
      0     0     8709.5678   356     9900.8868     Cuts: 108    23694   12.03%
*     0+    0                         9891.3863     8712.4195            11.92%
*     0+    0                         9820.8549     8712.4195            11.29%
      0     2     8709.5678   356     9820.8549     8712.4195    23694   11.29%
Elapsed time = 43.16 sec. (19262.90 ticks, tree = 0.01 MB, solutions = 12)
      1     3     8710.9449   345     9820.8549     8712.4195    24238   11.29%
      2     3     8715.3613   137     9820.8549     8712.4195    25522   11.29%
      3     5     8715.8272   134     9820.8549     8712.4195    26448   11.29%
      5     4     8718.5535   144     9820.8549     8712.4195    26038   11.29%
      9    10     8738.0433   134     9820.8549     8715.8354    32649   11.25%
     13    12     8726.2732   134     9820.8549     8715.8354    33719   11.25%
     16    18     8726.9947   131     9820.8549     8715.8354    38468   11.25%
     20    15     8755.5980   116     9820.8549     8715.8354    37522   11.25%
     22    23     8751.7034   130     9820.8549     8715.8354    43513   11.25%
     56    34     9455.2798   211     9820.8549     8715.8354    57514   11.25%
Elapsed time = 52.60 sec. (22759.18 ticks, tree = 0.11 MB, solutions = 12)
     84    47     8774.7609   112     9820.8549     8715.8354    68965   11.25%
     98    60     8801.2300   120     9820.8549     8715.8354    80074   11.25%
    103    71     8786.3783   114     9820.8549     8715.8354    94309   11.25%
    109    69     8797.1942   115     9820.8549     8715.8354    90578   11.25%
    126    87     8808.0241   113     9820.8549     8715.8354   110261   11.25%
    137    99     8814.4526   111     9820.8549     8715.8354   121855   11.25%
    146   109     8874.1866    91     9820.8549     8715.8354   132821   11.25%
    150   110     8817.9899   113     9820.8549     8715.8354   133887   11.25%
    161   123     8839.3030    93     9820.8549     8715.8354   148420   11.25%
    185   134     8808.0158   113     9820.8549     8715.8354   154344   11.25%
Elapsed time = 81.52 sec. (33626.91 ticks, tree = 0.33 MB, solutions = 12)
    197   156     8836.4878   102     9820.8549     8715.8354   173144   11.25%
    211   153     8852.5675    97     9820.8549     8715.8354   174090   11.25%
    223   171     8841.8208   100     9820.8549     8715.8354   186757   11.25%
    231   189     8902.0124    84     9820.8549     8715.8354   203207   11.25%
    244   197     8882.3408    87     9820.8549     8715.8354   209770   11.25%
    260   215     8919.5347    80     9820.8549     8715.8354   222445   11.25%
    271   226     8955.8881    75     9820.8549     8715.8354   231867   11.25%
    289   233     8984.6271   140     9820.8549     8715.8354   236156   11.25%
    302   237     8854.0563   110     9820.8549     8715.8354   241067   11.25%
    325   258     9007.9038    64     9820.8549     8715.8354   253675   11.25%
Elapsed time = 107.93 sec. (43923.14 ticks, tree = 0.97 MB, solutions = 12)
    345   270     9100.6015    21     9820.8549     8715.8354   261125   11.25%
    375   282     8876.7728   106     9820.8549     8715.8354   275515   11.25%
    403   329     9121.9452    28     9820.8549     8715.8354   291812   11.25%
    422   338     9202.3470    35     9820.8549     8715.8354   294402   11.25%
    437   384     9302.3413    30     9820.8549     8715.8354   332987   11.25%
    472   408     9122.6706    46     9820.8549     8715.8354   358050   11.25%
    504   422     9708.1180    20     9820.8549     8715.8354   348040   11.25%
    549   437     9462.5612    96     9820.8549     8715.8354   365659   11.25%
    592   473     9415.4070    54     9820.8549     8715.8354   397349   11.25%
    624   459     8934.5108    92     9820.8549     8718.6047   389287   11.22%
Elapsed time = 132.77 sec. (53932.22 ticks, tree = 2.36 MB, solutions = 12)
    642   550     9768.6398    41     9820.8549     8718.6047   439149   11.22%
    656   564     9342.6801    79     9820.8549     8718.6047   461799   11.22%
    662   533     8947.9651   202     9820.8549     8718.6047   434056   11.22%
    667   567     9449.7997    60     9820.8549     8718.6047   466140   11.22%
    683   583     9465.6138   146     9820.8549     8718.6047   492422   11.22%
    704   588     9451.9948   239     9820.8549     8718.6047   492033   11.22%
    724   588     9328.9301   259     9820.8549     8718.6047   504536   11.22%
    738   628     9647.1319    14     9820.8549     8718.6047   523788   11.22%
    748   634     9667.1318    18     9820.8549     8718.6047   528564   11.22%
    773   637     9615.0824    41     9820.8549     8718.6047   542074   11.22%
Elapsed time = 158.97 sec. (64278.83 ticks, tree = 2.89 MB, solutions = 12)
    800   673     9775.4202    13     9820.8549     8718.6047   564262   11.22%
    845   680     9623.5393   206     9820.8549     8718.6047   553629   11.22%
    906   747        cutoff           9820.8549     8718.6047   606617   11.22%
    987   818     9786.3133     9     9820.8549     8724.5328   630317   11.16%
   1053   804     9794.9239    99     9820.8549     8724.5328   621384   11.16%
   1178   756     8978.8717   238     9820.8549     8724.5328   614888   11.16%
   1192   853     9532.2486    76     9820.8549     8724.5328   642165   11.16%
   1247   925     9080.5013    79     9820.8549     8724.5328   675148   11.16%
   1261   899     9400.3406   265     9820.8549     8724.5328   662792   11.16%
   1298  1018     9460.2006   253     9820.8549     8724.5328   712353   11.16%
Elapsed time = 184.65 sec. (74437.74 ticks, tree = 6.65 MB, solutions = 12)
   1329  1018     9539.8876    29     9820.8549     8724.5328   707670   11.16%
   1355  1034     9528.0541    23     9820.8549     8724.5328   726728   11.16%
   1373  1090     8890.3923    96     9820.8549     8724.5328   749633   11.16%
   1398  1109     9468.4869    55     9820.8549     8724.5328   758255   11.16%
   1446  1051     9200.5891   248     9820.8549     8724.5328   747590   11.16%
   1559  1148     9471.2760   174     9820.8549     8724.5328   795201   11.16%
   1609  1161     9609.2200    51     9820.8549     8724.5328   800308   11.16%
   1700  1312     9394.3650   149     9820.8549     8724.5328   832174   11.16%
   1749  1253     8985.9584    89     9820.8549     8725.8129   815633   11.15%
   1765  1334     9475.4731   136     9820.8549     8725.8130   838334   11.15%
Elapsed time = 208.57 sec. (84341.56 ticks, tree = 8.28 MB, solutions = 12)
*  1799+ 1417                         9755.6948     8725.8130            10.56%
   1799  1419     9536.5186    19     9755.6948     8725.8130   865706   10.56%
*  1813+ 1253                         9720.3824     8725.8130            10.23%
   1816  1370     9230.7978    71     9720.3824     8725.8130   862300   10.23%
   1842  1213     9616.1180    11     9720.3824     8736.5154   895561   10.12%
   1874  1212     9164.4178    77     9720.3824     8736.5154   927140   10.12%
   1886  1211     9451.5775    38     9720.3824     8736.5154   913459   10.12%
   1896  1253     9093.6134   101     9720.3824     8736.6712   938537   10.12%
   1907  1280     9507.6025    42     9720.3824     8736.6712   974300   10.12%
   1937  1288     9703.6951    43     9720.3824     8736.6712   968134   10.12%
   1968  1307     9570.3329    12     9720.3824     8736.6712   995411   10.12%
   2021  1327     9604.8913    11     9720.3824     8736.6712  1000260   10.12%
Elapsed time = 233.19 sec. (94363.00 ticks, tree = 6.66 MB, solutions = 14)
   2053  1336     9720.2695     7     9720.3824     8736.6712  1004760   10.12%
   2094  1339     8966.0980   111     9720.3824     8736.6712  1029067   10.12%
*  2095+ 1389                         9695.2807     8736.6712             9.89%
   2132  1342     9061.0832   102     9695.2807     8736.6712  1032087    9.89%
   2145  1343     9051.6528    87     9695.2807     8737.0913  1071910    9.88%
   2173  1364     9110.8557    83     9695.2807     8741.5408  1089405    9.84%
   2179  1371     9221.1217   184     9695.2807     8741.5408  1102145    9.84%
   2193  1367     8942.7905   124     9695.2807     8741.5408  1086327    9.84%
   2206  1372     8828.9258   116     9695.2807     8742.4638  1099324    9.83%
   2216  1382     8969.0646   108     9695.2807     8742.4638  1113156    9.83%
   2223  1403     8963.3411   100     9695.2807     8742.4638  1135886    9.83%
Elapsed time = 259.91 sec. (105047.87 ticks, tree = 7.90 MB, solutions = 15)
   2232  1405     9063.3857    77     9695.2807     8742.4638  1140082    9.83%
   2241  1415     9209.8474   178     9695.2807     8742.4638  1157550    9.83%
   2254  1434     9535.2034    36     9695.2807     8742.4638  1185470    9.83%
   2276  1442     9520.9759    37     9695.2807     8742.4638  1195760    9.83%
   2293  1453     8854.2452   127     9695.2807     8742.4638  1218651    9.83%
   2335  1468     9653.7471    14     9695.2807     8742.4638  1203272    9.83%
   2354  1451     9302.6857   181     9695.2807     8746.4998  1215969    9.79%
   2356  1480     9069.8017   182     9695.2807     8746.4998  1238268    9.79%
   2358  1455     8887.9153   105     9695.2807     8746.4998  1221123    9.79%
